[2026-03-30T18:22:59.827+0000] {logging_mixin.py:151} INFO - Changing /opt/***/logs/dag_id=etl_empenhos_v4/run_id=scheduled__2026-03-29T00:00:00+00:00/task_id=check_file_changes permission to 509
[2026-03-30T18:22:59.828+0000] {logging_mixin.py:151} INFO - Failed to change /opt/***/logs/dag_id=etl_empenhos_v4/run_id=scheduled__2026-03-29T00:00:00+00:00/task_id=check_file_changes permission to 509: [Errno 1] Operation not permitted: '/opt/***/logs/dag_id=etl_empenhos_v4/run_id=scheduled__2026-03-29T00:00:00+00:00/task_id=check_file_changes'
[2026-03-30T18:22:59.851+0000] {logging_mixin.py:151} INFO - Changing /opt/***/logs/dag_id=etl_empenhos_v4/run_id=scheduled__2026-03-29T00:00:00+00:00/task_id=check_file_changes permission to 509
[2026-03-30T18:22:59.852+0000] {logging_mixin.py:151} INFO - Failed to change /opt/***/logs/dag_id=etl_empenhos_v4/run_id=scheduled__2026-03-29T00:00:00+00:00/task_id=check_file_changes permission to 509: [Errno 1] Operation not permitted: '/opt/***/logs/dag_id=etl_empenhos_v4/run_id=scheduled__2026-03-29T00:00:00+00:00/task_id=check_file_changes'
[2026-03-30T18:22:59.995+0000] {taskinstance.py:1157} INFO - Dependencies all met for dep_context=non-requeueable deps ti=<TaskInstance: etl_empenhos_v4.check_file_changes scheduled__2026-03-29T00:00:00+00:00 [queued]>
[2026-03-30T18:23:00.002+0000] {taskinstance.py:1157} INFO - Dependencies all met for dep_context=requeueable deps ti=<TaskInstance: etl_empenhos_v4.check_file_changes scheduled__2026-03-29T00:00:00+00:00 [queued]>
[2026-03-30T18:23:00.002+0000] {taskinstance.py:1359} INFO - Starting attempt 1 of 1
[2026-03-30T18:23:00.013+0000] {taskinstance.py:1380} INFO - Executing <Task(ShortCircuitOperator): check_file_changes> on 2026-03-29 00:00:00+00:00
[2026-03-30T18:23:00.020+0000] {standard_task_runner.py:57} INFO - Started process 1389 to run task
[2026-03-30T18:23:00.023+0000] {standard_task_runner.py:84} INFO - Running: ['***', 'tasks', 'run', 'etl_empenhos_v4', 'check_file_changes', 'scheduled__2026-03-29T00:00:00+00:00', '--job-id', '18', '--raw', '--subdir', 'DAGS_FOLDER/popula_banco.py', '--cfg-path', '/tmp/tmp1bbyk42m']
[2026-03-30T18:23:00.026+0000] {standard_task_runner.py:85} INFO - Job 18: Subtask check_file_changes
[2026-03-30T18:23:00.082+0000] {logging_mixin.py:151} INFO - Changing /opt/***/logs/dag_id=etl_empenhos_v4/run_id=scheduled__2026-03-29T00:00:00+00:00/task_id=check_file_changes permission to 509
[2026-03-30T18:23:00.083+0000] {logging_mixin.py:151} INFO - Failed to change /opt/***/logs/dag_id=etl_empenhos_v4/run_id=scheduled__2026-03-29T00:00:00+00:00/task_id=check_file_changes permission to 509: [Errno 1] Operation not permitted: '/opt/***/logs/dag_id=etl_empenhos_v4/run_id=scheduled__2026-03-29T00:00:00+00:00/task_id=check_file_changes'
[2026-03-30T18:23:00.084+0000] {task_command.py:415} INFO - Running <TaskInstance: etl_empenhos_v4.check_file_changes scheduled__2026-03-29T00:00:00+00:00 [running]> on host 7df089d6b2ce
[2026-03-30T18:23:00.158+0000] {taskinstance.py:1660} INFO - Exporting env vars: AIRFLOW_CTX_DAG_OWNER='***' AIRFLOW_CTX_DAG_ID='etl_empenhos_v4' AIRFLOW_CTX_TASK_ID='check_file_changes' AIRFLOW_CTX_EXECUTION_DATE='2026-03-29T00:00:00+00:00' AIRFLOW_CTX_TRY_NUMBER='1' AIRFLOW_CTX_DAG_RUN_ID='scheduled__2026-03-29T00:00:00+00:00'
[2026-03-30T18:23:00.160+0000] {logging_mixin.py:151} INFO - 🔎 Verificando mudanças...
[2026-03-30T18:23:00.490+0000] {logging_mixin.py:151} INFO - ⚠️ Mudança detectada!
[2026-03-30T18:23:00.512+0000] {python.py:194} INFO - Done. Returned value was: True
[2026-03-30T18:23:00.513+0000] {python.py:264} INFO - Condition result is True
[2026-03-30T18:23:00.513+0000] {python.py:267} INFO - Proceeding with downstream tasks...
[2026-03-30T18:23:00.533+0000] {taskinstance.py:1398} INFO - Marking task as SUCCESS. dag_id=etl_empenhos_v4, task_id=check_file_changes, execution_date=20260329T000000, start_date=20260330T182259, end_date=20260330T182300
[2026-03-30T18:23:00.557+0000] {local_task_job_runner.py:228} INFO - Task exited with return code 0
[2026-03-30T18:23:00.582+0000] {taskinstance.py:2776} INFO - 1 downstream tasks scheduled from follow-on schedule check
