[2026-03-30T18:23:01.740+0000] {logging_mixin.py:151} INFO - Changing /opt/***/logs/dag_id=etl_empenhos_v4/run_id=scheduled__2026-03-29T00:00:00+00:00/task_id=processar_json_para_postgres permission to 509
[2026-03-30T18:23:01.741+0000] {logging_mixin.py:151} INFO - Failed to change /opt/***/logs/dag_id=etl_empenhos_v4/run_id=scheduled__2026-03-29T00:00:00+00:00/task_id=processar_json_para_postgres permission to 509: [Errno 1] Operation not permitted: '/opt/***/logs/dag_id=etl_empenhos_v4/run_id=scheduled__2026-03-29T00:00:00+00:00/task_id=processar_json_para_postgres'
[2026-03-30T18:23:01.764+0000] {logging_mixin.py:151} INFO - Changing /opt/***/logs/dag_id=etl_empenhos_v4/run_id=scheduled__2026-03-29T00:00:00+00:00/task_id=processar_json_para_postgres permission to 509
[2026-03-30T18:23:01.765+0000] {logging_mixin.py:151} INFO - Failed to change /opt/***/logs/dag_id=etl_empenhos_v4/run_id=scheduled__2026-03-29T00:00:00+00:00/task_id=processar_json_para_postgres permission to 509: [Errno 1] Operation not permitted: '/opt/***/logs/dag_id=etl_empenhos_v4/run_id=scheduled__2026-03-29T00:00:00+00:00/task_id=processar_json_para_postgres'
[2026-03-30T18:23:01.911+0000] {taskinstance.py:1157} INFO - Dependencies all met for dep_context=non-requeueable deps ti=<TaskInstance: etl_empenhos_v4.processar_json_para_postgres scheduled__2026-03-29T00:00:00+00:00 [queued]>
[2026-03-30T18:23:01.918+0000] {taskinstance.py:1157} INFO - Dependencies all met for dep_context=requeueable deps ti=<TaskInstance: etl_empenhos_v4.processar_json_para_postgres scheduled__2026-03-29T00:00:00+00:00 [queued]>
[2026-03-30T18:23:01.918+0000] {taskinstance.py:1359} INFO - Starting attempt 1 of 1
[2026-03-30T18:23:01.929+0000] {taskinstance.py:1380} INFO - Executing <Task(PythonOperator): processar_json_para_postgres> on 2026-03-29 00:00:00+00:00
[2026-03-30T18:23:01.935+0000] {standard_task_runner.py:57} INFO - Started process 1392 to run task
[2026-03-30T18:23:01.937+0000] {standard_task_runner.py:84} INFO - Running: ['***', 'tasks', 'run', 'etl_empenhos_v4', 'processar_json_para_postgres', 'scheduled__2026-03-29T00:00:00+00:00', '--job-id', '19', '--raw', '--subdir', 'DAGS_FOLDER/popula_banco.py', '--cfg-path', '/tmp/tmpy9eesxfh']
[2026-03-30T18:23:01.939+0000] {standard_task_runner.py:85} INFO - Job 19: Subtask processar_json_para_postgres
[2026-03-30T18:23:01.980+0000] {logging_mixin.py:151} INFO - Changing /opt/***/logs/dag_id=etl_empenhos_v4/run_id=scheduled__2026-03-29T00:00:00+00:00/task_id=processar_json_para_postgres permission to 509
[2026-03-30T18:23:01.980+0000] {logging_mixin.py:151} INFO - Failed to change /opt/***/logs/dag_id=etl_empenhos_v4/run_id=scheduled__2026-03-29T00:00:00+00:00/task_id=processar_json_para_postgres permission to 509: [Errno 1] Operation not permitted: '/opt/***/logs/dag_id=etl_empenhos_v4/run_id=scheduled__2026-03-29T00:00:00+00:00/task_id=processar_json_para_postgres'
[2026-03-30T18:23:01.981+0000] {task_command.py:415} INFO - Running <TaskInstance: etl_empenhos_v4.processar_json_para_postgres scheduled__2026-03-29T00:00:00+00:00 [running]> on host 7df089d6b2ce
[2026-03-30T18:23:02.048+0000] {taskinstance.py:1660} INFO - Exporting env vars: AIRFLOW_CTX_DAG_OWNER='***' AIRFLOW_CTX_DAG_ID='etl_empenhos_v4' AIRFLOW_CTX_TASK_ID='processar_json_para_postgres' AIRFLOW_CTX_EXECUTION_DATE='2026-03-29T00:00:00+00:00' AIRFLOW_CTX_TRY_NUMBER='1' AIRFLOW_CTX_DAG_RUN_ID='scheduled__2026-03-29T00:00:00+00:00'
[2026-03-30T18:23:02.050+0000] {logging_mixin.py:151} INFO - 🚀 Iniciando ETL (modo produção)...
[2026-03-30T18:23:02.063+0000] {base.py:73} INFO - Using connection ID 'postgres_transparencia' for task execution.
[2026-03-30T18:23:02.065+0000] {logging_mixin.py:151} INFO - 📂 Processando: /opt/***/data/raw_empenhos_01-01-2023_30-03-2023.json
[2026-03-30T18:23:02.405+0000] {logging_mixin.py:151} INFO - 🧹 Limpando staging...
[2026-03-30T18:23:02.415+0000] {logging_mixin.py:151} INFO - 📥 Inserindo staging...
[2026-03-30T18:23:06.193+0000] {logging_mixin.py:151} INFO - 🔄 Fazendo merge (upsert)...
[2026-03-30T18:23:06.502+0000] {logging_mixin.py:151} INFO - ✅ Linhas afetadas: 16436
[2026-03-30T18:23:06.509+0000] {python.py:194} INFO - Done. Returned value was: None
[2026-03-30T18:23:06.520+0000] {taskinstance.py:1398} INFO - Marking task as SUCCESS. dag_id=etl_empenhos_v4, task_id=processar_json_para_postgres, execution_date=20260329T000000, start_date=20260330T182301, end_date=20260330T182306
[2026-03-30T18:23:06.561+0000] {local_task_job_runner.py:228} INFO - Task exited with return code 0
[2026-03-30T18:23:06.582+0000] {taskinstance.py:2776} INFO - 1 downstream tasks scheduled from follow-on schedule check
