[2026-03-30T18:15:41.597+0000] {logging_mixin.py:151} INFO - Changing /opt/***/logs/dag_id=etl_empenhos_macapa_v2/run_id=manual__2026-03-30T18:15:40.199222+00:00/task_id=check_file_changes permission to 509
[2026-03-30T18:15:41.598+0000] {logging_mixin.py:151} INFO - Failed to change /opt/***/logs/dag_id=etl_empenhos_macapa_v2/run_id=manual__2026-03-30T18:15:40.199222+00:00/task_id=check_file_changes permission to 509: [Errno 1] Operation not permitted: '/opt/***/logs/dag_id=etl_empenhos_macapa_v2/run_id=manual__2026-03-30T18:15:40.199222+00:00/task_id=check_file_changes'
[2026-03-30T18:15:41.631+0000] {logging_mixin.py:151} INFO - Changing /opt/***/logs/dag_id=etl_empenhos_macapa_v2/run_id=manual__2026-03-30T18:15:40.199222+00:00/task_id=check_file_changes permission to 509
[2026-03-30T18:15:41.632+0000] {logging_mixin.py:151} INFO - Failed to change /opt/***/logs/dag_id=etl_empenhos_macapa_v2/run_id=manual__2026-03-30T18:15:40.199222+00:00/task_id=check_file_changes permission to 509: [Errno 1] Operation not permitted: '/opt/***/logs/dag_id=etl_empenhos_macapa_v2/run_id=manual__2026-03-30T18:15:40.199222+00:00/task_id=check_file_changes'
[2026-03-30T18:15:41.799+0000] {taskinstance.py:1157} INFO - Dependencies all met for dep_context=non-requeueable deps ti=<TaskInstance: etl_empenhos_macapa_v2.check_file_changes manual__2026-03-30T18:15:40.199222+00:00 [queued]>
[2026-03-30T18:15:41.804+0000] {taskinstance.py:1157} INFO - Dependencies all met for dep_context=requeueable deps ti=<TaskInstance: etl_empenhos_macapa_v2.check_file_changes manual__2026-03-30T18:15:40.199222+00:00 [queued]>
[2026-03-30T18:15:41.805+0000] {taskinstance.py:1359} INFO - Starting attempt 1 of 1
[2026-03-30T18:15:41.815+0000] {taskinstance.py:1380} INFO - Executing <Task(ShortCircuitOperator): check_file_changes> on 2026-03-30 18:15:40.199222+00:00
[2026-03-30T18:15:41.821+0000] {standard_task_runner.py:57} INFO - Started process 1186 to run task
[2026-03-30T18:15:41.825+0000] {standard_task_runner.py:84} INFO - Running: ['***', 'tasks', 'run', 'etl_empenhos_macapa_v2', 'check_file_changes', 'manual__2026-03-30T18:15:40.199222+00:00', '--job-id', '14', '--raw', '--subdir', 'DAGS_FOLDER/popula_banco.py', '--cfg-path', '/tmp/tmp4r9lw7m6']
[2026-03-30T18:15:41.828+0000] {standard_task_runner.py:85} INFO - Job 14: Subtask check_file_changes
[2026-03-30T18:15:41.882+0000] {logging_mixin.py:151} INFO - Changing /opt/***/logs/dag_id=etl_empenhos_macapa_v2/run_id=manual__2026-03-30T18:15:40.199222+00:00/task_id=check_file_changes permission to 509
[2026-03-30T18:15:41.882+0000] {logging_mixin.py:151} INFO - Failed to change /opt/***/logs/dag_id=etl_empenhos_macapa_v2/run_id=manual__2026-03-30T18:15:40.199222+00:00/task_id=check_file_changes permission to 509: [Errno 1] Operation not permitted: '/opt/***/logs/dag_id=etl_empenhos_macapa_v2/run_id=manual__2026-03-30T18:15:40.199222+00:00/task_id=check_file_changes'
[2026-03-30T18:15:41.884+0000] {task_command.py:415} INFO - Running <TaskInstance: etl_empenhos_macapa_v2.check_file_changes manual__2026-03-30T18:15:40.199222+00:00 [running]> on host 7df089d6b2ce
[2026-03-30T18:15:41.967+0000] {taskinstance.py:1660} INFO - Exporting env vars: AIRFLOW_CTX_DAG_OWNER='***' AIRFLOW_CTX_DAG_ID='etl_empenhos_macapa_v2' AIRFLOW_CTX_TASK_ID='check_file_changes' AIRFLOW_CTX_EXECUTION_DATE='2026-03-30T18:15:40.199222+00:00' AIRFLOW_CTX_TRY_NUMBER='1' AIRFLOW_CTX_DAG_RUN_ID='manual__2026-03-30T18:15:40.199222+00:00'
[2026-03-30T18:15:41.969+0000] {logging_mixin.py:151} INFO - 🔎 Verificando mudanças no arquivo...
[2026-03-30T18:15:42.593+0000] {logging_mixin.py:151} INFO - ⚠️ Mudança detectada! Seguindo para o processamento.
[2026-03-30T18:15:42.615+0000] {python.py:194} INFO - Done. Returned value was: True
[2026-03-30T18:15:42.618+0000] {python.py:264} INFO - Condition result is True
[2026-03-30T18:15:42.618+0000] {python.py:267} INFO - Proceeding with downstream tasks...
[2026-03-30T18:15:42.641+0000] {taskinstance.py:1398} INFO - Marking task as SUCCESS. dag_id=etl_empenhos_macapa_v2, task_id=check_file_changes, execution_date=20260330T181540, start_date=20260330T181541, end_date=20260330T181542
[2026-03-30T18:15:42.680+0000] {local_task_job_runner.py:228} INFO - Task exited with return code 0
[2026-03-30T18:15:42.710+0000] {taskinstance.py:2776} INFO - 1 downstream tasks scheduled from follow-on schedule check
