[2026-03-30T18:01:37.633+0000] {logging_mixin.py:151} INFO - Changing /opt/***/logs/dag_id=etl_empenhos/run_id=manual__2026-03-30T18:01:36.167007+00:00/task_id=check_file_changes permission to 509
[2026-03-30T18:01:37.633+0000] {logging_mixin.py:151} INFO - Failed to change /opt/***/logs/dag_id=etl_empenhos/run_id=manual__2026-03-30T18:01:36.167007+00:00/task_id=check_file_changes permission to 509: [Errno 1] Operation not permitted: '/opt/***/logs/dag_id=etl_empenhos/run_id=manual__2026-03-30T18:01:36.167007+00:00/task_id=check_file_changes'
[2026-03-30T18:01:37.668+0000] {logging_mixin.py:151} INFO - Changing /opt/***/logs/dag_id=etl_empenhos/run_id=manual__2026-03-30T18:01:36.167007+00:00/task_id=check_file_changes permission to 509
[2026-03-30T18:01:37.668+0000] {logging_mixin.py:151} INFO - Failed to change /opt/***/logs/dag_id=etl_empenhos/run_id=manual__2026-03-30T18:01:36.167007+00:00/task_id=check_file_changes permission to 509: [Errno 1] Operation not permitted: '/opt/***/logs/dag_id=etl_empenhos/run_id=manual__2026-03-30T18:01:36.167007+00:00/task_id=check_file_changes'
[2026-03-30T18:01:37.812+0000] {taskinstance.py:1157} INFO - Dependencies all met for dep_context=non-requeueable deps ti=<TaskInstance: etl_empenhos.check_file_changes manual__2026-03-30T18:01:36.167007+00:00 [queued]>
[2026-03-30T18:01:37.818+0000] {taskinstance.py:1157} INFO - Dependencies all met for dep_context=requeueable deps ti=<TaskInstance: etl_empenhos.check_file_changes manual__2026-03-30T18:01:36.167007+00:00 [queued]>
[2026-03-30T18:01:37.819+0000] {taskinstance.py:1359} INFO - Starting attempt 1 of 1
[2026-03-30T18:01:37.830+0000] {taskinstance.py:1380} INFO - Executing <Task(ShortCircuitOperator): check_file_changes> on 2026-03-30 18:01:36.167007+00:00
[2026-03-30T18:01:37.836+0000] {standard_task_runner.py:57} INFO - Started process 836 to run task
[2026-03-30T18:01:37.839+0000] {standard_task_runner.py:84} INFO - Running: ['***', 'tasks', 'run', 'etl_empenhos', 'check_file_changes', 'manual__2026-03-30T18:01:36.167007+00:00', '--job-id', '8', '--raw', '--subdir', 'DAGS_FOLDER/popula_banco.py', '--cfg-path', '/tmp/tmpxw__y5ua']
[2026-03-30T18:01:37.841+0000] {standard_task_runner.py:85} INFO - Job 8: Subtask check_file_changes
[2026-03-30T18:01:37.886+0000] {logging_mixin.py:151} INFO - Changing /opt/***/logs/dag_id=etl_empenhos/run_id=manual__2026-03-30T18:01:36.167007+00:00/task_id=check_file_changes permission to 509
[2026-03-30T18:01:37.886+0000] {logging_mixin.py:151} INFO - Failed to change /opt/***/logs/dag_id=etl_empenhos/run_id=manual__2026-03-30T18:01:36.167007+00:00/task_id=check_file_changes permission to 509: [Errno 1] Operation not permitted: '/opt/***/logs/dag_id=etl_empenhos/run_id=manual__2026-03-30T18:01:36.167007+00:00/task_id=check_file_changes'
[2026-03-30T18:01:37.888+0000] {task_command.py:415} INFO - Running <TaskInstance: etl_empenhos.check_file_changes manual__2026-03-30T18:01:36.167007+00:00 [running]> on host 7df089d6b2ce
[2026-03-30T18:01:37.963+0000] {taskinstance.py:1660} INFO - Exporting env vars: AIRFLOW_CTX_DAG_OWNER='***' AIRFLOW_CTX_DAG_ID='etl_empenhos' AIRFLOW_CTX_TASK_ID='check_file_changes' AIRFLOW_CTX_EXECUTION_DATE='2026-03-30T18:01:36.167007+00:00' AIRFLOW_CTX_TRY_NUMBER='1' AIRFLOW_CTX_DAG_RUN_ID='manual__2026-03-30T18:01:36.167007+00:00'
[2026-03-30T18:01:37.964+0000] {logging_mixin.py:151} INFO - 🔎 Verificando mudanças...
[2026-03-30T18:01:38.264+0000] {logging_mixin.py:151} INFO - 🔐 Checksum atual: b54acac1816b38bfc68178c1d3d6f635
[2026-03-30T18:01:38.273+0000] {logging_mixin.py:151} INFO - 📌 Anterior: None
[2026-03-30T18:01:38.273+0000] {logging_mixin.py:151} INFO - 📌 Atual: b54acac1816b38bfc68178c1d3d6f635
[2026-03-30T18:01:38.274+0000] {logging_mixin.py:151} INFO - ⚠️ Mudança detectada!
[2026-03-30T18:01:38.287+0000] {python.py:194} INFO - Done. Returned value was: True
[2026-03-30T18:01:38.288+0000] {python.py:264} INFO - Condition result is True
[2026-03-30T18:01:38.288+0000] {python.py:267} INFO - Proceeding with downstream tasks...
[2026-03-30T18:01:38.307+0000] {taskinstance.py:1398} INFO - Marking task as SUCCESS. dag_id=etl_empenhos, task_id=check_file_changes, execution_date=20260330T180136, start_date=20260330T180137, end_date=20260330T180138
[2026-03-30T18:01:38.337+0000] {local_task_job_runner.py:228} INFO - Task exited with return code 0
[2026-03-30T18:01:38.362+0000] {taskinstance.py:2776} INFO - 1 downstream tasks scheduled from follow-on schedule check
