[2026-03-30T17:56:44.090+0000] {logging_mixin.py:151} INFO - Changing /opt/***/logs/dag_id=etl_empenhos/run_id=scheduled__2026-03-29T00:00:00+00:00/task_id=check_file_changes permission to 509
[2026-03-30T17:56:44.090+0000] {logging_mixin.py:151} INFO - Failed to change /opt/***/logs/dag_id=etl_empenhos/run_id=scheduled__2026-03-29T00:00:00+00:00/task_id=check_file_changes permission to 509: [Errno 1] Operation not permitted: '/opt/***/logs/dag_id=etl_empenhos/run_id=scheduled__2026-03-29T00:00:00+00:00/task_id=check_file_changes'
[2026-03-30T17:56:44.126+0000] {logging_mixin.py:151} INFO - Changing /opt/***/logs/dag_id=etl_empenhos/run_id=scheduled__2026-03-29T00:00:00+00:00/task_id=check_file_changes permission to 509
[2026-03-30T17:56:44.127+0000] {logging_mixin.py:151} INFO - Failed to change /opt/***/logs/dag_id=etl_empenhos/run_id=scheduled__2026-03-29T00:00:00+00:00/task_id=check_file_changes permission to 509: [Errno 1] Operation not permitted: '/opt/***/logs/dag_id=etl_empenhos/run_id=scheduled__2026-03-29T00:00:00+00:00/task_id=check_file_changes'
[2026-03-30T17:56:44.271+0000] {taskinstance.py:1157} INFO - Dependencies all met for dep_context=non-requeueable deps ti=<TaskInstance: etl_empenhos.check_file_changes scheduled__2026-03-29T00:00:00+00:00 [queued]>
[2026-03-30T17:56:44.278+0000] {taskinstance.py:1157} INFO - Dependencies all met for dep_context=requeueable deps ti=<TaskInstance: etl_empenhos.check_file_changes scheduled__2026-03-29T00:00:00+00:00 [queued]>
[2026-03-30T17:56:44.279+0000] {taskinstance.py:1359} INFO - Starting attempt 1 of 1
[2026-03-30T17:56:44.297+0000] {taskinstance.py:1380} INFO - Executing <Task(ShortCircuitOperator): check_file_changes> on 2026-03-29 00:00:00+00:00
[2026-03-30T17:56:44.304+0000] {standard_task_runner.py:57} INFO - Started process 717 to run task
[2026-03-30T17:56:44.306+0000] {standard_task_runner.py:84} INFO - Running: ['***', 'tasks', 'run', 'etl_empenhos', 'check_file_changes', 'scheduled__2026-03-29T00:00:00+00:00', '--job-id', '5', '--raw', '--subdir', 'DAGS_FOLDER/popula_banco.py', '--cfg-path', '/tmp/tmp1oknbhj8']
[2026-03-30T17:56:44.309+0000] {standard_task_runner.py:85} INFO - Job 5: Subtask check_file_changes
[2026-03-30T17:56:44.364+0000] {logging_mixin.py:151} INFO - Changing /opt/***/logs/dag_id=etl_empenhos/run_id=scheduled__2026-03-29T00:00:00+00:00/task_id=check_file_changes permission to 509
[2026-03-30T17:56:44.364+0000] {logging_mixin.py:151} INFO - Failed to change /opt/***/logs/dag_id=etl_empenhos/run_id=scheduled__2026-03-29T00:00:00+00:00/task_id=check_file_changes permission to 509: [Errno 1] Operation not permitted: '/opt/***/logs/dag_id=etl_empenhos/run_id=scheduled__2026-03-29T00:00:00+00:00/task_id=check_file_changes'
[2026-03-30T17:56:44.365+0000] {task_command.py:415} INFO - Running <TaskInstance: etl_empenhos.check_file_changes scheduled__2026-03-29T00:00:00+00:00 [running]> on host 7df089d6b2ce
[2026-03-30T17:56:44.467+0000] {taskinstance.py:1660} INFO - Exporting env vars: AIRFLOW_CTX_DAG_OWNER='***' AIRFLOW_CTX_DAG_ID='etl_empenhos' AIRFLOW_CTX_TASK_ID='check_file_changes' AIRFLOW_CTX_EXECUTION_DATE='2026-03-29T00:00:00+00:00' AIRFLOW_CTX_TRY_NUMBER='1' AIRFLOW_CTX_DAG_RUN_ID='scheduled__2026-03-29T00:00:00+00:00'
[2026-03-30T17:56:44.469+0000] {logging_mixin.py:151} INFO - 🔎 Verificando mudanças no arquivo...
[2026-03-30T17:56:44.470+0000] {logging_mixin.py:151} INFO - ⚠️ Arquivo não existe para cálculo de checksum.
[2026-03-30T17:56:44.470+0000] {python.py:194} INFO - Done. Returned value was: False
[2026-03-30T17:56:44.471+0000] {python.py:264} INFO - Condition result is False
[2026-03-30T17:56:44.471+0000] {python.py:291} INFO - Skipping downstream tasks
[2026-03-30T17:56:44.507+0000] {python.py:299} INFO - Done.
[2026-03-30T17:56:44.528+0000] {taskinstance.py:1398} INFO - Marking task as SUCCESS. dag_id=etl_empenhos, task_id=check_file_changes, execution_date=20260329T000000, start_date=20260330T175644, end_date=20260330T175644
[2026-03-30T17:56:44.559+0000] {local_task_job_runner.py:228} INFO - Task exited with return code 0
[2026-03-30T17:56:44.577+0000] {taskinstance.py:2776} INFO - 0 downstream tasks scheduled from follow-on schedule check
