[2026-03-30T18:23:08.005+0000] {logging_mixin.py:151} INFO - Changing /opt/***/logs/dag_id=etl_empenhos_v4/run_id=scheduled__2026-03-29T00:00:00+00:00/task_id=update_checksum_state permission to 509
[2026-03-30T18:23:08.005+0000] {logging_mixin.py:151} INFO - Failed to change /opt/***/logs/dag_id=etl_empenhos_v4/run_id=scheduled__2026-03-29T00:00:00+00:00/task_id=update_checksum_state permission to 509: [Errno 1] Operation not permitted: '/opt/***/logs/dag_id=etl_empenhos_v4/run_id=scheduled__2026-03-29T00:00:00+00:00/task_id=update_checksum_state'
[2026-03-30T18:23:08.034+0000] {logging_mixin.py:151} INFO - Changing /opt/***/logs/dag_id=etl_empenhos_v4/run_id=scheduled__2026-03-29T00:00:00+00:00/task_id=update_checksum_state permission to 509
[2026-03-30T18:23:08.035+0000] {logging_mixin.py:151} INFO - Failed to change /opt/***/logs/dag_id=etl_empenhos_v4/run_id=scheduled__2026-03-29T00:00:00+00:00/task_id=update_checksum_state permission to 509: [Errno 1] Operation not permitted: '/opt/***/logs/dag_id=etl_empenhos_v4/run_id=scheduled__2026-03-29T00:00:00+00:00/task_id=update_checksum_state'
[2026-03-30T18:23:08.192+0000] {taskinstance.py:1157} INFO - Dependencies all met for dep_context=non-requeueable deps ti=<TaskInstance: etl_empenhos_v4.update_checksum_state scheduled__2026-03-29T00:00:00+00:00 [queued]>
[2026-03-30T18:23:08.200+0000] {taskinstance.py:1157} INFO - Dependencies all met for dep_context=requeueable deps ti=<TaskInstance: etl_empenhos_v4.update_checksum_state scheduled__2026-03-29T00:00:00+00:00 [queued]>
[2026-03-30T18:23:08.201+0000] {taskinstance.py:1359} INFO - Starting attempt 1 of 1
[2026-03-30T18:23:08.214+0000] {taskinstance.py:1380} INFO - Executing <Task(PythonOperator): update_checksum_state> on 2026-03-29 00:00:00+00:00
[2026-03-30T18:23:08.221+0000] {standard_task_runner.py:57} INFO - Started process 1395 to run task
[2026-03-30T18:23:08.223+0000] {standard_task_runner.py:84} INFO - Running: ['***', 'tasks', 'run', 'etl_empenhos_v4', 'update_checksum_state', 'scheduled__2026-03-29T00:00:00+00:00', '--job-id', '20', '--raw', '--subdir', 'DAGS_FOLDER/popula_banco.py', '--cfg-path', '/tmp/tmpikyzb67p']
[2026-03-30T18:23:08.225+0000] {standard_task_runner.py:85} INFO - Job 20: Subtask update_checksum_state
[2026-03-30T18:23:08.273+0000] {logging_mixin.py:151} INFO - Changing /opt/***/logs/dag_id=etl_empenhos_v4/run_id=scheduled__2026-03-29T00:00:00+00:00/task_id=update_checksum_state permission to 509
[2026-03-30T18:23:08.274+0000] {logging_mixin.py:151} INFO - Failed to change /opt/***/logs/dag_id=etl_empenhos_v4/run_id=scheduled__2026-03-29T00:00:00+00:00/task_id=update_checksum_state permission to 509: [Errno 1] Operation not permitted: '/opt/***/logs/dag_id=etl_empenhos_v4/run_id=scheduled__2026-03-29T00:00:00+00:00/task_id=update_checksum_state'
[2026-03-30T18:23:08.275+0000] {task_command.py:415} INFO - Running <TaskInstance: etl_empenhos_v4.update_checksum_state scheduled__2026-03-29T00:00:00+00:00 [running]> on host 7df089d6b2ce
[2026-03-30T18:23:08.351+0000] {taskinstance.py:1660} INFO - Exporting env vars: AIRFLOW_CTX_DAG_OWNER='***' AIRFLOW_CTX_DAG_ID='etl_empenhos_v4' AIRFLOW_CTX_TASK_ID='update_checksum_state' AIRFLOW_CTX_EXECUTION_DATE='2026-03-29T00:00:00+00:00' AIRFLOW_CTX_TRY_NUMBER='1' AIRFLOW_CTX_DAG_RUN_ID='scheduled__2026-03-29T00:00:00+00:00'
[2026-03-30T18:23:08.364+0000] {logging_mixin.py:151} INFO - 💾 Salvando checksum: b54acac1816b38bfc68178c1d3d6f635
[2026-03-30T18:23:08.382+0000] {python.py:194} INFO - Done. Returned value was: None
[2026-03-30T18:23:08.392+0000] {taskinstance.py:1398} INFO - Marking task as SUCCESS. dag_id=etl_empenhos_v4, task_id=update_checksum_state, execution_date=20260329T000000, start_date=20260330T182308, end_date=20260330T182308
[2026-03-30T18:23:08.435+0000] {local_task_job_runner.py:228} INFO - Task exited with return code 0
[2026-03-30T18:23:08.452+0000] {taskinstance.py:2776} INFO - 0 downstream tasks scheduled from follow-on schedule check
