[2026-03-30T17:15:54.649+0000] {manager.py:487} INFO - Processing files using up to 2 processes at a time 
[2026-03-30T17:15:54.650+0000] {manager.py:488} INFO - Process each file at most once every 30 seconds
[2026-03-30T17:15:54.651+0000] {manager.py:489} INFO - Checking for new files in /opt/airflow/dags every 300 seconds
[2026-03-30T17:15:54.651+0000] {manager.py:759} INFO - Searching for files in /opt/airflow/dags
[2026-03-30T17:15:54.678+0000] {manager.py:762} INFO - There are 2 files in /opt/airflow/dags
[2026-03-30T17:15:54.810+0000] {manager.py:893} INFO - 
================================================================================
DAG File Processing Stats

File Path                                 PID  Runtime      # DAGs    # Errors  Last Runtime    Last Run
--------------------------------------  -----  ---------  --------  ----------  --------------  -------------------
/opt/airflow/dags/dag_transparencia.py    173  0.03s             0           0
/opt/airflow/dags/rasper_json_dag.py                             0           1  0.07s           2026-03-30T17:15:54
================================================================================
[2026-03-30T17:16:25.027+0000] {manager.py:893} INFO - 
================================================================================
DAG File Processing Stats

File Path                                 PID  Runtime      # DAGs    # Errors  Last Runtime    Last Run
--------------------------------------  -----  ---------  --------  ----------  --------------  -------------------
/opt/airflow/dags/rasper_json_dag.py      179  0.01s             0           1  0.07s           2026-03-30T17:15:54
/opt/airflow/dags/dag_transparencia.py                           1           0  1.72s           2026-03-30T17:15:56
================================================================================
[2026-03-30T17:16:55.306+0000] {manager.py:893} INFO - 
================================================================================
DAG File Processing Stats

File Path                                 PID  Runtime      # DAGs    # Errors  Last Runtime    Last Run
--------------------------------------  -----  ---------  --------  ----------  --------------  -------------------
/opt/airflow/dags/rasper_json_dag.py      190  0.00s             0           1  0.07s           2026-03-30T17:16:25
/opt/airflow/dags/dag_transparencia.py                           1           0  0.50s           2026-03-30T17:16:27
================================================================================
[2026-03-30T17:17:25.698+0000] {manager.py:893} INFO - 
================================================================================
DAG File Processing Stats

File Path                                 PID  Runtime      # DAGs    # Errors  Last Runtime    Last Run
--------------------------------------  -----  ---------  --------  ----------  --------------  -------------------
/opt/airflow/dags/rasper_json_dag.py      201  0.01s             0           1  0.06s           2026-03-30T17:16:55
/opt/airflow/dags/dag_transparencia.py                           1           0  0.52s           2026-03-30T17:16:58
================================================================================
[2026-03-30T17:17:55.969+0000] {manager.py:893} INFO - 
================================================================================
DAG File Processing Stats

File Path                                 PID  Runtime      # DAGs    # Errors  Last Runtime    Last Run
--------------------------------------  -----  ---------  --------  ----------  --------------  -------------------
/opt/airflow/dags/rasper_json_dag.py      212  0.00s             0           1  0.06s           2026-03-30T17:17:25
/opt/airflow/dags/dag_transparencia.py                           1           0  0.43s           2026-03-30T17:17:30
================================================================================
[2026-03-30T17:18:26.237+0000] {manager.py:893} INFO - 
================================================================================
DAG File Processing Stats

File Path                                 PID  Runtime      # DAGs    # Errors  Last Runtime    Last Run
--------------------------------------  -----  ---------  --------  ----------  --------------  -------------------
/opt/airflow/dags/rasper_json_dag.py      223  0.01s             0           1  0.05s           2026-03-30T17:17:56
/opt/airflow/dags/dag_transparencia.py                           1           0  0.36s           2026-03-30T17:18:01
================================================================================
[2026-03-30T17:18:56.645+0000] {manager.py:893} INFO - 
================================================================================
DAG File Processing Stats

File Path                                 PID  Runtime      # DAGs    # Errors  Last Runtime    Last Run
--------------------------------------  -----  ---------  --------  ----------  --------------  -------------------
/opt/airflow/dags/rasper_json_dag.py      234  0.01s             0           1  0.07s           2026-03-30T17:18:26
/opt/airflow/dags/dag_transparencia.py                           1           0  0.39s           2026-03-30T17:18:32
================================================================================
[2026-03-30T17:19:26.934+0000] {manager.py:893} INFO - 
================================================================================
DAG File Processing Stats

File Path                                 PID  Runtime      # DAGs    # Errors  Last Runtime    Last Run
--------------------------------------  -----  ---------  --------  ----------  --------------  -------------------
/opt/airflow/dags/rasper_json_dag.py      245  0.01s             0           1  0.07s           2026-03-30T17:18:56
/opt/airflow/dags/dag_transparencia.py                           1           0  0.39s           2026-03-30T17:19:04
================================================================================
[2026-03-30T17:19:57.224+0000] {manager.py:893} INFO - 
================================================================================
DAG File Processing Stats

File Path                                 PID  Runtime      # DAGs    # Errors  Last Runtime    Last Run
--------------------------------------  -----  ---------  --------  ----------  --------------  -------------------
/opt/airflow/dags/rasper_json_dag.py      256  0.01s             0           1  0.06s           2026-03-30T17:19:26
/opt/airflow/dags/dag_transparencia.py                           1           0  0.35s           2026-03-30T17:19:35
================================================================================
[2026-03-30T17:20:27.520+0000] {manager.py:893} INFO - 
================================================================================
DAG File Processing Stats

File Path                                 PID  Runtime      # DAGs    # Errors  Last Runtime    Last Run
--------------------------------------  -----  ---------  --------  ----------  --------------  -------------------
/opt/airflow/dags/rasper_json_dag.py      331  0.00s             0           1  0.06s           2026-03-30T17:19:57
/opt/airflow/dags/dag_transparencia.py                           1           0  0.37s           2026-03-30T17:20:06
================================================================================
[2026-03-30T17:20:28.342+0000] {manager.py:469} INFO - Exiting gracefully upon receiving signal 15
[2026-03-30T17:20:46.180+0000] {manager.py:487} INFO - Processing files using up to 2 processes at a time 
[2026-03-30T17:20:46.181+0000] {manager.py:488} INFO - Process each file at most once every 30 seconds
[2026-03-30T17:20:46.182+0000] {manager.py:489} INFO - Checking for new files in /opt/airflow/dags every 300 seconds
[2026-03-30T17:20:46.182+0000] {manager.py:759} INFO - Searching for files in /opt/airflow/dags
[2026-03-30T17:20:46.207+0000] {manager.py:762} INFO - There are 2 files in /opt/airflow/dags
[2026-03-30T17:20:46.314+0000] {manager.py:893} INFO - 
================================================================================
DAG File Processing Stats

File Path                                 PID  Runtime      # DAGs    # Errors  Last Runtime    Last Run
--------------------------------------  -----  ---------  --------  ----------  --------------  ----------
/opt/airflow/dags/dag_transparencia.py    170  0.04s             0           0
/opt/airflow/dags/rasper_json_dag.py      167  0.07s             0           0
================================================================================
[2026-03-30T17:21:16.410+0000] {manager.py:893} INFO - 
================================================================================
DAG File Processing Stats

File Path                               PID    Runtime      # DAGs    # Errors  Last Runtime    Last Run
--------------------------------------  -----  ---------  --------  ----------  --------------  -------------------
/opt/airflow/dags/rasper_json_dag.py                             0           1  0.06s           2026-03-30T17:21:16
/opt/airflow/dags/dag_transparencia.py                           1           0  0.51s           2026-03-30T17:20:46
================================================================================
[2026-03-30T17:21:46.646+0000] {manager.py:893} INFO - 
================================================================================
DAG File Processing Stats

File Path                                 PID  Runtime      # DAGs    # Errors  Last Runtime    Last Run
--------------------------------------  -----  ---------  --------  ----------  --------------  -------------------
/opt/airflow/dags/rasper_json_dag.py      189  0.00s             0           1  0.06s           2026-03-30T17:21:16
/opt/airflow/dags/dag_transparencia.py                           1           0  0.49s           2026-03-30T17:21:17
================================================================================
[2026-03-30T17:22:16.946+0000] {manager.py:893} INFO - 
================================================================================
DAG File Processing Stats

File Path                                 PID  Runtime      # DAGs    # Errors  Last Runtime    Last Run
--------------------------------------  -----  ---------  --------  ----------  --------------  -------------------
/opt/airflow/dags/rasper_json_dag.py      200  0.00s             0           1  0.05s           2026-03-30T17:21:46
/opt/airflow/dags/dag_transparencia.py                           1           0  0.46s           2026-03-30T17:21:49
================================================================================
[2026-03-30T17:22:47.256+0000] {manager.py:893} INFO - 
================================================================================
DAG File Processing Stats

File Path                                 PID  Runtime      # DAGs    # Errors  Last Runtime    Last Run
--------------------------------------  -----  ---------  --------  ----------  --------------  -------------------
/opt/airflow/dags/rasper_json_dag.py      211  0.00s             0           1  0.06s           2026-03-30T17:22:17
/opt/airflow/dags/dag_transparencia.py                           1           0  0.49s           2026-03-30T17:22:20
================================================================================
[2026-03-30T17:23:17.534+0000] {manager.py:893} INFO - 
================================================================================
DAG File Processing Stats

File Path                                 PID  Runtime      # DAGs    # Errors  Last Runtime    Last Run
--------------------------------------  -----  ---------  --------  ----------  --------------  -------------------
/opt/airflow/dags/rasper_json_dag.py      222  0.00s             0           1  0.06s           2026-03-30T17:22:47
/opt/airflow/dags/dag_transparencia.py                           1           0  0.49s           2026-03-30T17:22:51
================================================================================
[2026-03-30T17:23:47.833+0000] {manager.py:893} INFO - 
================================================================================
DAG File Processing Stats

File Path                                 PID  Runtime      # DAGs    # Errors  Last Runtime    Last Run
--------------------------------------  -----  ---------  --------  ----------  --------------  -------------------
/opt/airflow/dags/rasper_json_dag.py      233  0.00s             0           1  0.06s           2026-03-30T17:23:17
/opt/airflow/dags/dag_transparencia.py                           1           0  0.50s           2026-03-30T17:23:23
================================================================================
[2026-03-30T17:24:18.145+0000] {manager.py:893} INFO - 
================================================================================
DAG File Processing Stats

File Path                                 PID  Runtime      # DAGs    # Errors  Last Runtime    Last Run
--------------------------------------  -----  ---------  --------  ----------  --------------  -------------------
/opt/airflow/dags/rasper_json_dag.py      244  0.00s             0           1  0.05s           2026-03-30T17:23:47
/opt/airflow/dags/dag_transparencia.py                           1           0  0.50s           2026-03-30T17:23:54
================================================================================
[2026-03-30T17:24:48.442+0000] {manager.py:893} INFO - 
================================================================================
DAG File Processing Stats

File Path                                 PID  Runtime      # DAGs    # Errors  Last Runtime    Last Run
--------------------------------------  -----  ---------  --------  ----------  --------------  -------------------
/opt/airflow/dags/rasper_json_dag.py      255  0.00s             0           1  0.06s           2026-03-30T17:24:18
/opt/airflow/dags/dag_transparencia.py                           1           0  0.47s           2026-03-30T17:24:25
================================================================================
[2026-03-30T17:25:18.747+0000] {manager.py:893} INFO - 
================================================================================
DAG File Processing Stats

File Path                                 PID  Runtime      # DAGs    # Errors  Last Runtime    Last Run
--------------------------------------  -----  ---------  --------  ----------  --------------  -------------------
/opt/airflow/dags/rasper_json_dag.py      266  0.00s             0           1  0.06s           2026-03-30T17:24:48
/opt/airflow/dags/dag_transparencia.py                           1           0  0.47s           2026-03-30T17:24:56
================================================================================
[2026-03-30T17:25:46.509+0000] {manager.py:759} INFO - Searching for files in /opt/airflow/dags
[2026-03-30T17:25:46.534+0000] {manager.py:762} INFO - There are 2 files in /opt/airflow/dags
[2026-03-30T17:25:49.153+0000] {manager.py:893} INFO - 
================================================================================
DAG File Processing Stats

File Path                                 PID  Runtime      # DAGs    # Errors  Last Runtime    Last Run
--------------------------------------  -----  ---------  --------  ----------  --------------  -------------------
/opt/airflow/dags/rasper_json_dag.py      277  0.01s             0           1  0.05s           2026-03-30T17:25:18
/opt/airflow/dags/dag_transparencia.py                           1           0  0.53s           2026-03-30T17:25:28
================================================================================
[2026-03-30T17:26:19.459+0000] {manager.py:893} INFO - 
================================================================================
DAG File Processing Stats

File Path                                 PID  Runtime      # DAGs    # Errors  Last Runtime    Last Run
--------------------------------------  -----  ---------  --------  ----------  --------------  -------------------
/opt/airflow/dags/rasper_json_dag.py      288  0.01s             0           1  0.06s           2026-03-30T17:25:49
/opt/airflow/dags/dag_transparencia.py                           1           0  0.40s           2026-03-30T17:25:59
================================================================================
[2026-03-30T17:26:49.765+0000] {manager.py:893} INFO - 
================================================================================
DAG File Processing Stats

File Path                                 PID  Runtime      # DAGs    # Errors  Last Runtime    Last Run
--------------------------------------  -----  ---------  --------  ----------  --------------  -------------------
/opt/airflow/dags/rasper_json_dag.py      299  0.00s             0           1  0.06s           2026-03-30T17:26:19
/opt/airflow/dags/dag_transparencia.py                           1           0  0.41s           2026-03-30T17:26:31
================================================================================
[2026-03-30T17:27:20.070+0000] {manager.py:893} INFO - 
================================================================================
DAG File Processing Stats

File Path                                 PID  Runtime      # DAGs    # Errors  Last Runtime    Last Run
--------------------------------------  -----  ---------  --------  ----------  --------------  -------------------
/opt/airflow/dags/rasper_json_dag.py      310  0.00s             0           1  0.06s           2026-03-30T17:26:49
/opt/airflow/dags/dag_transparencia.py                           1           0  0.34s           2026-03-30T17:27:02
================================================================================
[2026-03-30T17:27:50.379+0000] {manager.py:893} INFO - 
================================================================================
DAG File Processing Stats

File Path                                 PID  Runtime      # DAGs    # Errors  Last Runtime    Last Run
--------------------------------------  -----  ---------  --------  ----------  --------------  -------------------
/opt/airflow/dags/rasper_json_dag.py      321  0.00s             0           1  0.06s           2026-03-30T17:27:20
/opt/airflow/dags/dag_transparencia.py                           1           0  0.36s           2026-03-30T17:27:32
================================================================================
[2026-03-30T17:28:20.680+0000] {manager.py:893} INFO - 
================================================================================
DAG File Processing Stats

File Path                                 PID  Runtime      # DAGs    # Errors  Last Runtime    Last Run
--------------------------------------  -----  ---------  --------  ----------  --------------  -------------------
/opt/airflow/dags/rasper_json_dag.py      332  0.00s             0           1  0.06s           2026-03-30T17:27:50
/opt/airflow/dags/dag_transparencia.py                           1           0  0.39s           2026-03-30T17:28:03
================================================================================
[2026-03-30T17:28:50.976+0000] {manager.py:893} INFO - 
================================================================================
DAG File Processing Stats

File Path                                 PID  Runtime      # DAGs    # Errors  Last Runtime    Last Run
--------------------------------------  -----  ---------  --------  ----------  --------------  -------------------
/opt/airflow/dags/rasper_json_dag.py      343  0.00s             0           1  0.06s           2026-03-30T17:28:20
/opt/airflow/dags/dag_transparencia.py                           1           0  0.39s           2026-03-30T17:28:35
================================================================================
[2026-03-30T17:29:10.464+0000] {manager.py:469} INFO - Exiting gracefully upon receiving signal 15
[2026-03-30T17:34:39.099+0000] {manager.py:487} INFO - Processing files using up to 2 processes at a time 
[2026-03-30T17:34:39.099+0000] {manager.py:488} INFO - Process each file at most once every 30 seconds
[2026-03-30T17:34:39.100+0000] {manager.py:489} INFO - Checking for new files in /opt/airflow/dags every 300 seconds
[2026-03-30T17:34:39.101+0000] {manager.py:759} INFO - Searching for files in /opt/airflow/dags
[2026-03-30T17:34:39.122+0000] {manager.py:762} INFO - There are 2 files in /opt/airflow/dags
[2026-03-30T17:34:39.259+0000] {manager.py:893} INFO - 
================================================================================
DAG File Processing Stats

File Path                                 PID  Runtime      # DAGs    # Errors  Last Runtime    Last Run
--------------------------------------  -----  ---------  --------  ----------  --------------  -------------------
/opt/airflow/dags/dag_transparencia.py    173  0.03s             0           0
/opt/airflow/dags/rasper_json_dag.py                             0           1  0.07s           2026-03-30T17:34:39
================================================================================
[2026-03-30T17:35:09.507+0000] {manager.py:893} INFO - 
================================================================================
DAG File Processing Stats

File Path                                 PID  Runtime      # DAGs    # Errors  Last Runtime    Last Run
--------------------------------------  -----  ---------  --------  ----------  --------------  -------------------
/opt/airflow/dags/rasper_json_dag.py      179  0.00s             0           1  0.07s           2026-03-30T17:34:39
/opt/airflow/dags/dag_transparencia.py                           1           0  1.59s           2026-03-30T17:34:40
================================================================================
[2026-03-30T17:35:18.296+0000] {manager.py:469} INFO - Exiting gracefully upon receiving signal 15
[2026-03-30T17:36:45.717+0000] {manager.py:487} INFO - Processing files using up to 2 processes at a time 
[2026-03-30T17:36:45.718+0000] {manager.py:488} INFO - Process each file at most once every 30 seconds
[2026-03-30T17:36:45.718+0000] {manager.py:489} INFO - Checking for new files in /opt/airflow/dags every 300 seconds
[2026-03-30T17:36:45.719+0000] {manager.py:759} INFO - Searching for files in /opt/airflow/dags
[2026-03-30T17:36:45.745+0000] {manager.py:762} INFO - There are 2 files in /opt/airflow/dags
[2026-03-30T17:36:45.876+0000] {manager.py:893} INFO - 
================================================================================
DAG File Processing Stats

File Path                                 PID  Runtime      # DAGs    # Errors  Last Runtime    Last Run
--------------------------------------  -----  ---------  --------  ----------  --------------  -------------------
/opt/airflow/dags/dag_transparencia.py    173  0.03s             0           0
/opt/airflow/dags/rasper_json_dag.py                             0           1  0.06s           2026-03-30T17:36:45
================================================================================
[2026-03-30T17:37:16.160+0000] {manager.py:893} INFO - 
================================================================================
DAG File Processing Stats

File Path                                 PID  Runtime      # DAGs    # Errors  Last Runtime    Last Run
--------------------------------------  -----  ---------  --------  ----------  --------------  -------------------
/opt/airflow/dags/rasper_json_dag.py      179  0.00s             0           1  0.06s           2026-03-30T17:36:45
/opt/airflow/dags/dag_transparencia.py                           1           0  1.41s           2026-03-30T17:36:47
================================================================================
[2026-03-30T17:37:46.510+0000] {manager.py:893} INFO - 
================================================================================
DAG File Processing Stats

File Path                                 PID  Runtime      # DAGs    # Errors  Last Runtime    Last Run
--------------------------------------  -----  ---------  --------  ----------  --------------  -------------------
/opt/airflow/dags/rasper_json_dag.py      190  0.00s             0           1  0.08s           2026-03-30T17:37:16
/opt/airflow/dags/dag_transparencia.py                           1           0  0.51s           2026-03-30T17:37:18
================================================================================
[2026-03-30T17:38:16.848+0000] {manager.py:893} INFO - 
================================================================================
DAG File Processing Stats

File Path                                 PID  Runtime      # DAGs    # Errors  Last Runtime    Last Run
--------------------------------------  -----  ---------  --------  ----------  --------------  -------------------
/opt/airflow/dags/rasper_json_dag.py      207  0.00s             0           1  0.08s           2026-03-30T17:37:46
/opt/airflow/dags/dag_transparencia.py                           1           0  0.52s           2026-03-30T17:37:50
================================================================================
[2026-03-30T17:38:47.344+0000] {manager.py:893} INFO - 
================================================================================
DAG File Processing Stats

File Path                               PID    Runtime      # DAGs    # Errors  Last Runtime    Last Run
--------------------------------------  -----  ---------  --------  ----------  --------------  -------------------
/opt/airflow/dags/dag_transparencia.py                           1           0  0.54s           2026-03-30T17:38:20
/opt/airflow/dags/rasper_json_dag.py                             1           0  0.21s           2026-03-30T17:38:42
================================================================================
[2026-03-30T17:39:17.816+0000] {manager.py:893} INFO - 
================================================================================
DAG File Processing Stats

File Path                               PID    Runtime      # DAGs    # Errors  Last Runtime    Last Run
--------------------------------------  -----  ---------  --------  ----------  --------------  -------------------
/opt/airflow/dags/dag_transparencia.py                           1           0  0.38s           2026-03-30T17:38:51
/opt/airflow/dags/rasper_json_dag.py                             1           0  0.10s           2026-03-30T17:39:12
================================================================================
[2026-03-30T17:39:48.281+0000] {manager.py:893} INFO - 
================================================================================
DAG File Processing Stats

File Path                               PID    Runtime      # DAGs    # Errors  Last Runtime    Last Run
--------------------------------------  -----  ---------  --------  ----------  --------------  -------------------
/opt/airflow/dags/dag_transparencia.py                           1           0  0.43s           2026-03-30T17:39:22
/opt/airflow/dags/rasper_json_dag.py                             1           0  0.20s           2026-03-30T17:39:44
================================================================================
[2026-03-30T17:40:18.670+0000] {manager.py:893} INFO - 
================================================================================
DAG File Processing Stats

File Path                               PID    Runtime      # DAGs    # Errors  Last Runtime    Last Run
--------------------------------------  -----  ---------  --------  ----------  --------------  -------------------
/opt/airflow/dags/dag_transparencia.py                           1           0  0.33s           2026-03-30T17:39:52
/opt/airflow/dags/rasper_json_dag.py                             1           0  0.10s           2026-03-30T17:40:14
================================================================================
[2026-03-30T17:40:49.044+0000] {manager.py:893} INFO - 
================================================================================
DAG File Processing Stats

File Path                               PID    Runtime      # DAGs    # Errors  Last Runtime    Last Run
--------------------------------------  -----  ---------  --------  ----------  --------------  -------------------
/opt/airflow/dags/dag_transparencia.py                           1           0  0.39s           2026-03-30T17:40:23
/opt/airflow/dags/rasper_json_dag.py                             1           0  0.10s           2026-03-30T17:40:45
================================================================================
[2026-03-30T17:41:19.430+0000] {manager.py:893} INFO - 
================================================================================
DAG File Processing Stats

File Path                               PID    Runtime      # DAGs    # Errors  Last Runtime    Last Run
--------------------------------------  -----  ---------  --------  ----------  --------------  -------------------
/opt/airflow/dags/dag_transparencia.py                           1           0  0.34s           2026-03-30T17:40:53
/opt/airflow/dags/rasper_json_dag.py                             1           0  0.10s           2026-03-30T17:41:15
================================================================================
[2026-03-30T17:41:45.786+0000] {manager.py:759} INFO - Searching for files in /opt/airflow/dags
[2026-03-30T17:41:45.807+0000] {manager.py:762} INFO - There are 2 files in /opt/airflow/dags
[2026-03-30T17:41:49.846+0000] {manager.py:893} INFO - 
================================================================================
DAG File Processing Stats

File Path                               PID    Runtime      # DAGs    # Errors  Last Runtime    Last Run
--------------------------------------  -----  ---------  --------  ----------  --------------  -------------------
/opt/airflow/dags/dag_transparencia.py                           1           0  0.36s           2026-03-30T17:41:23
/opt/airflow/dags/rasper_json_dag.py                             1           0  0.10s           2026-03-30T17:41:45
================================================================================
[2026-03-30T17:42:20.223+0000] {manager.py:893} INFO - 
================================================================================
DAG File Processing Stats

File Path                               PID    Runtime      # DAGs    # Errors  Last Runtime    Last Run
--------------------------------------  -----  ---------  --------  ----------  --------------  -------------------
/opt/airflow/dags/dag_transparencia.py                           1           0  0.34s           2026-03-30T17:41:54
/opt/airflow/dags/rasper_json_dag.py                             1           0  0.09s           2026-03-30T17:42:16
================================================================================
[2026-03-30T17:42:50.598+0000] {manager.py:893} INFO - 
================================================================================
DAG File Processing Stats

File Path                               PID    Runtime      # DAGs    # Errors  Last Runtime    Last Run
--------------------------------------  -----  ---------  --------  ----------  --------------  -------------------
/opt/airflow/dags/dag_transparencia.py                           1           0  0.34s           2026-03-30T17:42:24
/opt/airflow/dags/rasper_json_dag.py                             1           0  0.09s           2026-03-30T17:42:46
================================================================================
[2026-03-30T17:43:21.021+0000] {manager.py:893} INFO - 
================================================================================
DAG File Processing Stats

File Path                               PID    Runtime      # DAGs    # Errors  Last Runtime    Last Run
--------------------------------------  -----  ---------  --------  ----------  --------------  -------------------
/opt/airflow/dags/dag_transparencia.py                           1           0  0.38s           2026-03-30T17:42:55
/opt/airflow/dags/rasper_json_dag.py                             1           0  0.10s           2026-03-30T17:43:17
================================================================================
[2026-03-30T17:43:51.432+0000] {manager.py:893} INFO - 
================================================================================
DAG File Processing Stats

File Path                               PID    Runtime      # DAGs    # Errors  Last Runtime    Last Run
--------------------------------------  -----  ---------  --------  ----------  --------------  -------------------
/opt/airflow/dags/dag_transparencia.py                           1           0  0.40s           2026-03-30T17:43:25
/opt/airflow/dags/rasper_json_dag.py                             1           0  0.10s           2026-03-30T17:43:47
================================================================================
[2026-03-30T17:44:21.944+0000] {manager.py:893} INFO - 
================================================================================
DAG File Processing Stats

File Path                               PID    Runtime      # DAGs    # Errors  Last Runtime    Last Run
--------------------------------------  -----  ---------  --------  ----------  --------------  -------------------
/opt/airflow/dags/dag_transparencia.py                           1           0  0.48s           2026-03-30T17:43:56
/opt/airflow/dags/rasper_json_dag.py                             1           0  0.09s           2026-03-30T17:44:18
================================================================================
[2026-03-30T17:44:52.372+0000] {manager.py:893} INFO - 
================================================================================
DAG File Processing Stats

File Path                               PID    Runtime      # DAGs    # Errors  Last Runtime    Last Run
--------------------------------------  -----  ---------  --------  ----------  --------------  -------------------
/opt/airflow/dags/dag_transparencia.py                           1           0  0.54s           2026-03-30T17:44:27
/opt/airflow/dags/rasper_json_dag.py                             1           0  0.10s           2026-03-30T17:44:48
================================================================================
[2026-03-30T17:45:22.761+0000] {manager.py:893} INFO - 
================================================================================
DAG File Processing Stats

File Path                               PID    Runtime      # DAGs    # Errors  Last Runtime    Last Run
--------------------------------------  -----  ---------  --------  ----------  --------------  -------------------
/opt/airflow/dags/dag_transparencia.py                           1           0  0.40s           2026-03-30T17:44:58
/opt/airflow/dags/rasper_json_dag.py                             1           0  0.09s           2026-03-30T17:45:18
================================================================================
[2026-03-30T17:45:53.144+0000] {manager.py:893} INFO - 
================================================================================
DAG File Processing Stats

File Path                               PID    Runtime      # DAGs    # Errors  Last Runtime    Last Run
--------------------------------------  -----  ---------  --------  ----------  --------------  -------------------
/opt/airflow/dags/dag_transparencia.py                           1           0  0.39s           2026-03-30T17:45:29
/opt/airflow/dags/rasper_json_dag.py                             1           0  0.11s           2026-03-30T17:45:49
================================================================================
[2026-03-30T17:46:23.565+0000] {manager.py:893} INFO - 
================================================================================
DAG File Processing Stats

File Path                               PID    Runtime      # DAGs    # Errors  Last Runtime    Last Run
--------------------------------------  -----  ---------  --------  ----------  --------------  -------------------
/opt/airflow/dags/dag_transparencia.py                           1           0  0.49s           2026-03-30T17:45:59
/opt/airflow/dags/rasper_json_dag.py                             1           0  0.16s           2026-03-30T17:46:19
================================================================================
[2026-03-30T17:46:46.061+0000] {manager.py:759} INFO - Searching for files in /opt/airflow/dags
[2026-03-30T17:46:46.096+0000] {manager.py:762} INFO - There are 2 files in /opt/airflow/dags
[2026-03-30T17:46:53.752+0000] {manager.py:893} INFO - 
================================================================================
DAG File Processing Stats

File Path                               PID    Runtime      # DAGs    # Errors  Last Runtime    Last Run
--------------------------------------  -----  ---------  --------  ----------  --------------  -------------------
/opt/airflow/dags/dag_transparencia.py                           1           0  0.62s           2026-03-30T17:46:30
/opt/airflow/dags/rasper_json_dag.py                             1           0  0.14s           2026-03-30T17:46:49
================================================================================
[2026-03-30T17:47:24.206+0000] {manager.py:893} INFO - 
================================================================================
DAG File Processing Stats

File Path                               PID    Runtime      # DAGs    # Errors  Last Runtime    Last Run
--------------------------------------  -----  ---------  --------  ----------  --------------  -------------------
/opt/airflow/dags/dag_transparencia.py                           1           0  0.60s           2026-03-30T17:47:01
/opt/airflow/dags/rasper_json_dag.py                             1           0  0.22s           2026-03-30T17:47:20
================================================================================
[2026-03-30T17:47:54.749+0000] {manager.py:893} INFO - 
================================================================================
DAG File Processing Stats

File Path                               PID    Runtime      # DAGs    # Errors  Last Runtime    Last Run
--------------------------------------  -----  ---------  --------  ----------  --------------  -------------------
/opt/airflow/dags/dag_transparencia.py                           1           0  0.52s           2026-03-30T17:47:31
/opt/airflow/dags/rasper_json_dag.py                             1           0  0.12s           2026-03-30T17:47:50
================================================================================
[2026-03-30T17:48:25.143+0000] {manager.py:893} INFO - 
================================================================================
DAG File Processing Stats

File Path                               PID    Runtime      # DAGs    # Errors  Last Runtime    Last Run
--------------------------------------  -----  ---------  --------  ----------  --------------  -------------------
/opt/airflow/dags/dag_transparencia.py                           1           0  0.39s           2026-03-30T17:48:03
/opt/airflow/dags/rasper_json_dag.py                             1           0  0.11s           2026-03-30T17:48:21
================================================================================
[2026-03-30T17:48:55.559+0000] {manager.py:893} INFO - 
================================================================================
DAG File Processing Stats

File Path                               PID    Runtime      # DAGs    # Errors  Last Runtime    Last Run
--------------------------------------  -----  ---------  --------  ----------  --------------  -------------------
/opt/airflow/dags/dag_transparencia.py                           1           0  0.46s           2026-03-30T17:48:33
/opt/airflow/dags/rasper_json_dag.py                             1           0  0.13s           2026-03-30T17:48:51
================================================================================
[2026-03-30T17:49:25.964+0000] {manager.py:893} INFO - 
================================================================================
DAG File Processing Stats

File Path                               PID    Runtime      # DAGs    # Errors  Last Runtime    Last Run
--------------------------------------  -----  ---------  --------  ----------  --------------  -------------------
/opt/airflow/dags/dag_transparencia.py                           1           0  0.52s           2026-03-30T17:49:05
/opt/airflow/dags/rasper_json_dag.py                             1           0  0.13s           2026-03-30T17:49:22
================================================================================
[2026-03-30T17:49:56.373+0000] {manager.py:893} INFO - 
================================================================================
DAG File Processing Stats

File Path                               PID    Runtime      # DAGs    # Errors  Last Runtime    Last Run
--------------------------------------  -----  ---------  --------  ----------  --------------  -------------------
/opt/airflow/dags/dag_transparencia.py                           1           0  0.37s           2026-03-30T17:49:36
/opt/airflow/dags/rasper_json_dag.py                             1           0  0.10s           2026-03-30T17:49:52
================================================================================
[2026-03-30T17:50:26.740+0000] {manager.py:893} INFO - 
================================================================================
DAG File Processing Stats

File Path                               PID    Runtime      # DAGs    # Errors  Last Runtime    Last Run
--------------------------------------  -----  ---------  --------  ----------  --------------  -------------------
/opt/airflow/dags/dag_transparencia.py                           1           0  0.34s           2026-03-30T17:50:06
/opt/airflow/dags/rasper_json_dag.py                             1           0  0.10s           2026-03-30T17:50:22
================================================================================
[2026-03-30T17:50:52.076+0000] {manager.py:1145} WARNING - Skipping processing of missing file: /opt/airflow/dags/dag_transparencia.py
[2026-03-30T17:50:57.110+0000] {manager.py:893} INFO - 
================================================================================
DAG File Processing Stats

File Path                             PID    Runtime      # DAGs    # Errors  Last Runtime    Last Run
------------------------------------  -----  ---------  --------  ----------  --------------  -------------------
/opt/airflow/dags/rasper_json_dag.py                           1           0  0.12s           2026-03-30T17:50:53
================================================================================
[2026-03-30T17:51:27.380+0000] {manager.py:893} INFO - 
================================================================================
DAG File Processing Stats

File Path                             PID    Runtime      # DAGs    # Errors  Last Runtime    Last Run
------------------------------------  -----  ---------  --------  ----------  --------------  -------------------
/opt/airflow/dags/rasper_json_dag.py                           1           0  0.09s           2026-03-30T17:51:23
================================================================================
[2026-03-30T17:51:46.591+0000] {manager.py:759} INFO - Searching for files in /opt/airflow/dags
[2026-03-30T17:51:46.609+0000] {manager.py:762} INFO - There are 2 files in /opt/airflow/dags
[2026-03-30T17:51:57.572+0000] {manager.py:893} INFO - 
================================================================================
DAG File Processing Stats

File Path                             PID    Runtime      # DAGs    # Errors  Last Runtime    Last Run
------------------------------------  -----  ---------  --------  ----------  --------------  -------------------
/opt/airflow/dags/popula_banco.py                              1           0  0.39s           2026-03-30T17:51:51
/opt/airflow/dags/rasper_json_dag.py                           1           0  0.10s           2026-03-30T17:51:53
================================================================================
[2026-03-30T17:52:27.942+0000] {manager.py:893} INFO - 
================================================================================
DAG File Processing Stats

File Path                             PID    Runtime      # DAGs    # Errors  Last Runtime    Last Run
------------------------------------  -----  ---------  --------  ----------  --------------  -------------------
/opt/airflow/dags/popula_banco.py                              1           0  0.36s           2026-03-30T17:52:22
/opt/airflow/dags/rasper_json_dag.py                           1           0  0.12s           2026-03-30T17:52:24
================================================================================
[2026-03-30T17:52:58.344+0000] {manager.py:893} INFO - 
================================================================================
DAG File Processing Stats

File Path                             PID    Runtime      # DAGs    # Errors  Last Runtime    Last Run
------------------------------------  -----  ---------  --------  ----------  --------------  -------------------
/opt/airflow/dags/popula_banco.py                              1           0  0.36s           2026-03-30T17:52:52
/opt/airflow/dags/rasper_json_dag.py                           1           0  0.09s           2026-03-30T17:52:54
================================================================================
[2026-03-30T17:53:28.707+0000] {manager.py:893} INFO - 
================================================================================
DAG File Processing Stats

File Path                             PID    Runtime      # DAGs    # Errors  Last Runtime    Last Run
------------------------------------  -----  ---------  --------  ----------  --------------  -------------------
/opt/airflow/dags/popula_banco.py                              1           0  0.34s           2026-03-30T17:53:23
/opt/airflow/dags/rasper_json_dag.py                           1           0  0.10s           2026-03-30T17:53:24
================================================================================
[2026-03-30T17:53:59.079+0000] {manager.py:893} INFO - 
================================================================================
DAG File Processing Stats

File Path                             PID    Runtime      # DAGs    # Errors  Last Runtime    Last Run
------------------------------------  -----  ---------  --------  ----------  --------------  -------------------
/opt/airflow/dags/popula_banco.py                              1           0  0.38s           2026-03-30T17:53:53
/opt/airflow/dags/rasper_json_dag.py                           1           0  0.09s           2026-03-30T17:53:55
================================================================================
[2026-03-30T17:54:29.432+0000] {manager.py:893} INFO - 
================================================================================
DAG File Processing Stats

File Path                             PID    Runtime      # DAGs    # Errors  Last Runtime    Last Run
------------------------------------  -----  ---------  --------  ----------  --------------  -------------------
/opt/airflow/dags/popula_banco.py                              1           0  0.39s           2026-03-30T17:54:24
/opt/airflow/dags/rasper_json_dag.py                           1           0  0.10s           2026-03-30T17:54:25
================================================================================
[2026-03-30T17:54:59.814+0000] {manager.py:893} INFO - 
================================================================================
DAG File Processing Stats

File Path                             PID    Runtime      # DAGs    # Errors  Last Runtime    Last Run
------------------------------------  -----  ---------  --------  ----------  --------------  -------------------
/opt/airflow/dags/popula_banco.py                              1           0  0.41s           2026-03-30T17:54:37
/opt/airflow/dags/rasper_json_dag.py                           1           0  0.09s           2026-03-30T17:54:55
================================================================================
[2026-03-30T17:55:30.202+0000] {manager.py:893} INFO - 
================================================================================
DAG File Processing Stats

File Path                             PID    Runtime      # DAGs    # Errors  Last Runtime    Last Run
------------------------------------  -----  ---------  --------  ----------  --------------  -------------------
/opt/airflow/dags/popula_banco.py                              1           0  0.40s           2026-03-30T17:55:07
/opt/airflow/dags/rasper_json_dag.py                           1           0  0.11s           2026-03-30T17:55:26
================================================================================
[2026-03-30T17:56:00.590+0000] {manager.py:893} INFO - 
================================================================================
DAG File Processing Stats

File Path                             PID    Runtime      # DAGs    # Errors  Last Runtime    Last Run
------------------------------------  -----  ---------  --------  ----------  --------------  -------------------
/opt/airflow/dags/popula_banco.py                              1           0  0.40s           2026-03-30T17:55:38
/opt/airflow/dags/rasper_json_dag.py                           1           0  0.10s           2026-03-30T17:55:56
================================================================================
[2026-03-30T17:56:30.979+0000] {manager.py:893} INFO - 
================================================================================
DAG File Processing Stats

File Path                             PID    Runtime      # DAGs    # Errors  Last Runtime    Last Run
------------------------------------  -----  ---------  --------  ----------  --------------  -------------------
/opt/airflow/dags/popula_banco.py                              1           0  0.37s           2026-03-30T17:56:09
/opt/airflow/dags/rasper_json_dag.py                           1           0  0.10s           2026-03-30T17:56:27
================================================================================
[2026-03-30T17:56:46.657+0000] {manager.py:759} INFO - Searching for files in /opt/airflow/dags
[2026-03-30T17:56:46.679+0000] {manager.py:762} INFO - There are 2 files in /opt/airflow/dags
[2026-03-30T17:57:01.369+0000] {manager.py:893} INFO - 
================================================================================
DAG File Processing Stats

File Path                             PID    Runtime      # DAGs    # Errors  Last Runtime    Last Run
------------------------------------  -----  ---------  --------  ----------  --------------  -------------------
/opt/airflow/dags/popula_banco.py                              1           0  0.37s           2026-03-30T17:56:39
/opt/airflow/dags/rasper_json_dag.py                           1           0  0.10s           2026-03-30T17:56:57
================================================================================
[2026-03-30T17:57:31.761+0000] {manager.py:893} INFO - 
================================================================================
DAG File Processing Stats

File Path                             PID    Runtime      # DAGs    # Errors  Last Runtime    Last Run
------------------------------------  -----  ---------  --------  ----------  --------------  -------------------
/opt/airflow/dags/popula_banco.py                              1           0  0.37s           2026-03-30T17:57:10
/opt/airflow/dags/rasper_json_dag.py                           1           0  0.10s           2026-03-30T17:57:27
================================================================================
[2026-03-30T17:58:02.150+0000] {manager.py:893} INFO - 
================================================================================
DAG File Processing Stats

File Path                             PID    Runtime      # DAGs    # Errors  Last Runtime    Last Run
------------------------------------  -----  ---------  --------  ----------  --------------  -------------------
/opt/airflow/dags/popula_banco.py                              1           0  0.39s           2026-03-30T17:57:40
/opt/airflow/dags/rasper_json_dag.py                           1           0  0.10s           2026-03-30T17:57:58
================================================================================
[2026-03-30T17:58:32.527+0000] {manager.py:893} INFO - 
================================================================================
DAG File Processing Stats

File Path                             PID    Runtime      # DAGs    # Errors  Last Runtime    Last Run
------------------------------------  -----  ---------  --------  ----------  --------------  -------------------
/opt/airflow/dags/popula_banco.py                              1           0  0.39s           2026-03-30T17:58:11
/opt/airflow/dags/rasper_json_dag.py                           1           0  0.10s           2026-03-30T17:58:28
================================================================================
[2026-03-30T17:59:02.908+0000] {manager.py:893} INFO - 
================================================================================
DAG File Processing Stats

File Path                             PID    Runtime      # DAGs    # Errors  Last Runtime    Last Run
------------------------------------  -----  ---------  --------  ----------  --------------  -------------------
/opt/airflow/dags/popula_banco.py                              1           0  0.39s           2026-03-30T17:58:42
/opt/airflow/dags/rasper_json_dag.py                           1           0  0.10s           2026-03-30T17:58:58
================================================================================
[2026-03-30T17:59:33.289+0000] {manager.py:893} INFO - 
================================================================================
DAG File Processing Stats

File Path                             PID    Runtime      # DAGs    # Errors  Last Runtime    Last Run
------------------------------------  -----  ---------  --------  ----------  --------------  -------------------
/opt/airflow/dags/popula_banco.py                              1           0  0.37s           2026-03-30T17:59:13
/opt/airflow/dags/rasper_json_dag.py                           1           0  0.09s           2026-03-30T17:59:29
================================================================================
[2026-03-30T18:00:03.675+0000] {manager.py:893} INFO - 
================================================================================
DAG File Processing Stats

File Path                             PID    Runtime      # DAGs    # Errors  Last Runtime    Last Run
------------------------------------  -----  ---------  --------  ----------  --------------  -------------------
/opt/airflow/dags/popula_banco.py                              1           0  0.37s           2026-03-30T17:59:43
/opt/airflow/dags/rasper_json_dag.py                           1           0  0.11s           2026-03-30T17:59:59
================================================================================
[2026-03-30T18:00:34.066+0000] {manager.py:893} INFO - 
================================================================================
DAG File Processing Stats

File Path                             PID    Runtime      # DAGs    # Errors  Last Runtime    Last Run
------------------------------------  -----  ---------  --------  ----------  --------------  -------------------
/opt/airflow/dags/popula_banco.py                              1           0  0.38s           2026-03-30T18:00:14
/opt/airflow/dags/rasper_json_dag.py                           1           0  0.09s           2026-03-30T18:00:30
================================================================================
[2026-03-30T18:01:04.435+0000] {manager.py:893} INFO - 
================================================================================
DAG File Processing Stats

File Path                             PID    Runtime      # DAGs    # Errors  Last Runtime    Last Run
------------------------------------  -----  ---------  --------  ----------  --------------  -------------------
/opt/airflow/dags/popula_banco.py                              1           0  0.37s           2026-03-30T18:00:45
/opt/airflow/dags/rasper_json_dag.py                           1           0  0.10s           2026-03-30T18:01:00
================================================================================
[2026-03-30T18:01:35.283+0000] {manager.py:893} INFO - 
================================================================================
DAG File Processing Stats

File Path                             PID    Runtime      # DAGs    # Errors  Last Runtime    Last Run
------------------------------------  -----  ---------  --------  ----------  --------------  -------------------
/opt/airflow/dags/popula_banco.py                              1           0  0.46s           2026-03-30T18:01:29
/opt/airflow/dags/rasper_json_dag.py                           1           0  0.10s           2026-03-30T18:01:31
================================================================================
[2026-03-30T18:01:47.485+0000] {manager.py:759} INFO - Searching for files in /opt/airflow/dags
[2026-03-30T18:01:47.509+0000] {manager.py:762} INFO - There are 2 files in /opt/airflow/dags
[2026-03-30T18:02:05.642+0000] {manager.py:893} INFO - 
================================================================================
DAG File Processing Stats

File Path                             PID    Runtime      # DAGs    # Errors  Last Runtime    Last Run
------------------------------------  -----  ---------  --------  ----------  --------------  -------------------
/opt/airflow/dags/popula_banco.py                              1           0  0.37s           2026-03-30T18:01:59
/opt/airflow/dags/rasper_json_dag.py                           1           0  0.10s           2026-03-30T18:02:01
================================================================================
[2026-03-30T18:02:36.028+0000] {manager.py:893} INFO - 
================================================================================
DAG File Processing Stats

File Path                             PID    Runtime      # DAGs    # Errors  Last Runtime    Last Run
------------------------------------  -----  ---------  --------  ----------  --------------  -------------------
/opt/airflow/dags/popula_banco.py                              1           0  0.38s           2026-03-30T18:02:30
/opt/airflow/dags/rasper_json_dag.py                           1           0  0.10s           2026-03-30T18:02:32
================================================================================
[2026-03-30T18:03:06.408+0000] {manager.py:893} INFO - 
================================================================================
DAG File Processing Stats

File Path                             PID    Runtime      # DAGs    # Errors  Last Runtime    Last Run
------------------------------------  -----  ---------  --------  ----------  --------------  -------------------
/opt/airflow/dags/popula_banco.py                              1           0  0.39s           2026-03-30T18:03:01
/opt/airflow/dags/rasper_json_dag.py                           1           0  0.10s           2026-03-30T18:03:02
================================================================================
[2026-03-30T18:03:36.928+0000] {manager.py:893} INFO - 
================================================================================
DAG File Processing Stats

File Path                               PID  Runtime      # DAGs    # Errors  Last Runtime    Last Run
------------------------------------  -----  ---------  --------  ----------  --------------  -------------------
/opt/airflow/dags/popula_banco.py       890  0.00s             1           0  0.40s           2026-03-30T18:03:32
/opt/airflow/dags/rasper_json_dag.py                           1           0  0.09s           2026-03-30T18:03:32
================================================================================
[2026-03-30T18:04:07.263+0000] {manager.py:893} INFO - 
================================================================================
DAG File Processing Stats

File Path                               PID  Runtime      # DAGs    # Errors  Last Runtime    Last Run
------------------------------------  -----  ---------  --------  ----------  --------------  -------------------
/opt/airflow/dags/popula_banco.py       900  0.00s             0           1  0.06s           2026-03-30T18:03:36
/opt/airflow/dags/rasper_json_dag.py                           1           0  0.10s           2026-03-30T18:04:03
================================================================================
[2026-03-30T18:04:37.630+0000] {manager.py:893} INFO - 
================================================================================
DAG File Processing Stats

File Path                               PID  Runtime      # DAGs    # Errors  Last Runtime    Last Run
------------------------------------  -----  ---------  --------  ----------  --------------  -------------------
/opt/airflow/dags/popula_banco.py       910  0.00s             0           1  0.07s           2026-03-30T18:04:07
/opt/airflow/dags/rasper_json_dag.py                           1           0  0.10s           2026-03-30T18:04:33
================================================================================
[2026-03-30T18:05:07.973+0000] {manager.py:893} INFO - 
================================================================================
DAG File Processing Stats

File Path                             PID    Runtime      # DAGs    # Errors  Last Runtime    Last Run
------------------------------------  -----  ---------  --------  ----------  --------------  -------------------
/opt/airflow/dags/popula_banco.py                              1           0  0.54s           2026-03-30T18:04:43
/opt/airflow/dags/rasper_json_dag.py                           1           0  0.10s           2026-03-30T18:05:03
================================================================================
[2026-03-30T18:05:38.364+0000] {manager.py:893} INFO - 
================================================================================
DAG File Processing Stats

File Path                             PID    Runtime      # DAGs    # Errors  Last Runtime    Last Run
------------------------------------  -----  ---------  --------  ----------  --------------  -------------------
/opt/airflow/dags/popula_banco.py                              1           0  0.38s           2026-03-30T18:05:14
/opt/airflow/dags/rasper_json_dag.py                           1           0  0.10s           2026-03-30T18:05:34
================================================================================
[2026-03-30T18:06:08.769+0000] {manager.py:893} INFO - 
================================================================================
DAG File Processing Stats

File Path                             PID    Runtime      # DAGs    # Errors  Last Runtime    Last Run
------------------------------------  -----  ---------  --------  ----------  --------------  -------------------
/opt/airflow/dags/popula_banco.py                              1           0  0.37s           2026-03-30T18:05:44
/opt/airflow/dags/rasper_json_dag.py                           1           0  0.09s           2026-03-30T18:06:04
================================================================================
[2026-03-30T18:06:39.151+0000] {manager.py:893} INFO - 
================================================================================
DAG File Processing Stats

File Path                             PID    Runtime      # DAGs    # Errors  Last Runtime    Last Run
------------------------------------  -----  ---------  --------  ----------  --------------  -------------------
/opt/airflow/dags/popula_banco.py                              1           0  0.38s           2026-03-30T18:06:15
/opt/airflow/dags/rasper_json_dag.py                           1           0  0.11s           2026-03-30T18:06:35
================================================================================
[2026-03-30T18:06:47.636+0000] {manager.py:759} INFO - Searching for files in /opt/airflow/dags
[2026-03-30T18:06:47.660+0000] {manager.py:762} INFO - There are 2 files in /opt/airflow/dags
[2026-03-30T18:07:09.559+0000] {manager.py:893} INFO - 
================================================================================
DAG File Processing Stats

File Path                             PID    Runtime      # DAGs    # Errors  Last Runtime    Last Run
------------------------------------  -----  ---------  --------  ----------  --------------  -------------------
/opt/airflow/dags/popula_banco.py                              1           0  0.34s           2026-03-30T18:06:45
/opt/airflow/dags/rasper_json_dag.py                           1           0  0.10s           2026-03-30T18:07:05
================================================================================
[2026-03-30T18:07:39.946+0000] {manager.py:893} INFO - 
================================================================================
DAG File Processing Stats

File Path                             PID    Runtime      # DAGs    # Errors  Last Runtime    Last Run
------------------------------------  -----  ---------  --------  ----------  --------------  -------------------
/opt/airflow/dags/popula_banco.py                              1           0  0.40s           2026-03-30T18:07:16
/opt/airflow/dags/rasper_json_dag.py                           1           0  0.09s           2026-03-30T18:07:35
================================================================================
[2026-03-30T18:08:10.327+0000] {manager.py:893} INFO - 
================================================================================
DAG File Processing Stats

File Path                             PID    Runtime      # DAGs    # Errors  Last Runtime    Last Run
------------------------------------  -----  ---------  --------  ----------  --------------  -------------------
/opt/airflow/dags/popula_banco.py                              1           0  0.39s           2026-03-30T18:07:47
/opt/airflow/dags/rasper_json_dag.py                           1           0  0.11s           2026-03-30T18:08:06
================================================================================
[2026-03-30T18:08:40.740+0000] {manager.py:893} INFO - 
================================================================================
DAG File Processing Stats

File Path                             PID    Runtime      # DAGs    # Errors  Last Runtime    Last Run
------------------------------------  -----  ---------  --------  ----------  --------------  -------------------
/opt/airflow/dags/popula_banco.py                              1           0  0.37s           2026-03-30T18:08:17
/opt/airflow/dags/rasper_json_dag.py                           1           0  0.13s           2026-03-30T18:08:36
================================================================================
[2026-03-30T18:09:11.140+0000] {manager.py:893} INFO - 
================================================================================
DAG File Processing Stats

File Path                             PID    Runtime      # DAGs    # Errors  Last Runtime    Last Run
------------------------------------  -----  ---------  --------  ----------  --------------  -------------------
/opt/airflow/dags/popula_banco.py                              1           0  0.35s           2026-03-30T18:08:48
/opt/airflow/dags/rasper_json_dag.py                           1           0  0.09s           2026-03-30T18:09:07
================================================================================
[2026-03-30T18:09:41.518+0000] {manager.py:893} INFO - 
================================================================================
DAG File Processing Stats

File Path                             PID    Runtime      # DAGs    # Errors  Last Runtime    Last Run
------------------------------------  -----  ---------  --------  ----------  --------------  -------------------
/opt/airflow/dags/popula_banco.py                              1           0  0.35s           2026-03-30T18:09:18
/opt/airflow/dags/rasper_json_dag.py                           1           0  0.10s           2026-03-30T18:09:37
================================================================================
[2026-03-30T18:10:11.916+0000] {manager.py:893} INFO - 
================================================================================
DAG File Processing Stats

File Path                             PID    Runtime      # DAGs    # Errors  Last Runtime    Last Run
------------------------------------  -----  ---------  --------  ----------  --------------  -------------------
/opt/airflow/dags/popula_banco.py                              1           0  0.39s           2026-03-30T18:09:49
/opt/airflow/dags/rasper_json_dag.py                           1           0  0.11s           2026-03-30T18:10:07
================================================================================
[2026-03-30T18:10:42.318+0000] {manager.py:893} INFO - 
================================================================================
DAG File Processing Stats

File Path                             PID    Runtime      # DAGs    # Errors  Last Runtime    Last Run
------------------------------------  -----  ---------  --------  ----------  --------------  -------------------
/opt/airflow/dags/popula_banco.py                              1           0  0.52s           2026-03-30T18:10:19
/opt/airflow/dags/rasper_json_dag.py                           1           0  0.09s           2026-03-30T18:10:38
================================================================================
[2026-03-30T18:11:12.687+0000] {manager.py:893} INFO - 
================================================================================
DAG File Processing Stats

File Path                             PID    Runtime      # DAGs    # Errors  Last Runtime    Last Run
------------------------------------  -----  ---------  --------  ----------  --------------  -------------------
/opt/airflow/dags/popula_banco.py                              1           0  0.38s           2026-03-30T18:10:50
/opt/airflow/dags/rasper_json_dag.py                           1           0  0.10s           2026-03-30T18:11:08
================================================================================
[2026-03-30T18:11:43.081+0000] {manager.py:893} INFO - 
================================================================================
DAG File Processing Stats

File Path                             PID    Runtime      # DAGs    # Errors  Last Runtime    Last Run
------------------------------------  -----  ---------  --------  ----------  --------------  -------------------
/opt/airflow/dags/popula_banco.py                              1           0  0.35s           2026-03-30T18:11:21
/opt/airflow/dags/rasper_json_dag.py                           1           0  0.23s           2026-03-30T18:11:39
================================================================================
[2026-03-30T18:11:48.110+0000] {manager.py:759} INFO - Searching for files in /opt/airflow/dags
[2026-03-30T18:11:48.132+0000] {manager.py:762} INFO - There are 2 files in /opt/airflow/dags
[2026-03-30T18:12:13.468+0000] {manager.py:893} INFO - 
================================================================================
DAG File Processing Stats

File Path                             PID    Runtime      # DAGs    # Errors  Last Runtime    Last Run
------------------------------------  -----  ---------  --------  ----------  --------------  -------------------
/opt/airflow/dags/popula_banco.py                              1           0  0.38s           2026-03-30T18:11:51
/opt/airflow/dags/rasper_json_dag.py                           1           0  0.10s           2026-03-30T18:12:09
================================================================================
[2026-03-30T18:12:43.871+0000] {manager.py:893} INFO - 
================================================================================
DAG File Processing Stats

File Path                             PID    Runtime      # DAGs    # Errors  Last Runtime    Last Run
------------------------------------  -----  ---------  --------  ----------  --------------  -------------------
/opt/airflow/dags/popula_banco.py                              1           0  0.35s           2026-03-30T18:12:21
/opt/airflow/dags/rasper_json_dag.py                           1           0  0.09s           2026-03-30T18:12:39
================================================================================
[2026-03-30T18:13:14.252+0000] {manager.py:893} INFO - 
================================================================================
DAG File Processing Stats

File Path                             PID    Runtime      # DAGs    # Errors  Last Runtime    Last Run
------------------------------------  -----  ---------  --------  ----------  --------------  -------------------
/opt/airflow/dags/popula_banco.py                              1           0  0.36s           2026-03-30T18:12:52
/opt/airflow/dags/rasper_json_dag.py                           1           0  0.10s           2026-03-30T18:13:10
================================================================================
[2026-03-30T18:13:44.635+0000] {manager.py:893} INFO - 
================================================================================
DAG File Processing Stats

File Path                             PID    Runtime      # DAGs    # Errors  Last Runtime    Last Run
------------------------------------  -----  ---------  --------  ----------  --------------  -------------------
/opt/airflow/dags/popula_banco.py                              1           0  0.35s           2026-03-30T18:13:22
/opt/airflow/dags/rasper_json_dag.py                           1           0  0.13s           2026-03-30T18:13:40
================================================================================
[2026-03-30T18:14:15.064+0000] {manager.py:893} INFO - 
================================================================================
DAG File Processing Stats

File Path                             PID    Runtime      # DAGs    # Errors  Last Runtime    Last Run
------------------------------------  -----  ---------  --------  ----------  --------------  -------------------
/opt/airflow/dags/popula_banco.py                              1           0  0.44s           2026-03-30T18:13:53
/opt/airflow/dags/rasper_json_dag.py                           1           0  0.12s           2026-03-30T18:14:11
================================================================================
[2026-03-30T18:14:45.468+0000] {manager.py:893} INFO - 
================================================================================
DAG File Processing Stats

File Path                             PID    Runtime      # DAGs    # Errors  Last Runtime    Last Run
------------------------------------  -----  ---------  --------  ----------  --------------  -------------------
/opt/airflow/dags/popula_banco.py                              1           0  0.40s           2026-03-30T18:14:24
/opt/airflow/dags/rasper_json_dag.py                           1           0  0.10s           2026-03-30T18:14:41
================================================================================
[2026-03-30T18:15:15.867+0000] {manager.py:893} INFO - 
================================================================================
DAG File Processing Stats

File Path                             PID    Runtime      # DAGs    # Errors  Last Runtime    Last Run
------------------------------------  -----  ---------  --------  ----------  --------------  -------------------
/opt/airflow/dags/popula_banco.py                              1           0  0.40s           2026-03-30T18:14:54
/opt/airflow/dags/rasper_json_dag.py                           1           0  0.11s           2026-03-30T18:15:11
================================================================================
[2026-03-30T18:15:46.267+0000] {manager.py:893} INFO - 
================================================================================
DAG File Processing Stats

File Path                             PID    Runtime      # DAGs    # Errors  Last Runtime    Last Run
------------------------------------  -----  ---------  --------  ----------  --------------  -------------------
/opt/airflow/dags/popula_banco.py                              1           0  0.40s           2026-03-30T18:15:25
/opt/airflow/dags/rasper_json_dag.py                           1           0  0.13s           2026-03-30T18:15:42
================================================================================
[2026-03-30T18:16:16.693+0000] {manager.py:893} INFO - 
================================================================================
DAG File Processing Stats

File Path                             PID    Runtime      # DAGs    # Errors  Last Runtime    Last Run
------------------------------------  -----  ---------  --------  ----------  --------------  -------------------
/opt/airflow/dags/popula_banco.py                              1           0  0.37s           2026-03-30T18:15:55
/opt/airflow/dags/rasper_json_dag.py                           1           0  0.10s           2026-03-30T18:16:12
================================================================================
[2026-03-30T18:16:47.088+0000] {manager.py:893} INFO - 
================================================================================
DAG File Processing Stats

File Path                             PID    Runtime      # DAGs    # Errors  Last Runtime    Last Run
------------------------------------  -----  ---------  --------  ----------  --------------  -------------------
/opt/airflow/dags/popula_banco.py                              1           0  0.38s           2026-03-30T18:16:26
/opt/airflow/dags/rasper_json_dag.py                           1           0  0.11s           2026-03-30T18:16:43
================================================================================
[2026-03-30T18:16:48.195+0000] {manager.py:759} INFO - Searching for files in /opt/airflow/dags
[2026-03-30T18:16:48.221+0000] {manager.py:762} INFO - There are 2 files in /opt/airflow/dags
[2026-03-30T18:17:17.527+0000] {manager.py:893} INFO - 
================================================================================
DAG File Processing Stats

File Path                             PID    Runtime      # DAGs    # Errors  Last Runtime    Last Run
------------------------------------  -----  ---------  --------  ----------  --------------  -------------------
/opt/airflow/dags/popula_banco.py                              1           0  0.36s           2026-03-30T18:16:56
/opt/airflow/dags/rasper_json_dag.py                           1           0  0.10s           2026-03-30T18:17:13
================================================================================
[2026-03-30T18:17:47.931+0000] {manager.py:893} INFO - 
================================================================================
DAG File Processing Stats

File Path                             PID    Runtime      # DAGs    # Errors  Last Runtime    Last Run
------------------------------------  -----  ---------  --------  ----------  --------------  -------------------
/opt/airflow/dags/popula_banco.py                              1           0  0.38s           2026-03-30T18:17:27
/opt/airflow/dags/rasper_json_dag.py                           1           0  0.09s           2026-03-30T18:17:43
================================================================================
[2026-03-30T18:18:18.421+0000] {manager.py:893} INFO - 
================================================================================
DAG File Processing Stats

File Path                             PID    Runtime      # DAGs    # Errors  Last Runtime    Last Run
------------------------------------  -----  ---------  --------  ----------  --------------  -------------------
/opt/airflow/dags/popula_banco.py                              1           0  0.47s           2026-03-30T18:18:16
/opt/airflow/dags/rasper_json_dag.py                           1           0  0.10s           2026-03-30T18:18:14
================================================================================
[2026-03-30T18:18:48.830+0000] {manager.py:893} INFO - 
================================================================================
DAG File Processing Stats

File Path                             PID    Runtime      # DAGs    # Errors  Last Runtime    Last Run
------------------------------------  -----  ---------  --------  ----------  --------------  -------------------
/opt/airflow/dags/popula_banco.py                              1           0  0.42s           2026-03-30T18:18:47
/opt/airflow/dags/rasper_json_dag.py                           1           0  0.11s           2026-03-30T18:18:44
================================================================================
[2026-03-30T18:19:19.234+0000] {manager.py:893} INFO - 
================================================================================
DAG File Processing Stats

File Path                             PID    Runtime      # DAGs    # Errors  Last Runtime    Last Run
------------------------------------  -----  ---------  --------  ----------  --------------  -------------------
/opt/airflow/dags/popula_banco.py                              1           0  0.36s           2026-03-30T18:19:18
/opt/airflow/dags/rasper_json_dag.py                           1           0  0.10s           2026-03-30T18:19:15
================================================================================
[2026-03-30T18:19:49.651+0000] {manager.py:893} INFO - 
================================================================================
DAG File Processing Stats

File Path                             PID    Runtime      # DAGs    # Errors  Last Runtime    Last Run
------------------------------------  -----  ---------  --------  ----------  --------------  -------------------
/opt/airflow/dags/popula_banco.py                              1           0  0.37s           2026-03-30T18:19:48
/opt/airflow/dags/rasper_json_dag.py                           1           0  0.11s           2026-03-30T18:19:45
================================================================================
[2026-03-30T18:20:20.052+0000] {manager.py:893} INFO - 
================================================================================
DAG File Processing Stats

File Path                             PID    Runtime      # DAGs    # Errors  Last Runtime    Last Run
------------------------------------  -----  ---------  --------  ----------  --------------  -------------------
/opt/airflow/dags/popula_banco.py                              1           0  0.39s           2026-03-30T18:20:19
/opt/airflow/dags/rasper_json_dag.py                           1           0  0.11s           2026-03-30T18:20:16
================================================================================
[2026-03-30T18:20:50.444+0000] {manager.py:893} INFO - 
================================================================================
DAG File Processing Stats

File Path                             PID    Runtime      # DAGs    # Errors  Last Runtime    Last Run
------------------------------------  -----  ---------  --------  ----------  --------------  -------------------
/opt/airflow/dags/popula_banco.py                              1           0  0.34s           2026-03-30T18:20:49
/opt/airflow/dags/rasper_json_dag.py                           1           0  0.10s           2026-03-30T18:20:46
================================================================================
[2026-03-30T18:21:20.843+0000] {manager.py:893} INFO - 
================================================================================
DAG File Processing Stats

File Path                             PID    Runtime      # DAGs    # Errors  Last Runtime    Last Run
------------------------------------  -----  ---------  --------  ----------  --------------  -------------------
/opt/airflow/dags/popula_banco.py                              1           0  0.37s           2026-03-30T18:21:20
/opt/airflow/dags/rasper_json_dag.py                           1           0  0.10s           2026-03-30T18:21:16
================================================================================
[2026-03-30T18:21:48.241+0000] {manager.py:759} INFO - Searching for files in /opt/airflow/dags
[2026-03-30T18:21:48.262+0000] {manager.py:762} INFO - There are 2 files in /opt/airflow/dags
[2026-03-30T18:21:51.296+0000] {manager.py:893} INFO - 
================================================================================
DAG File Processing Stats

File Path                             PID    Runtime      # DAGs    # Errors  Last Runtime    Last Run
------------------------------------  -----  ---------  --------  ----------  --------------  -------------------
/opt/airflow/dags/popula_banco.py                              1           0  0.35s           2026-03-30T18:21:50
/opt/airflow/dags/rasper_json_dag.py                           1           0  0.10s           2026-03-30T18:21:47
================================================================================
[2026-03-30T18:22:21.691+0000] {manager.py:893} INFO - 
================================================================================
DAG File Processing Stats

File Path                             PID    Runtime      # DAGs    # Errors  Last Runtime    Last Run
------------------------------------  -----  ---------  --------  ----------  --------------  -------------------
/opt/airflow/dags/popula_banco.py                              1           0  0.37s           2026-03-30T18:22:20
/opt/airflow/dags/rasper_json_dag.py                           1           0  0.09s           2026-03-30T18:22:17
================================================================================
[2026-03-30T18:22:52.083+0000] {manager.py:893} INFO - 
================================================================================
DAG File Processing Stats

File Path                             PID    Runtime      # DAGs    # Errors  Last Runtime    Last Run
------------------------------------  -----  ---------  --------  ----------  --------------  -------------------
/opt/airflow/dags/popula_banco.py                              1           0  0.40s           2026-03-30T18:22:51
/opt/airflow/dags/rasper_json_dag.py                           1           0  0.10s           2026-03-30T18:22:48
================================================================================
[2026-03-30T18:23:22.873+0000] {manager.py:893} INFO - 
================================================================================
DAG File Processing Stats

File Path                             PID    Runtime      # DAGs    # Errors  Last Runtime    Last Run
------------------------------------  -----  ---------  --------  ----------  --------------  -------------------
/opt/airflow/dags/popula_banco.py                              1           0  0.51s           2026-03-30T18:22:53
/opt/airflow/dags/rasper_json_dag.py                           1           0  0.10s           2026-03-30T18:23:18
================================================================================
[2026-03-30T18:23:53.187+0000] {manager.py:893} INFO - 
================================================================================
DAG File Processing Stats

File Path                             PID    Runtime      # DAGs    # Errors  Last Runtime    Last Run
------------------------------------  -----  ---------  --------  ----------  --------------  -------------------
/opt/airflow/dags/popula_banco.py                              1           0  0.39s           2026-03-30T18:23:24
/opt/airflow/dags/rasper_json_dag.py                           1           0  0.12s           2026-03-30T18:23:49
================================================================================
[2026-03-30T18:24:23.595+0000] {manager.py:893} INFO - 
================================================================================
DAG File Processing Stats

File Path                             PID    Runtime      # DAGs    # Errors  Last Runtime    Last Run
------------------------------------  -----  ---------  --------  ----------  --------------  -------------------
/opt/airflow/dags/popula_banco.py                              1           0  0.48s           2026-03-30T18:23:54
/opt/airflow/dags/rasper_json_dag.py                           1           0  0.12s           2026-03-30T18:24:19
================================================================================
[2026-03-30T18:24:53.983+0000] {manager.py:893} INFO - 
================================================================================
DAG File Processing Stats

File Path                             PID    Runtime      # DAGs    # Errors  Last Runtime    Last Run
------------------------------------  -----  ---------  --------  ----------  --------------  -------------------
/opt/airflow/dags/popula_banco.py                              1           0  0.39s           2026-03-30T18:24:26
/opt/airflow/dags/rasper_json_dag.py                           1           0  0.10s           2026-03-30T18:24:50
================================================================================
[2026-03-30T18:25:24.378+0000] {manager.py:893} INFO - 
================================================================================
DAG File Processing Stats

File Path                             PID    Runtime      # DAGs    # Errors  Last Runtime    Last Run
------------------------------------  -----  ---------  --------  ----------  --------------  -------------------
/opt/airflow/dags/popula_banco.py                              1           0  0.38s           2026-03-30T18:24:56
/opt/airflow/dags/rasper_json_dag.py                           1           0  0.11s           2026-03-30T18:25:20
================================================================================
[2026-03-30T18:25:54.775+0000] {manager.py:893} INFO - 
================================================================================
DAG File Processing Stats

File Path                             PID    Runtime      # DAGs    # Errors  Last Runtime    Last Run
------------------------------------  -----  ---------  --------  ----------  --------------  -------------------
/opt/airflow/dags/popula_banco.py                              1           0  0.45s           2026-03-30T18:25:26
/opt/airflow/dags/rasper_json_dag.py                           1           0  0.12s           2026-03-30T18:25:50
================================================================================
[2026-03-30T18:26:25.177+0000] {manager.py:893} INFO - 
================================================================================
DAG File Processing Stats

File Path                             PID    Runtime      # DAGs    # Errors  Last Runtime    Last Run
------------------------------------  -----  ---------  --------  ----------  --------------  -------------------
/opt/airflow/dags/popula_banco.py                              1           0  0.34s           2026-03-30T18:25:58
/opt/airflow/dags/rasper_json_dag.py                           1           0  0.09s           2026-03-30T18:26:21
================================================================================
[2026-03-30T18:26:48.501+0000] {manager.py:759} INFO - Searching for files in /opt/airflow/dags
[2026-03-30T18:26:48.524+0000] {manager.py:762} INFO - There are 2 files in /opt/airflow/dags
[2026-03-30T18:26:55.580+0000] {manager.py:893} INFO - 
================================================================================
DAG File Processing Stats

File Path                             PID    Runtime      # DAGs    # Errors  Last Runtime    Last Run
------------------------------------  -----  ---------  --------  ----------  --------------  -------------------
/opt/airflow/dags/popula_banco.py                              1           0  0.35s           2026-03-30T18:26:28
/opt/airflow/dags/rasper_json_dag.py                           1           0  0.11s           2026-03-30T18:26:51
================================================================================
[2026-03-30T18:27:25.980+0000] {manager.py:893} INFO - 
================================================================================
DAG File Processing Stats

File Path                             PID    Runtime      # DAGs    # Errors  Last Runtime    Last Run
------------------------------------  -----  ---------  --------  ----------  --------------  -------------------
/opt/airflow/dags/popula_banco.py                              1           0  0.37s           2026-03-30T18:26:58
/opt/airflow/dags/rasper_json_dag.py                           1           0  0.10s           2026-03-30T18:27:22
================================================================================
[2026-03-30T18:27:56.363+0000] {manager.py:893} INFO - 
================================================================================
DAG File Processing Stats

File Path                             PID    Runtime      # DAGs    # Errors  Last Runtime    Last Run
------------------------------------  -----  ---------  --------  ----------  --------------  -------------------
/opt/airflow/dags/popula_banco.py                              1           0  0.36s           2026-03-30T18:27:29
/opt/airflow/dags/rasper_json_dag.py                           1           0  0.11s           2026-03-30T18:27:52
================================================================================
[2026-03-30T18:28:26.753+0000] {manager.py:893} INFO - 
================================================================================
DAG File Processing Stats

File Path                             PID    Runtime      # DAGs    # Errors  Last Runtime    Last Run
------------------------------------  -----  ---------  --------  ----------  --------------  -------------------
/opt/airflow/dags/popula_banco.py                              1           0  0.40s           2026-03-30T18:27:59
/opt/airflow/dags/rasper_json_dag.py                           1           0  0.11s           2026-03-30T18:28:22
================================================================================
[2026-03-30T18:28:57.143+0000] {manager.py:893} INFO - 
================================================================================
DAG File Processing Stats

File Path                             PID    Runtime      # DAGs    # Errors  Last Runtime    Last Run
------------------------------------  -----  ---------  --------  ----------  --------------  -------------------
/opt/airflow/dags/popula_banco.py                              1           0  0.43s           2026-03-30T18:28:30
/opt/airflow/dags/rasper_json_dag.py                           1           0  0.11s           2026-03-30T18:28:53
================================================================================
[2026-03-30T18:29:27.540+0000] {manager.py:893} INFO - 
================================================================================
DAG File Processing Stats

File Path                             PID    Runtime      # DAGs    # Errors  Last Runtime    Last Run
------------------------------------  -----  ---------  --------  ----------  --------------  -------------------
/opt/airflow/dags/popula_banco.py                              1           0  0.37s           2026-03-30T18:29:01
/opt/airflow/dags/rasper_json_dag.py                           1           0  0.10s           2026-03-30T18:29:23
================================================================================
[2026-03-30T18:29:57.929+0000] {manager.py:893} INFO - 
================================================================================
DAG File Processing Stats

File Path                             PID    Runtime      # DAGs    # Errors  Last Runtime    Last Run
------------------------------------  -----  ---------  --------  ----------  --------------  -------------------
/opt/airflow/dags/popula_banco.py                              1           0  0.36s           2026-03-30T18:29:31
/opt/airflow/dags/rasper_json_dag.py                           1           0  0.12s           2026-03-30T18:29:54
================================================================================
