[2026-03-30T18:04:52.791+0000] {logging_mixin.py:151} INFO - Changing /opt/***/logs/dag_id=etl_empenhos_macapa_v2/run_id=scheduled__2026-03-29T00:00:00+00:00/task_id=processar_json_para_postgres permission to 509
[2026-03-30T18:04:52.792+0000] {logging_mixin.py:151} INFO - Failed to change /opt/***/logs/dag_id=etl_empenhos_macapa_v2/run_id=scheduled__2026-03-29T00:00:00+00:00/task_id=processar_json_para_postgres permission to 509: [Errno 1] Operation not permitted: '/opt/***/logs/dag_id=etl_empenhos_macapa_v2/run_id=scheduled__2026-03-29T00:00:00+00:00/task_id=processar_json_para_postgres'
[2026-03-30T18:04:52.826+0000] {logging_mixin.py:151} INFO - Changing /opt/***/logs/dag_id=etl_empenhos_macapa_v2/run_id=scheduled__2026-03-29T00:00:00+00:00/task_id=processar_json_para_postgres permission to 509
[2026-03-30T18:04:52.827+0000] {logging_mixin.py:151} INFO - Failed to change /opt/***/logs/dag_id=etl_empenhos_macapa_v2/run_id=scheduled__2026-03-29T00:00:00+00:00/task_id=processar_json_para_postgres permission to 509: [Errno 1] Operation not permitted: '/opt/***/logs/dag_id=etl_empenhos_macapa_v2/run_id=scheduled__2026-03-29T00:00:00+00:00/task_id=processar_json_para_postgres'
[2026-03-30T18:04:52.997+0000] {taskinstance.py:1157} INFO - Dependencies all met for dep_context=non-requeueable deps ti=<TaskInstance: etl_empenhos_macapa_v2.processar_json_para_postgres scheduled__2026-03-29T00:00:00+00:00 [queued]>
[2026-03-30T18:04:53.005+0000] {taskinstance.py:1157} INFO - Dependencies all met for dep_context=requeueable deps ti=<TaskInstance: etl_empenhos_macapa_v2.processar_json_para_postgres scheduled__2026-03-29T00:00:00+00:00 [queued]>
[2026-03-30T18:04:53.005+0000] {taskinstance.py:1359} INFO - Starting attempt 1 of 1
[2026-03-30T18:04:53.017+0000] {taskinstance.py:1380} INFO - Executing <Task(PythonOperator): processar_json_para_postgres> on 2026-03-29 00:00:00+00:00
[2026-03-30T18:04:53.023+0000] {standard_task_runner.py:57} INFO - Started process 926 to run task
[2026-03-30T18:04:53.026+0000] {standard_task_runner.py:84} INFO - Running: ['***', 'tasks', 'run', 'etl_empenhos_macapa_v2', 'processar_json_para_postgres', 'scheduled__2026-03-29T00:00:00+00:00', '--job-id', '11', '--raw', '--subdir', 'DAGS_FOLDER/popula_banco.py', '--cfg-path', '/tmp/tmpsv9tqwze']
[2026-03-30T18:04:53.028+0000] {standard_task_runner.py:85} INFO - Job 11: Subtask processar_json_para_postgres
[2026-03-30T18:04:53.074+0000] {logging_mixin.py:151} INFO - Changing /opt/***/logs/dag_id=etl_empenhos_macapa_v2/run_id=scheduled__2026-03-29T00:00:00+00:00/task_id=processar_json_para_postgres permission to 509
[2026-03-30T18:04:53.075+0000] {logging_mixin.py:151} INFO - Failed to change /opt/***/logs/dag_id=etl_empenhos_macapa_v2/run_id=scheduled__2026-03-29T00:00:00+00:00/task_id=processar_json_para_postgres permission to 509: [Errno 1] Operation not permitted: '/opt/***/logs/dag_id=etl_empenhos_macapa_v2/run_id=scheduled__2026-03-29T00:00:00+00:00/task_id=processar_json_para_postgres'
[2026-03-30T18:04:53.076+0000] {task_command.py:415} INFO - Running <TaskInstance: etl_empenhos_macapa_v2.processar_json_para_postgres scheduled__2026-03-29T00:00:00+00:00 [running]> on host 7df089d6b2ce
[2026-03-30T18:04:53.152+0000] {taskinstance.py:1660} INFO - Exporting env vars: AIRFLOW_CTX_DAG_OWNER='***' AIRFLOW_CTX_DAG_ID='etl_empenhos_macapa_v2' AIRFLOW_CTX_TASK_ID='processar_json_para_postgres' AIRFLOW_CTX_EXECUTION_DATE='2026-03-29T00:00:00+00:00' AIRFLOW_CTX_TRY_NUMBER='1' AIRFLOW_CTX_DAG_RUN_ID='scheduled__2026-03-29T00:00:00+00:00'
[2026-03-30T18:04:53.153+0000] {logging_mixin.py:151} INFO - 🚀 Iniciando ETL de Alta Performance...
[2026-03-30T18:04:53.171+0000] {taskinstance.py:1935} ERROR - Task failed with exception
Traceback (most recent call last):
  File "/home/airflow/.local/lib/python3.10/site-packages/airflow/operators/python.py", line 192, in execute
    return_value = self.execute_callable()
  File "/home/airflow/.local/lib/python3.10/site-packages/airflow/operators/python.py", line 209, in execute_callable
    return self.python_callable(*self.op_args, **self.op_kwargs)
  File "/opt/airflow/dags/popula_banco.py", line 52, in processar_json_para_postgres
    engine = pg_hook.get_sqlalchemy_engine()
  File "/home/airflow/.local/lib/python3.10/site-packages/airflow/providers/common/sql/hooks/sql.py", line 199, in get_sqlalchemy_engine
    return create_engine(self.get_uri(), **engine_kwargs)
  File "/home/airflow/.local/lib/python3.10/site-packages/airflow/providers/postgres/hooks/postgres.py", line 185, in get_uri
    conn = self.get_connection(getattr(self, self.conn_name_attr))
  File "/home/airflow/.local/lib/python3.10/site-packages/airflow/hooks/base.py", line 72, in get_connection
    conn = Connection.get_connection_from_secrets(conn_id)
  File "/home/airflow/.local/lib/python3.10/site-packages/airflow/models/connection.py", line 477, in get_connection_from_secrets
    raise AirflowNotFoundException(f"The conn_id `{conn_id}` isn't defined")
airflow.exceptions.AirflowNotFoundException: The conn_id `postgres_transparencia` isn't defined
[2026-03-30T18:04:53.177+0000] {taskinstance.py:1398} INFO - Marking task as FAILED. dag_id=etl_empenhos_macapa_v2, task_id=processar_json_para_postgres, execution_date=20260329T000000, start_date=20260330T180452, end_date=20260330T180453
[2026-03-30T18:04:53.187+0000] {standard_task_runner.py:104} ERROR - Failed to execute job 11 for task processar_json_para_postgres (The conn_id `postgres_transparencia` isn't defined; 926)
[2026-03-30T18:04:53.198+0000] {local_task_job_runner.py:228} INFO - Task exited with return code 1
[2026-03-30T18:04:53.220+0000] {taskinstance.py:2776} INFO - 0 downstream tasks scheduled from follow-on schedule check
