[2026-03-30T18:00:05.443+0000] {logging_mixin.py:151} INFO - Changing /opt/***/logs/dag_id=etl_empenhos/run_id=manual__2026-03-30T18:00:03.985315+00:00/task_id=check_file_changes permission to 509
[2026-03-30T18:00:05.444+0000] {logging_mixin.py:151} INFO - Failed to change /opt/***/logs/dag_id=etl_empenhos/run_id=manual__2026-03-30T18:00:03.985315+00:00/task_id=check_file_changes permission to 509: [Errno 1] Operation not permitted: '/opt/***/logs/dag_id=etl_empenhos/run_id=manual__2026-03-30T18:00:03.985315+00:00/task_id=check_file_changes'
[2026-03-30T18:00:05.467+0000] {logging_mixin.py:151} INFO - Changing /opt/***/logs/dag_id=etl_empenhos/run_id=manual__2026-03-30T18:00:03.985315+00:00/task_id=check_file_changes permission to 509
[2026-03-30T18:00:05.468+0000] {logging_mixin.py:151} INFO - Failed to change /opt/***/logs/dag_id=etl_empenhos/run_id=manual__2026-03-30T18:00:03.985315+00:00/task_id=check_file_changes permission to 509: [Errno 1] Operation not permitted: '/opt/***/logs/dag_id=etl_empenhos/run_id=manual__2026-03-30T18:00:03.985315+00:00/task_id=check_file_changes'
[2026-03-30T18:00:05.607+0000] {taskinstance.py:1157} INFO - Dependencies all met for dep_context=non-requeueable deps ti=<TaskInstance: etl_empenhos.check_file_changes manual__2026-03-30T18:00:03.985315+00:00 [queued]>
[2026-03-30T18:00:05.614+0000] {taskinstance.py:1157} INFO - Dependencies all met for dep_context=requeueable deps ti=<TaskInstance: etl_empenhos.check_file_changes manual__2026-03-30T18:00:03.985315+00:00 [queued]>
[2026-03-30T18:00:05.614+0000] {taskinstance.py:1359} INFO - Starting attempt 1 of 1
[2026-03-30T18:00:05.625+0000] {taskinstance.py:1380} INFO - Executing <Task(ShortCircuitOperator): check_file_changes> on 2026-03-30 18:00:03.985315+00:00
[2026-03-30T18:00:05.631+0000] {standard_task_runner.py:57} INFO - Started process 791 to run task
[2026-03-30T18:00:05.634+0000] {standard_task_runner.py:84} INFO - Running: ['***', 'tasks', 'run', 'etl_empenhos', 'check_file_changes', 'manual__2026-03-30T18:00:03.985315+00:00', '--job-id', '6', '--raw', '--subdir', 'DAGS_FOLDER/popula_banco.py', '--cfg-path', '/tmp/tmprck84f22']
[2026-03-30T18:00:05.637+0000] {standard_task_runner.py:85} INFO - Job 6: Subtask check_file_changes
[2026-03-30T18:00:05.681+0000] {logging_mixin.py:151} INFO - Changing /opt/***/logs/dag_id=etl_empenhos/run_id=manual__2026-03-30T18:00:03.985315+00:00/task_id=check_file_changes permission to 509
[2026-03-30T18:00:05.681+0000] {logging_mixin.py:151} INFO - Failed to change /opt/***/logs/dag_id=etl_empenhos/run_id=manual__2026-03-30T18:00:03.985315+00:00/task_id=check_file_changes permission to 509: [Errno 1] Operation not permitted: '/opt/***/logs/dag_id=etl_empenhos/run_id=manual__2026-03-30T18:00:03.985315+00:00/task_id=check_file_changes'
[2026-03-30T18:00:05.682+0000] {task_command.py:415} INFO - Running <TaskInstance: etl_empenhos.check_file_changes manual__2026-03-30T18:00:03.985315+00:00 [running]> on host 7df089d6b2ce
[2026-03-30T18:00:05.757+0000] {taskinstance.py:1660} INFO - Exporting env vars: AIRFLOW_CTX_DAG_OWNER='***' AIRFLOW_CTX_DAG_ID='etl_empenhos' AIRFLOW_CTX_TASK_ID='check_file_changes' AIRFLOW_CTX_EXECUTION_DATE='2026-03-30T18:00:03.985315+00:00' AIRFLOW_CTX_TRY_NUMBER='1' AIRFLOW_CTX_DAG_RUN_ID='manual__2026-03-30T18:00:03.985315+00:00'
[2026-03-30T18:00:05.759+0000] {logging_mixin.py:151} INFO - 🔎 Verificando mudanças no arquivo...
[2026-03-30T18:00:06.243+0000] {logging_mixin.py:151} INFO - 🔐 Checksum calculado: b54acac1816b38bfc68178c1d3d6f635
[2026-03-30T18:00:06.253+0000] {logging_mixin.py:151} INFO - 📌 Checksum anterior: None
[2026-03-30T18:00:06.253+0000] {logging_mixin.py:151} INFO - 📌 Checksum atual: b54acac1816b38bfc68178c1d3d6f635
[2026-03-30T18:00:06.254+0000] {logging_mixin.py:151} INFO - ⚠️ Arquivo mudou! Processamento será executado.
[2026-03-30T18:00:06.268+0000] {python.py:194} INFO - Done. Returned value was: True
[2026-03-30T18:00:06.269+0000] {python.py:264} INFO - Condition result is True
[2026-03-30T18:00:06.270+0000] {python.py:267} INFO - Proceeding with downstream tasks...
[2026-03-30T18:00:06.290+0000] {taskinstance.py:1398} INFO - Marking task as SUCCESS. dag_id=etl_empenhos, task_id=check_file_changes, execution_date=20260330T180003, start_date=20260330T180005, end_date=20260330T180006
[2026-03-30T18:00:06.341+0000] {local_task_job_runner.py:228} INFO - Task exited with return code 0
[2026-03-30T18:00:06.368+0000] {taskinstance.py:2776} INFO - 1 downstream tasks scheduled from follow-on schedule check
