[2026-03-30T17:15:54.796+0000] {processor.py:157} INFO - Started process (PID=173) to work on /opt/airflow/dags/dag_transparencia.py
[2026-03-30T17:15:54.797+0000] {processor.py:829} INFO - Processing file /opt/airflow/dags/dag_transparencia.py for tasks to queue
[2026-03-30T17:15:54.798+0000] {logging_mixin.py:151} INFO - [2026-03-30T17:15:54.797+0000] {dagbag.py:539} INFO - Filling up the DagBag from /opt/airflow/dags/dag_transparencia.py
[2026-03-30T17:15:56.065+0000] {processor.py:839} INFO - DAG(s) dict_keys(['etl_transparencia_macapa']) retrieved from /opt/airflow/dags/dag_transparencia.py
[2026-03-30T17:15:56.419+0000] {logging_mixin.py:151} INFO - [2026-03-30T17:15:56.419+0000] {manager.py:499} INFO - Created Permission View: %s
[2026-03-30T17:15:56.428+0000] {logging_mixin.py:151} INFO - [2026-03-30T17:15:56.428+0000] {manager.py:499} INFO - Created Permission View: %s
[2026-03-30T17:15:56.437+0000] {logging_mixin.py:151} INFO - [2026-03-30T17:15:56.436+0000] {manager.py:499} INFO - Created Permission View: %s
[2026-03-30T17:15:56.438+0000] {logging_mixin.py:151} INFO - [2026-03-30T17:15:56.437+0000] {security.py:708} INFO - Not syncing DAG-level permissions for DAG 'DAG:etl_transparencia_macapa' as access control is unset.
[2026-03-30T17:15:56.438+0000] {logging_mixin.py:151} INFO - [2026-03-30T17:15:56.438+0000] {dag.py:2915} INFO - Sync 1 DAGs
[2026-03-30T17:15:56.452+0000] {logging_mixin.py:151} INFO - [2026-03-30T17:15:56.452+0000] {dag.py:2937} INFO - Creating ORM DAG for etl_transparencia_macapa
[2026-03-30T17:15:56.462+0000] {logging_mixin.py:151} INFO - [2026-03-30T17:15:56.462+0000] {dag.py:3696} INFO - Setting next_dagrun for etl_transparencia_macapa to 2026-03-29T00:00:00+00:00, run_after=2026-03-30T00:00:00+00:00
[2026-03-30T17:15:56.484+0000] {processor.py:179} INFO - Processing /opt/airflow/dags/dag_transparencia.py took 1.629 seconds
[2026-03-30T17:16:27.115+0000] {processor.py:157} INFO - Started process (PID=184) to work on /opt/airflow/dags/dag_transparencia.py
[2026-03-30T17:16:27.116+0000] {processor.py:829} INFO - Processing file /opt/airflow/dags/dag_transparencia.py for tasks to queue
[2026-03-30T17:16:27.116+0000] {logging_mixin.py:151} INFO - [2026-03-30T17:16:27.116+0000] {dagbag.py:539} INFO - Filling up the DagBag from /opt/airflow/dags/dag_transparencia.py
[2026-03-30T17:16:27.527+0000] {processor.py:839} INFO - DAG(s) dict_keys(['etl_transparencia_macapa']) retrieved from /opt/airflow/dags/dag_transparencia.py
[2026-03-30T17:16:27.550+0000] {logging_mixin.py:151} INFO - [2026-03-30T17:16:27.549+0000] {dag.py:2915} INFO - Sync 1 DAGs
[2026-03-30T17:16:27.568+0000] {logging_mixin.py:151} INFO - [2026-03-30T17:16:27.568+0000] {dag.py:3696} INFO - Setting next_dagrun for etl_transparencia_macapa to 2026-03-29T00:00:00+00:00, run_after=2026-03-30T00:00:00+00:00
[2026-03-30T17:16:27.582+0000] {processor.py:179} INFO - Processing /opt/airflow/dags/dag_transparencia.py took 0.470 seconds
[2026-03-30T17:16:58.401+0000] {processor.py:157} INFO - Started process (PID=195) to work on /opt/airflow/dags/dag_transparencia.py
[2026-03-30T17:16:58.402+0000] {processor.py:829} INFO - Processing file /opt/airflow/dags/dag_transparencia.py for tasks to queue
[2026-03-30T17:16:58.402+0000] {logging_mixin.py:151} INFO - [2026-03-30T17:16:58.402+0000] {dagbag.py:539} INFO - Filling up the DagBag from /opt/airflow/dags/dag_transparencia.py
[2026-03-30T17:16:58.835+0000] {processor.py:839} INFO - DAG(s) dict_keys(['etl_transparencia_macapa']) retrieved from /opt/airflow/dags/dag_transparencia.py
[2026-03-30T17:16:58.859+0000] {logging_mixin.py:151} INFO - [2026-03-30T17:16:58.859+0000] {dag.py:2915} INFO - Sync 1 DAGs
[2026-03-30T17:16:58.878+0000] {logging_mixin.py:151} INFO - [2026-03-30T17:16:58.877+0000] {dag.py:3696} INFO - Setting next_dagrun for etl_transparencia_macapa to 2026-03-29T00:00:00+00:00, run_after=2026-03-30T00:00:00+00:00
[2026-03-30T17:16:58.894+0000] {processor.py:179} INFO - Processing /opt/airflow/dags/dag_transparencia.py took 0.496 seconds
[2026-03-30T17:17:29.815+0000] {processor.py:157} INFO - Started process (PID=206) to work on /opt/airflow/dags/dag_transparencia.py
[2026-03-30T17:17:29.816+0000] {processor.py:829} INFO - Processing file /opt/airflow/dags/dag_transparencia.py for tasks to queue
[2026-03-30T17:17:29.817+0000] {logging_mixin.py:151} INFO - [2026-03-30T17:17:29.817+0000] {dagbag.py:539} INFO - Filling up the DagBag from /opt/airflow/dags/dag_transparencia.py
[2026-03-30T17:17:30.148+0000] {processor.py:839} INFO - DAG(s) dict_keys(['etl_transparencia_macapa']) retrieved from /opt/airflow/dags/dag_transparencia.py
[2026-03-30T17:17:30.173+0000] {logging_mixin.py:151} INFO - [2026-03-30T17:17:30.172+0000] {dag.py:2915} INFO - Sync 1 DAGs
[2026-03-30T17:17:30.194+0000] {logging_mixin.py:151} INFO - [2026-03-30T17:17:30.193+0000] {dag.py:3696} INFO - Setting next_dagrun for etl_transparencia_macapa to 2026-03-29T00:00:00+00:00, run_after=2026-03-30T00:00:00+00:00
[2026-03-30T17:17:30.216+0000] {processor.py:179} INFO - Processing /opt/airflow/dags/dag_transparencia.py took 0.405 seconds
[2026-03-30T17:18:01.089+0000] {processor.py:157} INFO - Started process (PID=217) to work on /opt/airflow/dags/dag_transparencia.py
[2026-03-30T17:18:01.090+0000] {processor.py:829} INFO - Processing file /opt/airflow/dags/dag_transparencia.py for tasks to queue
[2026-03-30T17:18:01.091+0000] {logging_mixin.py:151} INFO - [2026-03-30T17:18:01.091+0000] {dagbag.py:539} INFO - Filling up the DagBag from /opt/airflow/dags/dag_transparencia.py
[2026-03-30T17:18:01.357+0000] {processor.py:839} INFO - DAG(s) dict_keys(['etl_transparencia_macapa']) retrieved from /opt/airflow/dags/dag_transparencia.py
[2026-03-30T17:18:01.380+0000] {logging_mixin.py:151} INFO - [2026-03-30T17:18:01.380+0000] {dag.py:2915} INFO - Sync 1 DAGs
[2026-03-30T17:18:01.400+0000] {logging_mixin.py:151} INFO - [2026-03-30T17:18:01.400+0000] {dag.py:3696} INFO - Setting next_dagrun for etl_transparencia_macapa to 2026-03-29T00:00:00+00:00, run_after=2026-03-30T00:00:00+00:00
[2026-03-30T17:18:01.416+0000] {processor.py:179} INFO - Processing /opt/airflow/dags/dag_transparencia.py took 0.330 seconds
[2026-03-30T17:18:32.392+0000] {processor.py:157} INFO - Started process (PID=228) to work on /opt/airflow/dags/dag_transparencia.py
[2026-03-30T17:18:32.393+0000] {processor.py:829} INFO - Processing file /opt/airflow/dags/dag_transparencia.py for tasks to queue
[2026-03-30T17:18:32.394+0000] {logging_mixin.py:151} INFO - [2026-03-30T17:18:32.394+0000] {dagbag.py:539} INFO - Filling up the DagBag from /opt/airflow/dags/dag_transparencia.py
[2026-03-30T17:18:32.686+0000] {processor.py:839} INFO - DAG(s) dict_keys(['etl_transparencia_macapa']) retrieved from /opt/airflow/dags/dag_transparencia.py
[2026-03-30T17:18:32.712+0000] {logging_mixin.py:151} INFO - [2026-03-30T17:18:32.712+0000] {dag.py:2915} INFO - Sync 1 DAGs
[2026-03-30T17:18:32.733+0000] {logging_mixin.py:151} INFO - [2026-03-30T17:18:32.733+0000] {dag.py:3696} INFO - Setting next_dagrun for etl_transparencia_macapa to 2026-03-29T00:00:00+00:00, run_after=2026-03-30T00:00:00+00:00
[2026-03-30T17:18:32.749+0000] {processor.py:179} INFO - Processing /opt/airflow/dags/dag_transparencia.py took 0.360 seconds
[2026-03-30T17:19:03.710+0000] {processor.py:157} INFO - Started process (PID=239) to work on /opt/airflow/dags/dag_transparencia.py
[2026-03-30T17:19:03.711+0000] {processor.py:829} INFO - Processing file /opt/airflow/dags/dag_transparencia.py for tasks to queue
[2026-03-30T17:19:03.711+0000] {logging_mixin.py:151} INFO - [2026-03-30T17:19:03.711+0000] {dagbag.py:539} INFO - Filling up the DagBag from /opt/airflow/dags/dag_transparencia.py
[2026-03-30T17:19:04.011+0000] {processor.py:839} INFO - DAG(s) dict_keys(['etl_transparencia_macapa']) retrieved from /opt/airflow/dags/dag_transparencia.py
[2026-03-30T17:19:04.036+0000] {logging_mixin.py:151} INFO - [2026-03-30T17:19:04.036+0000] {dag.py:2915} INFO - Sync 1 DAGs
[2026-03-30T17:19:04.056+0000] {logging_mixin.py:151} INFO - [2026-03-30T17:19:04.056+0000] {dag.py:3696} INFO - Setting next_dagrun for etl_transparencia_macapa to 2026-03-29T00:00:00+00:00, run_after=2026-03-30T00:00:00+00:00
[2026-03-30T17:19:04.072+0000] {processor.py:179} INFO - Processing /opt/airflow/dags/dag_transparencia.py took 0.364 seconds
[2026-03-30T17:19:35.002+0000] {processor.py:157} INFO - Started process (PID=250) to work on /opt/airflow/dags/dag_transparencia.py
[2026-03-30T17:19:35.003+0000] {processor.py:829} INFO - Processing file /opt/airflow/dags/dag_transparencia.py for tasks to queue
[2026-03-30T17:19:35.003+0000] {logging_mixin.py:151} INFO - [2026-03-30T17:19:35.003+0000] {dagbag.py:539} INFO - Filling up the DagBag from /opt/airflow/dags/dag_transparencia.py
[2026-03-30T17:19:35.268+0000] {processor.py:839} INFO - DAG(s) dict_keys(['etl_transparencia_macapa']) retrieved from /opt/airflow/dags/dag_transparencia.py
[2026-03-30T17:19:35.292+0000] {logging_mixin.py:151} INFO - [2026-03-30T17:19:35.291+0000] {dag.py:2915} INFO - Sync 1 DAGs
[2026-03-30T17:19:35.311+0000] {logging_mixin.py:151} INFO - [2026-03-30T17:19:35.310+0000] {dag.py:3696} INFO - Setting next_dagrun for etl_transparencia_macapa to 2026-03-29T00:00:00+00:00, run_after=2026-03-30T00:00:00+00:00
[2026-03-30T17:19:35.327+0000] {processor.py:179} INFO - Processing /opt/airflow/dags/dag_transparencia.py took 0.327 seconds
[2026-03-30T17:20:06.300+0000] {processor.py:157} INFO - Started process (PID=261) to work on /opt/airflow/dags/dag_transparencia.py
[2026-03-30T17:20:06.301+0000] {processor.py:829} INFO - Processing file /opt/airflow/dags/dag_transparencia.py for tasks to queue
[2026-03-30T17:20:06.302+0000] {logging_mixin.py:151} INFO - [2026-03-30T17:20:06.301+0000] {dagbag.py:539} INFO - Filling up the DagBag from /opt/airflow/dags/dag_transparencia.py
[2026-03-30T17:20:06.567+0000] {processor.py:839} INFO - DAG(s) dict_keys(['etl_transparencia_macapa']) retrieved from /opt/airflow/dags/dag_transparencia.py
[2026-03-30T17:20:06.592+0000] {logging_mixin.py:151} INFO - [2026-03-30T17:20:06.591+0000] {dag.py:2915} INFO - Sync 1 DAGs
[2026-03-30T17:20:06.613+0000] {logging_mixin.py:151} INFO - [2026-03-30T17:20:06.613+0000] {dag.py:3696} INFO - Setting next_dagrun for etl_transparencia_macapa to 2026-03-29T00:00:00+00:00, run_after=2026-03-30T00:00:00+00:00
[2026-03-30T17:20:06.640+0000] {processor.py:179} INFO - Processing /opt/airflow/dags/dag_transparencia.py took 0.343 seconds
[2026-03-30T17:20:46.286+0000] {processor.py:157} INFO - Started process (PID=170) to work on /opt/airflow/dags/dag_transparencia.py
[2026-03-30T17:20:46.288+0000] {processor.py:829} INFO - Processing file /opt/airflow/dags/dag_transparencia.py for tasks to queue
[2026-03-30T17:20:46.288+0000] {logging_mixin.py:151} INFO - [2026-03-30T17:20:46.288+0000] {dagbag.py:539} INFO - Filling up the DagBag from /opt/airflow/dags/dag_transparencia.py
[2026-03-30T17:20:46.706+0000] {processor.py:839} INFO - DAG(s) dict_keys(['etl_transparencia_macapa']) retrieved from /opt/airflow/dags/dag_transparencia.py
[2026-03-30T17:20:46.727+0000] {logging_mixin.py:151} INFO - [2026-03-30T17:20:46.726+0000] {dag.py:2915} INFO - Sync 1 DAGs
[2026-03-30T17:20:46.744+0000] {logging_mixin.py:151} INFO - [2026-03-30T17:20:46.744+0000] {dag.py:3696} INFO - Setting next_dagrun for etl_transparencia_macapa to 2026-03-29T00:00:00+00:00, run_after=2026-03-30T00:00:00+00:00
[2026-03-30T17:20:46.771+0000] {processor.py:179} INFO - Processing /opt/airflow/dags/dag_transparencia.py took 0.487 seconds
[2026-03-30T17:21:17.373+0000] {processor.py:157} INFO - Started process (PID=183) to work on /opt/airflow/dags/dag_transparencia.py
[2026-03-30T17:21:17.374+0000] {processor.py:829} INFO - Processing file /opt/airflow/dags/dag_transparencia.py for tasks to queue
[2026-03-30T17:21:17.375+0000] {logging_mixin.py:151} INFO - [2026-03-30T17:21:17.375+0000] {dagbag.py:539} INFO - Filling up the DagBag from /opt/airflow/dags/dag_transparencia.py
[2026-03-30T17:21:17.785+0000] {processor.py:839} INFO - DAG(s) dict_keys(['etl_transparencia_macapa']) retrieved from /opt/airflow/dags/dag_transparencia.py
[2026-03-30T17:21:17.807+0000] {logging_mixin.py:151} INFO - [2026-03-30T17:21:17.806+0000] {dag.py:2915} INFO - Sync 1 DAGs
[2026-03-30T17:21:17.824+0000] {logging_mixin.py:151} INFO - [2026-03-30T17:21:17.823+0000] {dag.py:3696} INFO - Setting next_dagrun for etl_transparencia_macapa to 2026-03-29T00:00:00+00:00, run_after=2026-03-30T00:00:00+00:00
[2026-03-30T17:21:17.837+0000] {processor.py:179} INFO - Processing /opt/airflow/dags/dag_transparencia.py took 0.466 seconds
[2026-03-30T17:21:48.675+0000] {processor.py:157} INFO - Started process (PID=194) to work on /opt/airflow/dags/dag_transparencia.py
[2026-03-30T17:21:48.676+0000] {processor.py:829} INFO - Processing file /opt/airflow/dags/dag_transparencia.py for tasks to queue
[2026-03-30T17:21:48.677+0000] {logging_mixin.py:151} INFO - [2026-03-30T17:21:48.676+0000] {dagbag.py:539} INFO - Filling up the DagBag from /opt/airflow/dags/dag_transparencia.py
[2026-03-30T17:21:49.052+0000] {processor.py:839} INFO - DAG(s) dict_keys(['etl_transparencia_macapa']) retrieved from /opt/airflow/dags/dag_transparencia.py
[2026-03-30T17:21:49.073+0000] {logging_mixin.py:151} INFO - [2026-03-30T17:21:49.072+0000] {dag.py:2915} INFO - Sync 1 DAGs
[2026-03-30T17:21:49.089+0000] {logging_mixin.py:151} INFO - [2026-03-30T17:21:49.089+0000] {dag.py:3696} INFO - Setting next_dagrun for etl_transparencia_macapa to 2026-03-29T00:00:00+00:00, run_after=2026-03-30T00:00:00+00:00
[2026-03-30T17:21:49.111+0000] {processor.py:179} INFO - Processing /opt/airflow/dags/dag_transparencia.py took 0.438 seconds
[2026-03-30T17:22:19.984+0000] {processor.py:157} INFO - Started process (PID=205) to work on /opt/airflow/dags/dag_transparencia.py
[2026-03-30T17:22:19.985+0000] {processor.py:829} INFO - Processing file /opt/airflow/dags/dag_transparencia.py for tasks to queue
[2026-03-30T17:22:19.986+0000] {logging_mixin.py:151} INFO - [2026-03-30T17:22:19.986+0000] {dagbag.py:539} INFO - Filling up the DagBag from /opt/airflow/dags/dag_transparencia.py
[2026-03-30T17:22:20.387+0000] {processor.py:839} INFO - DAG(s) dict_keys(['etl_transparencia_macapa']) retrieved from /opt/airflow/dags/dag_transparencia.py
[2026-03-30T17:22:20.410+0000] {logging_mixin.py:151} INFO - [2026-03-30T17:22:20.409+0000] {dag.py:2915} INFO - Sync 1 DAGs
[2026-03-30T17:22:20.427+0000] {logging_mixin.py:151} INFO - [2026-03-30T17:22:20.427+0000] {dag.py:3696} INFO - Setting next_dagrun for etl_transparencia_macapa to 2026-03-29T00:00:00+00:00, run_after=2026-03-30T00:00:00+00:00
[2026-03-30T17:22:20.442+0000] {processor.py:179} INFO - Processing /opt/airflow/dags/dag_transparencia.py took 0.461 seconds
[2026-03-30T17:22:51.298+0000] {processor.py:157} INFO - Started process (PID=216) to work on /opt/airflow/dags/dag_transparencia.py
[2026-03-30T17:22:51.299+0000] {processor.py:829} INFO - Processing file /opt/airflow/dags/dag_transparencia.py for tasks to queue
[2026-03-30T17:22:51.300+0000] {logging_mixin.py:151} INFO - [2026-03-30T17:22:51.299+0000] {dagbag.py:539} INFO - Filling up the DagBag from /opt/airflow/dags/dag_transparencia.py
[2026-03-30T17:22:51.675+0000] {processor.py:839} INFO - DAG(s) dict_keys(['etl_transparencia_macapa']) retrieved from /opt/airflow/dags/dag_transparencia.py
[2026-03-30T17:22:51.704+0000] {logging_mixin.py:151} INFO - [2026-03-30T17:22:51.702+0000] {dag.py:2915} INFO - Sync 1 DAGs
[2026-03-30T17:22:51.727+0000] {logging_mixin.py:151} INFO - [2026-03-30T17:22:51.727+0000] {dag.py:3696} INFO - Setting next_dagrun for etl_transparencia_macapa to 2026-03-29T00:00:00+00:00, run_after=2026-03-30T00:00:00+00:00
[2026-03-30T17:22:51.754+0000] {processor.py:179} INFO - Processing /opt/airflow/dags/dag_transparencia.py took 0.459 seconds
[2026-03-30T17:23:22.579+0000] {processor.py:157} INFO - Started process (PID=227) to work on /opt/airflow/dags/dag_transparencia.py
[2026-03-30T17:23:22.580+0000] {processor.py:829} INFO - Processing file /opt/airflow/dags/dag_transparencia.py for tasks to queue
[2026-03-30T17:23:22.581+0000] {logging_mixin.py:151} INFO - [2026-03-30T17:23:22.581+0000] {dagbag.py:539} INFO - Filling up the DagBag from /opt/airflow/dags/dag_transparencia.py
[2026-03-30T17:23:22.993+0000] {processor.py:839} INFO - DAG(s) dict_keys(['etl_transparencia_macapa']) retrieved from /opt/airflow/dags/dag_transparencia.py
[2026-03-30T17:23:23.015+0000] {logging_mixin.py:151} INFO - [2026-03-30T17:23:23.014+0000] {dag.py:2915} INFO - Sync 1 DAGs
[2026-03-30T17:23:23.033+0000] {logging_mixin.py:151} INFO - [2026-03-30T17:23:23.033+0000] {dag.py:3696} INFO - Setting next_dagrun for etl_transparencia_macapa to 2026-03-29T00:00:00+00:00, run_after=2026-03-30T00:00:00+00:00
[2026-03-30T17:23:23.050+0000] {processor.py:179} INFO - Processing /opt/airflow/dags/dag_transparencia.py took 0.473 seconds
[2026-03-30T17:23:53.884+0000] {processor.py:157} INFO - Started process (PID=238) to work on /opt/airflow/dags/dag_transparencia.py
[2026-03-30T17:23:53.885+0000] {processor.py:829} INFO - Processing file /opt/airflow/dags/dag_transparencia.py for tasks to queue
[2026-03-30T17:23:53.886+0000] {logging_mixin.py:151} INFO - [2026-03-30T17:23:53.886+0000] {dagbag.py:539} INFO - Filling up the DagBag from /opt/airflow/dags/dag_transparencia.py
[2026-03-30T17:23:54.297+0000] {processor.py:839} INFO - DAG(s) dict_keys(['etl_transparencia_macapa']) retrieved from /opt/airflow/dags/dag_transparencia.py
[2026-03-30T17:23:54.318+0000] {logging_mixin.py:151} INFO - [2026-03-30T17:23:54.318+0000] {dag.py:2915} INFO - Sync 1 DAGs
[2026-03-30T17:23:54.336+0000] {logging_mixin.py:151} INFO - [2026-03-30T17:23:54.336+0000] {dag.py:3696} INFO - Setting next_dagrun for etl_transparencia_macapa to 2026-03-29T00:00:00+00:00, run_after=2026-03-30T00:00:00+00:00
[2026-03-30T17:23:54.351+0000] {processor.py:179} INFO - Processing /opt/airflow/dags/dag_transparencia.py took 0.469 seconds
[2026-03-30T17:24:25.200+0000] {processor.py:157} INFO - Started process (PID=249) to work on /opt/airflow/dags/dag_transparencia.py
[2026-03-30T17:24:25.201+0000] {processor.py:829} INFO - Processing file /opt/airflow/dags/dag_transparencia.py for tasks to queue
[2026-03-30T17:24:25.201+0000] {logging_mixin.py:151} INFO - [2026-03-30T17:24:25.201+0000] {dagbag.py:539} INFO - Filling up the DagBag from /opt/airflow/dags/dag_transparencia.py
[2026-03-30T17:24:25.580+0000] {processor.py:839} INFO - DAG(s) dict_keys(['etl_transparencia_macapa']) retrieved from /opt/airflow/dags/dag_transparencia.py
[2026-03-30T17:24:25.604+0000] {logging_mixin.py:151} INFO - [2026-03-30T17:24:25.604+0000] {dag.py:2915} INFO - Sync 1 DAGs
[2026-03-30T17:24:25.623+0000] {logging_mixin.py:151} INFO - [2026-03-30T17:24:25.623+0000] {dag.py:3696} INFO - Setting next_dagrun for etl_transparencia_macapa to 2026-03-29T00:00:00+00:00, run_after=2026-03-30T00:00:00+00:00
[2026-03-30T17:24:25.638+0000] {processor.py:179} INFO - Processing /opt/airflow/dags/dag_transparencia.py took 0.440 seconds
[2026-03-30T17:24:56.502+0000] {processor.py:157} INFO - Started process (PID=260) to work on /opt/airflow/dags/dag_transparencia.py
[2026-03-30T17:24:56.503+0000] {processor.py:829} INFO - Processing file /opt/airflow/dags/dag_transparencia.py for tasks to queue
[2026-03-30T17:24:56.503+0000] {logging_mixin.py:151} INFO - [2026-03-30T17:24:56.503+0000] {dagbag.py:539} INFO - Filling up the DagBag from /opt/airflow/dags/dag_transparencia.py
[2026-03-30T17:24:56.888+0000] {processor.py:839} INFO - DAG(s) dict_keys(['etl_transparencia_macapa']) retrieved from /opt/airflow/dags/dag_transparencia.py
[2026-03-30T17:24:56.911+0000] {logging_mixin.py:151} INFO - [2026-03-30T17:24:56.911+0000] {dag.py:2915} INFO - Sync 1 DAGs
[2026-03-30T17:24:56.929+0000] {logging_mixin.py:151} INFO - [2026-03-30T17:24:56.928+0000] {dag.py:3696} INFO - Setting next_dagrun for etl_transparencia_macapa to 2026-03-29T00:00:00+00:00, run_after=2026-03-30T00:00:00+00:00
[2026-03-30T17:24:56.943+0000] {processor.py:179} INFO - Processing /opt/airflow/dags/dag_transparencia.py took 0.444 seconds
[2026-03-30T17:25:27.903+0000] {processor.py:157} INFO - Started process (PID=271) to work on /opt/airflow/dags/dag_transparencia.py
[2026-03-30T17:25:27.904+0000] {processor.py:829} INFO - Processing file /opt/airflow/dags/dag_transparencia.py for tasks to queue
[2026-03-30T17:25:27.904+0000] {logging_mixin.py:151} INFO - [2026-03-30T17:25:27.904+0000] {dagbag.py:539} INFO - Filling up the DagBag from /opt/airflow/dags/dag_transparencia.py
[2026-03-30T17:25:28.340+0000] {processor.py:839} INFO - DAG(s) dict_keys(['etl_transparencia_macapa']) retrieved from /opt/airflow/dags/dag_transparencia.py
[2026-03-30T17:25:28.365+0000] {logging_mixin.py:151} INFO - [2026-03-30T17:25:28.364+0000] {dag.py:2915} INFO - Sync 1 DAGs
[2026-03-30T17:25:28.385+0000] {logging_mixin.py:151} INFO - [2026-03-30T17:25:28.385+0000] {dag.py:3696} INFO - Setting next_dagrun for etl_transparencia_macapa to 2026-03-29T00:00:00+00:00, run_after=2026-03-30T00:00:00+00:00
[2026-03-30T17:25:28.401+0000] {processor.py:179} INFO - Processing /opt/airflow/dags/dag_transparencia.py took 0.501 seconds
[2026-03-30T17:25:59.322+0000] {processor.py:157} INFO - Started process (PID=282) to work on /opt/airflow/dags/dag_transparencia.py
[2026-03-30T17:25:59.323+0000] {processor.py:829} INFO - Processing file /opt/airflow/dags/dag_transparencia.py for tasks to queue
[2026-03-30T17:25:59.323+0000] {logging_mixin.py:151} INFO - [2026-03-30T17:25:59.323+0000] {dagbag.py:539} INFO - Filling up the DagBag from /opt/airflow/dags/dag_transparencia.py
[2026-03-30T17:25:59.628+0000] {processor.py:839} INFO - DAG(s) dict_keys(['etl_transparencia_macapa']) retrieved from /opt/airflow/dags/dag_transparencia.py
[2026-03-30T17:25:59.655+0000] {logging_mixin.py:151} INFO - [2026-03-30T17:25:59.655+0000] {dag.py:2915} INFO - Sync 1 DAGs
[2026-03-30T17:25:59.678+0000] {logging_mixin.py:151} INFO - [2026-03-30T17:25:59.678+0000] {dag.py:3696} INFO - Setting next_dagrun for etl_transparencia_macapa to 2026-03-29T00:00:00+00:00, run_after=2026-03-30T00:00:00+00:00
[2026-03-30T17:25:59.697+0000] {processor.py:179} INFO - Processing /opt/airflow/dags/dag_transparencia.py took 0.377 seconds
[2026-03-30T17:26:30.633+0000] {processor.py:157} INFO - Started process (PID=293) to work on /opt/airflow/dags/dag_transparencia.py
[2026-03-30T17:26:30.634+0000] {processor.py:829} INFO - Processing file /opt/airflow/dags/dag_transparencia.py for tasks to queue
[2026-03-30T17:26:30.635+0000] {logging_mixin.py:151} INFO - [2026-03-30T17:26:30.634+0000] {dagbag.py:539} INFO - Filling up the DagBag from /opt/airflow/dags/dag_transparencia.py
[2026-03-30T17:26:30.930+0000] {processor.py:839} INFO - DAG(s) dict_keys(['etl_transparencia_macapa']) retrieved from /opt/airflow/dags/dag_transparencia.py
[2026-03-30T17:26:30.960+0000] {logging_mixin.py:151} INFO - [2026-03-30T17:26:30.959+0000] {dag.py:2915} INFO - Sync 1 DAGs
[2026-03-30T17:26:30.988+0000] {logging_mixin.py:151} INFO - [2026-03-30T17:26:30.988+0000] {dag.py:3696} INFO - Setting next_dagrun for etl_transparencia_macapa to 2026-03-29T00:00:00+00:00, run_after=2026-03-30T00:00:00+00:00
[2026-03-30T17:26:31.011+0000] {processor.py:179} INFO - Processing /opt/airflow/dags/dag_transparencia.py took 0.381 seconds
[2026-03-30T17:27:01.942+0000] {processor.py:157} INFO - Started process (PID=304) to work on /opt/airflow/dags/dag_transparencia.py
[2026-03-30T17:27:01.943+0000] {processor.py:829} INFO - Processing file /opt/airflow/dags/dag_transparencia.py for tasks to queue
[2026-03-30T17:27:01.944+0000] {logging_mixin.py:151} INFO - [2026-03-30T17:27:01.944+0000] {dagbag.py:539} INFO - Filling up the DagBag from /opt/airflow/dags/dag_transparencia.py
[2026-03-30T17:27:02.198+0000] {processor.py:839} INFO - DAG(s) dict_keys(['etl_transparencia_macapa']) retrieved from /opt/airflow/dags/dag_transparencia.py
[2026-03-30T17:27:02.223+0000] {logging_mixin.py:151} INFO - [2026-03-30T17:27:02.223+0000] {dag.py:2915} INFO - Sync 1 DAGs
[2026-03-30T17:27:02.241+0000] {logging_mixin.py:151} INFO - [2026-03-30T17:27:02.241+0000] {dag.py:3696} INFO - Setting next_dagrun for etl_transparencia_macapa to 2026-03-29T00:00:00+00:00, run_after=2026-03-30T00:00:00+00:00
[2026-03-30T17:27:02.257+0000] {processor.py:179} INFO - Processing /opt/airflow/dags/dag_transparencia.py took 0.317 seconds
[2026-03-30T17:27:32.291+0000] {processor.py:157} INFO - Started process (PID=315) to work on /opt/airflow/dags/dag_transparencia.py
[2026-03-30T17:27:32.292+0000] {processor.py:829} INFO - Processing file /opt/airflow/dags/dag_transparencia.py for tasks to queue
[2026-03-30T17:27:32.292+0000] {logging_mixin.py:151} INFO - [2026-03-30T17:27:32.292+0000] {dagbag.py:539} INFO - Filling up the DagBag from /opt/airflow/dags/dag_transparencia.py
[2026-03-30T17:27:32.559+0000] {processor.py:839} INFO - DAG(s) dict_keys(['etl_transparencia_macapa']) retrieved from /opt/airflow/dags/dag_transparencia.py
[2026-03-30T17:27:32.590+0000] {logging_mixin.py:151} INFO - [2026-03-30T17:27:32.590+0000] {dag.py:2915} INFO - Sync 1 DAGs
[2026-03-30T17:27:32.611+0000] {logging_mixin.py:151} INFO - [2026-03-30T17:27:32.610+0000] {dag.py:3696} INFO - Setting next_dagrun for etl_transparencia_macapa to 2026-03-29T00:00:00+00:00, run_after=2026-03-30T00:00:00+00:00
[2026-03-30T17:27:32.626+0000] {processor.py:179} INFO - Processing /opt/airflow/dags/dag_transparencia.py took 0.338 seconds
[2026-03-30T17:28:03.584+0000] {processor.py:157} INFO - Started process (PID=326) to work on /opt/airflow/dags/dag_transparencia.py
[2026-03-30T17:28:03.585+0000] {processor.py:829} INFO - Processing file /opt/airflow/dags/dag_transparencia.py for tasks to queue
[2026-03-30T17:28:03.586+0000] {logging_mixin.py:151} INFO - [2026-03-30T17:28:03.585+0000] {dagbag.py:539} INFO - Filling up the DagBag from /opt/airflow/dags/dag_transparencia.py
[2026-03-30T17:28:03.874+0000] {processor.py:839} INFO - DAG(s) dict_keys(['etl_transparencia_macapa']) retrieved from /opt/airflow/dags/dag_transparencia.py
[2026-03-30T17:28:03.903+0000] {logging_mixin.py:151} INFO - [2026-03-30T17:28:03.902+0000] {dag.py:2915} INFO - Sync 1 DAGs
[2026-03-30T17:28:03.924+0000] {logging_mixin.py:151} INFO - [2026-03-30T17:28:03.924+0000] {dag.py:3696} INFO - Setting next_dagrun for etl_transparencia_macapa to 2026-03-29T00:00:00+00:00, run_after=2026-03-30T00:00:00+00:00
[2026-03-30T17:28:03.941+0000] {processor.py:179} INFO - Processing /opt/airflow/dags/dag_transparencia.py took 0.360 seconds
[2026-03-30T17:28:34.868+0000] {processor.py:157} INFO - Started process (PID=337) to work on /opt/airflow/dags/dag_transparencia.py
[2026-03-30T17:28:34.869+0000] {processor.py:829} INFO - Processing file /opt/airflow/dags/dag_transparencia.py for tasks to queue
[2026-03-30T17:28:34.870+0000] {logging_mixin.py:151} INFO - [2026-03-30T17:28:34.870+0000] {dagbag.py:539} INFO - Filling up the DagBag from /opt/airflow/dags/dag_transparencia.py
[2026-03-30T17:28:35.153+0000] {processor.py:839} INFO - DAG(s) dict_keys(['etl_transparencia_macapa']) retrieved from /opt/airflow/dags/dag_transparencia.py
[2026-03-30T17:28:35.183+0000] {logging_mixin.py:151} INFO - [2026-03-30T17:28:35.182+0000] {dag.py:2915} INFO - Sync 1 DAGs
[2026-03-30T17:28:35.205+0000] {logging_mixin.py:151} INFO - [2026-03-30T17:28:35.205+0000] {dag.py:3696} INFO - Setting next_dagrun for etl_transparencia_macapa to 2026-03-29T00:00:00+00:00, run_after=2026-03-30T00:00:00+00:00
[2026-03-30T17:28:35.226+0000] {processor.py:179} INFO - Processing /opt/airflow/dags/dag_transparencia.py took 0.360 seconds
[2026-03-30T17:29:06.181+0000] {processor.py:157} INFO - Started process (PID=348) to work on /opt/airflow/dags/dag_transparencia.py
[2026-03-30T17:29:06.182+0000] {processor.py:829} INFO - Processing file /opt/airflow/dags/dag_transparencia.py for tasks to queue
[2026-03-30T17:29:06.183+0000] {logging_mixin.py:151} INFO - [2026-03-30T17:29:06.183+0000] {dagbag.py:539} INFO - Filling up the DagBag from /opt/airflow/dags/dag_transparencia.py
[2026-03-30T17:29:06.443+0000] {processor.py:839} INFO - DAG(s) dict_keys(['etl_transparencia_macapa']) retrieved from /opt/airflow/dags/dag_transparencia.py
[2026-03-30T17:29:06.471+0000] {logging_mixin.py:151} INFO - [2026-03-30T17:29:06.470+0000] {dag.py:2915} INFO - Sync 1 DAGs
[2026-03-30T17:29:06.491+0000] {logging_mixin.py:151} INFO - [2026-03-30T17:29:06.490+0000] {dag.py:3696} INFO - Setting next_dagrun for etl_transparencia_macapa to 2026-03-29T00:00:00+00:00, run_after=2026-03-30T00:00:00+00:00
[2026-03-30T17:29:06.507+0000] {processor.py:179} INFO - Processing /opt/airflow/dags/dag_transparencia.py took 0.329 seconds
[2026-03-30T17:34:39.241+0000] {processor.py:157} INFO - Started process (PID=173) to work on /opt/airflow/dags/dag_transparencia.py
[2026-03-30T17:34:39.242+0000] {processor.py:829} INFO - Processing file /opt/airflow/dags/dag_transparencia.py for tasks to queue
[2026-03-30T17:34:39.243+0000] {logging_mixin.py:151} INFO - [2026-03-30T17:34:39.243+0000] {dagbag.py:539} INFO - Filling up the DagBag from /opt/airflow/dags/dag_transparencia.py
[2026-03-30T17:34:40.570+0000] {processor.py:839} INFO - DAG(s) dict_keys(['etl_transparencia_macapa']) retrieved from /opt/airflow/dags/dag_transparencia.py
[2026-03-30T17:34:40.743+0000] {logging_mixin.py:151} INFO - [2026-03-30T17:34:40.743+0000] {manager.py:499} INFO - Created Permission View: %s
[2026-03-30T17:34:40.753+0000] {logging_mixin.py:151} INFO - [2026-03-30T17:34:40.753+0000] {manager.py:499} INFO - Created Permission View: %s
[2026-03-30T17:34:40.760+0000] {logging_mixin.py:151} INFO - [2026-03-30T17:34:40.759+0000] {manager.py:499} INFO - Created Permission View: %s
[2026-03-30T17:34:40.761+0000] {logging_mixin.py:151} INFO - [2026-03-30T17:34:40.760+0000] {security.py:708} INFO - Not syncing DAG-level permissions for DAG 'DAG:etl_transparencia_macapa' as access control is unset.
[2026-03-30T17:34:40.761+0000] {logging_mixin.py:151} INFO - [2026-03-30T17:34:40.761+0000] {dag.py:2915} INFO - Sync 1 DAGs
[2026-03-30T17:34:40.772+0000] {logging_mixin.py:151} INFO - [2026-03-30T17:34:40.772+0000] {dag.py:2937} INFO - Creating ORM DAG for etl_transparencia_macapa
[2026-03-30T17:34:40.782+0000] {logging_mixin.py:151} INFO - [2026-03-30T17:34:40.782+0000] {dag.py:3696} INFO - Setting next_dagrun for etl_transparencia_macapa to 2026-03-29T00:00:00+00:00, run_after=2026-03-30T00:00:00+00:00
[2026-03-30T17:34:40.799+0000] {processor.py:179} INFO - Processing /opt/airflow/dags/dag_transparencia.py took 1.560 seconds
[2026-03-30T17:35:11.537+0000] {processor.py:157} INFO - Started process (PID=184) to work on /opt/airflow/dags/dag_transparencia.py
[2026-03-30T17:35:11.538+0000] {processor.py:829} INFO - Processing file /opt/airflow/dags/dag_transparencia.py for tasks to queue
[2026-03-30T17:35:11.538+0000] {logging_mixin.py:151} INFO - [2026-03-30T17:35:11.538+0000] {dagbag.py:539} INFO - Filling up the DagBag from /opt/airflow/dags/dag_transparencia.py
[2026-03-30T17:35:11.940+0000] {processor.py:839} INFO - DAG(s) dict_keys(['etl_transparencia_macapa']) retrieved from /opt/airflow/dags/dag_transparencia.py
[2026-03-30T17:35:11.962+0000] {logging_mixin.py:151} INFO - [2026-03-30T17:35:11.961+0000] {dag.py:2915} INFO - Sync 1 DAGs
[2026-03-30T17:35:11.978+0000] {logging_mixin.py:151} INFO - [2026-03-30T17:35:11.977+0000] {dag.py:3696} INFO - Setting next_dagrun for etl_transparencia_macapa to 2026-03-29T00:00:00+00:00, run_after=2026-03-30T00:00:00+00:00
[2026-03-30T17:35:11.992+0000] {processor.py:179} INFO - Processing /opt/airflow/dags/dag_transparencia.py took 0.458 seconds
[2026-03-30T17:36:45.858+0000] {processor.py:157} INFO - Started process (PID=173) to work on /opt/airflow/dags/dag_transparencia.py
[2026-03-30T17:36:45.859+0000] {processor.py:829} INFO - Processing file /opt/airflow/dags/dag_transparencia.py for tasks to queue
[2026-03-30T17:36:45.860+0000] {logging_mixin.py:151} INFO - [2026-03-30T17:36:45.860+0000] {dagbag.py:539} INFO - Filling up the DagBag from /opt/airflow/dags/dag_transparencia.py
[2026-03-30T17:36:47.010+0000] {processor.py:839} INFO - DAG(s) dict_keys(['etl_transparencia_macapa']) retrieved from /opt/airflow/dags/dag_transparencia.py
[2026-03-30T17:36:47.185+0000] {logging_mixin.py:151} INFO - [2026-03-30T17:36:47.185+0000] {manager.py:499} INFO - Created Permission View: %s
[2026-03-30T17:36:47.194+0000] {logging_mixin.py:151} INFO - [2026-03-30T17:36:47.194+0000] {manager.py:499} INFO - Created Permission View: %s
[2026-03-30T17:36:47.201+0000] {logging_mixin.py:151} INFO - [2026-03-30T17:36:47.201+0000] {manager.py:499} INFO - Created Permission View: %s
[2026-03-30T17:36:47.202+0000] {logging_mixin.py:151} INFO - [2026-03-30T17:36:47.201+0000] {security.py:708} INFO - Not syncing DAG-level permissions for DAG 'DAG:etl_transparencia_macapa' as access control is unset.
[2026-03-30T17:36:47.202+0000] {logging_mixin.py:151} INFO - [2026-03-30T17:36:47.202+0000] {dag.py:2915} INFO - Sync 1 DAGs
[2026-03-30T17:36:47.212+0000] {logging_mixin.py:151} INFO - [2026-03-30T17:36:47.211+0000] {dag.py:2937} INFO - Creating ORM DAG for etl_transparencia_macapa
[2026-03-30T17:36:47.221+0000] {logging_mixin.py:151} INFO - [2026-03-30T17:36:47.221+0000] {dag.py:3696} INFO - Setting next_dagrun for etl_transparencia_macapa to 2026-03-29T00:00:00+00:00, run_after=2026-03-30T00:00:00+00:00
[2026-03-30T17:36:47.239+0000] {processor.py:179} INFO - Processing /opt/airflow/dags/dag_transparencia.py took 1.383 seconds
[2026-03-30T17:37:18.192+0000] {processor.py:157} INFO - Started process (PID=184) to work on /opt/airflow/dags/dag_transparencia.py
[2026-03-30T17:37:18.193+0000] {processor.py:829} INFO - Processing file /opt/airflow/dags/dag_transparencia.py for tasks to queue
[2026-03-30T17:37:18.194+0000] {logging_mixin.py:151} INFO - [2026-03-30T17:37:18.194+0000] {dagbag.py:539} INFO - Filling up the DagBag from /opt/airflow/dags/dag_transparencia.py
[2026-03-30T17:37:18.615+0000] {processor.py:839} INFO - DAG(s) dict_keys(['etl_transparencia_macapa']) retrieved from /opt/airflow/dags/dag_transparencia.py
[2026-03-30T17:37:18.638+0000] {logging_mixin.py:151} INFO - [2026-03-30T17:37:18.638+0000] {dag.py:2915} INFO - Sync 1 DAGs
[2026-03-30T17:37:18.656+0000] {logging_mixin.py:151} INFO - [2026-03-30T17:37:18.656+0000] {dag.py:3696} INFO - Setting next_dagrun for etl_transparencia_macapa to 2026-03-29T00:00:00+00:00, run_after=2026-03-30T00:00:00+00:00
[2026-03-30T17:37:18.672+0000] {processor.py:179} INFO - Processing /opt/airflow/dags/dag_transparencia.py took 0.484 seconds
[2026-03-30T17:37:49.546+0000] {processor.py:157} INFO - Started process (PID=195) to work on /opt/airflow/dags/dag_transparencia.py
[2026-03-30T17:37:49.547+0000] {processor.py:829} INFO - Processing file /opt/airflow/dags/dag_transparencia.py for tasks to queue
[2026-03-30T17:37:49.547+0000] {logging_mixin.py:151} INFO - [2026-03-30T17:37:49.547+0000] {dagbag.py:539} INFO - Filling up the DagBag from /opt/airflow/dags/dag_transparencia.py
[2026-03-30T17:37:49.974+0000] {processor.py:839} INFO - DAG(s) dict_keys(['etl_transparencia_macapa']) retrieved from /opt/airflow/dags/dag_transparencia.py
[2026-03-30T17:37:49.998+0000] {logging_mixin.py:151} INFO - [2026-03-30T17:37:49.997+0000] {dag.py:2915} INFO - Sync 1 DAGs
[2026-03-30T17:37:50.018+0000] {logging_mixin.py:151} INFO - [2026-03-30T17:37:50.018+0000] {dag.py:3696} INFO - Setting next_dagrun for etl_transparencia_macapa to 2026-03-29T00:00:00+00:00, run_after=2026-03-30T00:00:00+00:00
[2026-03-30T17:37:50.033+0000] {processor.py:179} INFO - Processing /opt/airflow/dags/dag_transparencia.py took 0.490 seconds
[2026-03-30T17:38:20.099+0000] {processor.py:157} INFO - Started process (PID=212) to work on /opt/airflow/dags/dag_transparencia.py
[2026-03-30T17:38:20.100+0000] {processor.py:829} INFO - Processing file /opt/airflow/dags/dag_transparencia.py for tasks to queue
[2026-03-30T17:38:20.102+0000] {logging_mixin.py:151} INFO - [2026-03-30T17:38:20.101+0000] {dagbag.py:539} INFO - Filling up the DagBag from /opt/airflow/dags/dag_transparencia.py
[2026-03-30T17:38:20.539+0000] {processor.py:839} INFO - DAG(s) dict_keys(['etl_transparencia_macapa']) retrieved from /opt/airflow/dags/dag_transparencia.py
[2026-03-30T17:38:20.563+0000] {logging_mixin.py:151} INFO - [2026-03-30T17:38:20.562+0000] {dag.py:2915} INFO - Sync 1 DAGs
[2026-03-30T17:38:20.581+0000] {logging_mixin.py:151} INFO - [2026-03-30T17:38:20.581+0000] {dag.py:3696} INFO - Setting next_dagrun for etl_transparencia_macapa to 2026-03-29T00:00:00+00:00, run_after=2026-03-30T00:00:00+00:00
[2026-03-30T17:38:20.610+0000] {processor.py:179} INFO - Processing /opt/airflow/dags/dag_transparencia.py took 0.514 seconds
[2026-03-30T17:38:51.385+0000] {processor.py:157} INFO - Started process (PID=229) to work on /opt/airflow/dags/dag_transparencia.py
[2026-03-30T17:38:51.386+0000] {processor.py:829} INFO - Processing file /opt/airflow/dags/dag_transparencia.py for tasks to queue
[2026-03-30T17:38:51.387+0000] {logging_mixin.py:151} INFO - [2026-03-30T17:38:51.387+0000] {dagbag.py:539} INFO - Filling up the DagBag from /opt/airflow/dags/dag_transparencia.py
[2026-03-30T17:38:51.672+0000] {processor.py:839} INFO - DAG(s) dict_keys(['etl_transparencia_macapa']) retrieved from /opt/airflow/dags/dag_transparencia.py
[2026-03-30T17:38:51.694+0000] {logging_mixin.py:151} INFO - [2026-03-30T17:38:51.693+0000] {dag.py:2915} INFO - Sync 1 DAGs
[2026-03-30T17:38:51.713+0000] {logging_mixin.py:151} INFO - [2026-03-30T17:38:51.713+0000] {dag.py:3696} INFO - Setting next_dagrun for etl_transparencia_macapa to 2026-03-29T00:00:00+00:00, run_after=2026-03-30T00:00:00+00:00
[2026-03-30T17:38:51.731+0000] {processor.py:179} INFO - Processing /opt/airflow/dags/dag_transparencia.py took 0.349 seconds
[2026-03-30T17:39:21.866+0000] {processor.py:157} INFO - Started process (PID=240) to work on /opt/airflow/dags/dag_transparencia.py
[2026-03-30T17:39:21.867+0000] {processor.py:829} INFO - Processing file /opt/airflow/dags/dag_transparencia.py for tasks to queue
[2026-03-30T17:39:21.868+0000] {logging_mixin.py:151} INFO - [2026-03-30T17:39:21.868+0000] {dagbag.py:539} INFO - Filling up the DagBag from /opt/airflow/dags/dag_transparencia.py
[2026-03-30T17:39:22.186+0000] {processor.py:839} INFO - DAG(s) dict_keys(['etl_transparencia_macapa']) retrieved from /opt/airflow/dags/dag_transparencia.py
[2026-03-30T17:39:22.211+0000] {logging_mixin.py:151} INFO - [2026-03-30T17:39:22.210+0000] {dag.py:2915} INFO - Sync 1 DAGs
[2026-03-30T17:39:22.234+0000] {logging_mixin.py:151} INFO - [2026-03-30T17:39:22.233+0000] {dag.py:3696} INFO - Setting next_dagrun for etl_transparencia_macapa to 2026-03-29T00:00:00+00:00, run_after=2026-03-30T00:00:00+00:00
[2026-03-30T17:39:22.260+0000] {processor.py:179} INFO - Processing /opt/airflow/dags/dag_transparencia.py took 0.397 seconds
[2026-03-30T17:39:52.321+0000] {processor.py:157} INFO - Started process (PID=262) to work on /opt/airflow/dags/dag_transparencia.py
[2026-03-30T17:39:52.321+0000] {processor.py:829} INFO - Processing file /opt/airflow/dags/dag_transparencia.py for tasks to queue
[2026-03-30T17:39:52.322+0000] {logging_mixin.py:151} INFO - [2026-03-30T17:39:52.322+0000] {dagbag.py:539} INFO - Filling up the DagBag from /opt/airflow/dags/dag_transparencia.py
[2026-03-30T17:39:52.565+0000] {processor.py:839} INFO - DAG(s) dict_keys(['etl_transparencia_macapa']) retrieved from /opt/airflow/dags/dag_transparencia.py
[2026-03-30T17:39:52.587+0000] {logging_mixin.py:151} INFO - [2026-03-30T17:39:52.587+0000] {dag.py:2915} INFO - Sync 1 DAGs
[2026-03-30T17:39:52.605+0000] {logging_mixin.py:151} INFO - [2026-03-30T17:39:52.605+0000] {dag.py:3696} INFO - Setting next_dagrun for etl_transparencia_macapa to 2026-03-29T00:00:00+00:00, run_after=2026-03-30T00:00:00+00:00
[2026-03-30T17:39:52.623+0000] {processor.py:179} INFO - Processing /opt/airflow/dags/dag_transparencia.py took 0.305 seconds
[2026-03-30T17:40:22.715+0000] {processor.py:157} INFO - Started process (PID=279) to work on /opt/airflow/dags/dag_transparencia.py
[2026-03-30T17:40:22.716+0000] {processor.py:829} INFO - Processing file /opt/airflow/dags/dag_transparencia.py for tasks to queue
[2026-03-30T17:40:22.717+0000] {logging_mixin.py:151} INFO - [2026-03-30T17:40:22.717+0000] {dagbag.py:539} INFO - Filling up the DagBag from /opt/airflow/dags/dag_transparencia.py
[2026-03-30T17:40:23.013+0000] {processor.py:839} INFO - DAG(s) dict_keys(['etl_transparencia_macapa']) retrieved from /opt/airflow/dags/dag_transparencia.py
[2026-03-30T17:40:23.039+0000] {logging_mixin.py:151} INFO - [2026-03-30T17:40:23.038+0000] {dag.py:2915} INFO - Sync 1 DAGs
[2026-03-30T17:40:23.060+0000] {logging_mixin.py:151} INFO - [2026-03-30T17:40:23.060+0000] {dag.py:3696} INFO - Setting next_dagrun for etl_transparencia_macapa to 2026-03-29T00:00:00+00:00, run_after=2026-03-30T00:00:00+00:00
[2026-03-30T17:40:23.079+0000] {processor.py:179} INFO - Processing /opt/airflow/dags/dag_transparencia.py took 0.368 seconds
[2026-03-30T17:40:53.176+0000] {processor.py:157} INFO - Started process (PID=290) to work on /opt/airflow/dags/dag_transparencia.py
[2026-03-30T17:40:53.177+0000] {processor.py:829} INFO - Processing file /opt/airflow/dags/dag_transparencia.py for tasks to queue
[2026-03-30T17:40:53.178+0000] {logging_mixin.py:151} INFO - [2026-03-30T17:40:53.178+0000] {dagbag.py:539} INFO - Filling up the DagBag from /opt/airflow/dags/dag_transparencia.py
[2026-03-30T17:40:53.432+0000] {processor.py:839} INFO - DAG(s) dict_keys(['etl_transparencia_macapa']) retrieved from /opt/airflow/dags/dag_transparencia.py
[2026-03-30T17:40:53.454+0000] {logging_mixin.py:151} INFO - [2026-03-30T17:40:53.454+0000] {dag.py:2915} INFO - Sync 1 DAGs
[2026-03-30T17:40:53.472+0000] {logging_mixin.py:151} INFO - [2026-03-30T17:40:53.472+0000] {dag.py:3696} INFO - Setting next_dagrun for etl_transparencia_macapa to 2026-03-29T00:00:00+00:00, run_after=2026-03-30T00:00:00+00:00
[2026-03-30T17:40:53.486+0000] {processor.py:179} INFO - Processing /opt/airflow/dags/dag_transparencia.py took 0.313 seconds
[2026-03-30T17:41:23.566+0000] {processor.py:157} INFO - Started process (PID=301) to work on /opt/airflow/dags/dag_transparencia.py
[2026-03-30T17:41:23.567+0000] {processor.py:829} INFO - Processing file /opt/airflow/dags/dag_transparencia.py for tasks to queue
[2026-03-30T17:41:23.567+0000] {logging_mixin.py:151} INFO - [2026-03-30T17:41:23.567+0000] {dagbag.py:539} INFO - Filling up the DagBag from /opt/airflow/dags/dag_transparencia.py
[2026-03-30T17:41:23.841+0000] {processor.py:839} INFO - DAG(s) dict_keys(['etl_transparencia_macapa']) retrieved from /opt/airflow/dags/dag_transparencia.py
[2026-03-30T17:41:23.864+0000] {logging_mixin.py:151} INFO - [2026-03-30T17:41:23.864+0000] {dag.py:2915} INFO - Sync 1 DAGs
[2026-03-30T17:41:23.884+0000] {logging_mixin.py:151} INFO - [2026-03-30T17:41:23.884+0000] {dag.py:3696} INFO - Setting next_dagrun for etl_transparencia_macapa to 2026-03-29T00:00:00+00:00, run_after=2026-03-30T00:00:00+00:00
[2026-03-30T17:41:23.898+0000] {processor.py:179} INFO - Processing /opt/airflow/dags/dag_transparencia.py took 0.335 seconds
[2026-03-30T17:41:53.971+0000] {processor.py:157} INFO - Started process (PID=312) to work on /opt/airflow/dags/dag_transparencia.py
[2026-03-30T17:41:53.972+0000] {processor.py:829} INFO - Processing file /opt/airflow/dags/dag_transparencia.py for tasks to queue
[2026-03-30T17:41:53.973+0000] {logging_mixin.py:151} INFO - [2026-03-30T17:41:53.973+0000] {dagbag.py:539} INFO - Filling up the DagBag from /opt/airflow/dags/dag_transparencia.py
[2026-03-30T17:41:54.225+0000] {processor.py:839} INFO - DAG(s) dict_keys(['etl_transparencia_macapa']) retrieved from /opt/airflow/dags/dag_transparencia.py
[2026-03-30T17:41:54.249+0000] {logging_mixin.py:151} INFO - [2026-03-30T17:41:54.248+0000] {dag.py:2915} INFO - Sync 1 DAGs
[2026-03-30T17:41:54.266+0000] {logging_mixin.py:151} INFO - [2026-03-30T17:41:54.266+0000] {dag.py:3696} INFO - Setting next_dagrun for etl_transparencia_macapa to 2026-03-29T00:00:00+00:00, run_after=2026-03-30T00:00:00+00:00
[2026-03-30T17:41:54.280+0000] {processor.py:179} INFO - Processing /opt/airflow/dags/dag_transparencia.py took 0.312 seconds
[2026-03-30T17:42:24.350+0000] {processor.py:157} INFO - Started process (PID=323) to work on /opt/airflow/dags/dag_transparencia.py
[2026-03-30T17:42:24.351+0000] {processor.py:829} INFO - Processing file /opt/airflow/dags/dag_transparencia.py for tasks to queue
[2026-03-30T17:42:24.351+0000] {logging_mixin.py:151} INFO - [2026-03-30T17:42:24.351+0000] {dagbag.py:539} INFO - Filling up the DagBag from /opt/airflow/dags/dag_transparencia.py
[2026-03-30T17:42:24.598+0000] {processor.py:839} INFO - DAG(s) dict_keys(['etl_transparencia_macapa']) retrieved from /opt/airflow/dags/dag_transparencia.py
[2026-03-30T17:42:24.621+0000] {logging_mixin.py:151} INFO - [2026-03-30T17:42:24.621+0000] {dag.py:2915} INFO - Sync 1 DAGs
[2026-03-30T17:42:24.638+0000] {logging_mixin.py:151} INFO - [2026-03-30T17:42:24.638+0000] {dag.py:3696} INFO - Setting next_dagrun for etl_transparencia_macapa to 2026-03-29T00:00:00+00:00, run_after=2026-03-30T00:00:00+00:00
[2026-03-30T17:42:24.662+0000] {processor.py:179} INFO - Processing /opt/airflow/dags/dag_transparencia.py took 0.315 seconds
[2026-03-30T17:42:54.717+0000] {processor.py:157} INFO - Started process (PID=334) to work on /opt/airflow/dags/dag_transparencia.py
[2026-03-30T17:42:54.718+0000] {processor.py:829} INFO - Processing file /opt/airflow/dags/dag_transparencia.py for tasks to queue
[2026-03-30T17:42:54.719+0000] {logging_mixin.py:151} INFO - [2026-03-30T17:42:54.719+0000] {dagbag.py:539} INFO - Filling up the DagBag from /opt/airflow/dags/dag_transparencia.py
[2026-03-30T17:42:55.002+0000] {processor.py:839} INFO - DAG(s) dict_keys(['etl_transparencia_macapa']) retrieved from /opt/airflow/dags/dag_transparencia.py
[2026-03-30T17:42:55.026+0000] {logging_mixin.py:151} INFO - [2026-03-30T17:42:55.026+0000] {dag.py:2915} INFO - Sync 1 DAGs
[2026-03-30T17:42:55.046+0000] {logging_mixin.py:151} INFO - [2026-03-30T17:42:55.046+0000] {dag.py:3696} INFO - Setting next_dagrun for etl_transparencia_macapa to 2026-03-29T00:00:00+00:00, run_after=2026-03-30T00:00:00+00:00
[2026-03-30T17:42:55.071+0000] {processor.py:179} INFO - Processing /opt/airflow/dags/dag_transparencia.py took 0.357 seconds
[2026-03-30T17:43:25.163+0000] {processor.py:157} INFO - Started process (PID=345) to work on /opt/airflow/dags/dag_transparencia.py
[2026-03-30T17:43:25.165+0000] {processor.py:829} INFO - Processing file /opt/airflow/dags/dag_transparencia.py for tasks to queue
[2026-03-30T17:43:25.166+0000] {logging_mixin.py:151} INFO - [2026-03-30T17:43:25.165+0000] {dagbag.py:539} INFO - Filling up the DagBag from /opt/airflow/dags/dag_transparencia.py
[2026-03-30T17:43:25.464+0000] {processor.py:839} INFO - DAG(s) dict_keys(['etl_transparencia_macapa']) retrieved from /opt/airflow/dags/dag_transparencia.py
[2026-03-30T17:43:25.488+0000] {logging_mixin.py:151} INFO - [2026-03-30T17:43:25.488+0000] {dag.py:2915} INFO - Sync 1 DAGs
[2026-03-30T17:43:25.509+0000] {logging_mixin.py:151} INFO - [2026-03-30T17:43:25.508+0000] {dag.py:3696} INFO - Setting next_dagrun for etl_transparencia_macapa to 2026-03-29T00:00:00+00:00, run_after=2026-03-30T00:00:00+00:00
[2026-03-30T17:43:25.527+0000] {processor.py:179} INFO - Processing /opt/airflow/dags/dag_transparencia.py took 0.367 seconds
[2026-03-30T17:43:56.227+0000] {processor.py:157} INFO - Started process (PID=356) to work on /opt/airflow/dags/dag_transparencia.py
[2026-03-30T17:43:56.229+0000] {processor.py:829} INFO - Processing file /opt/airflow/dags/dag_transparencia.py for tasks to queue
[2026-03-30T17:43:56.231+0000] {logging_mixin.py:151} INFO - [2026-03-30T17:43:56.230+0000] {dagbag.py:539} INFO - Filling up the DagBag from /opt/airflow/dags/dag_transparencia.py
[2026-03-30T17:43:56.597+0000] {processor.py:839} INFO - DAG(s) dict_keys(['etl_transparencia_macapa']) retrieved from /opt/airflow/dags/dag_transparencia.py
[2026-03-30T17:43:56.627+0000] {logging_mixin.py:151} INFO - [2026-03-30T17:43:56.626+0000] {dag.py:2915} INFO - Sync 1 DAGs
[2026-03-30T17:43:56.649+0000] {logging_mixin.py:151} INFO - [2026-03-30T17:43:56.648+0000] {dag.py:3696} INFO - Setting next_dagrun for etl_transparencia_macapa to 2026-03-29T00:00:00+00:00, run_after=2026-03-30T00:00:00+00:00
[2026-03-30T17:43:56.672+0000] {processor.py:179} INFO - Processing /opt/airflow/dags/dag_transparencia.py took 0.449 seconds
[2026-03-30T17:44:26.995+0000] {processor.py:157} INFO - Started process (PID=367) to work on /opt/airflow/dags/dag_transparencia.py
[2026-03-30T17:44:26.997+0000] {processor.py:829} INFO - Processing file /opt/airflow/dags/dag_transparencia.py for tasks to queue
[2026-03-30T17:44:26.998+0000] {logging_mixin.py:151} INFO - [2026-03-30T17:44:26.997+0000] {dagbag.py:539} INFO - Filling up the DagBag from /opt/airflow/dags/dag_transparencia.py
[2026-03-30T17:44:27.412+0000] {processor.py:839} INFO - DAG(s) dict_keys(['etl_transparencia_macapa']) retrieved from /opt/airflow/dags/dag_transparencia.py
[2026-03-30T17:44:27.444+0000] {logging_mixin.py:151} INFO - [2026-03-30T17:44:27.444+0000] {dag.py:2915} INFO - Sync 1 DAGs
[2026-03-30T17:44:27.472+0000] {logging_mixin.py:151} INFO - [2026-03-30T17:44:27.472+0000] {dag.py:3696} INFO - Setting next_dagrun for etl_transparencia_macapa to 2026-03-29T00:00:00+00:00, run_after=2026-03-30T00:00:00+00:00
[2026-03-30T17:44:27.495+0000] {processor.py:179} INFO - Processing /opt/airflow/dags/dag_transparencia.py took 0.503 seconds
[2026-03-30T17:44:58.428+0000] {processor.py:157} INFO - Started process (PID=378) to work on /opt/airflow/dags/dag_transparencia.py
[2026-03-30T17:44:58.429+0000] {processor.py:829} INFO - Processing file /opt/airflow/dags/dag_transparencia.py for tasks to queue
[2026-03-30T17:44:58.430+0000] {logging_mixin.py:151} INFO - [2026-03-30T17:44:58.430+0000] {dagbag.py:539} INFO - Filling up the DagBag from /opt/airflow/dags/dag_transparencia.py
[2026-03-30T17:44:58.730+0000] {processor.py:839} INFO - DAG(s) dict_keys(['etl_transparencia_macapa']) retrieved from /opt/airflow/dags/dag_transparencia.py
[2026-03-30T17:44:58.756+0000] {logging_mixin.py:151} INFO - [2026-03-30T17:44:58.756+0000] {dag.py:2915} INFO - Sync 1 DAGs
[2026-03-30T17:44:58.781+0000] {logging_mixin.py:151} INFO - [2026-03-30T17:44:58.780+0000] {dag.py:3696} INFO - Setting next_dagrun for etl_transparencia_macapa to 2026-03-29T00:00:00+00:00, run_after=2026-03-30T00:00:00+00:00
[2026-03-30T17:44:58.799+0000] {processor.py:179} INFO - Processing /opt/airflow/dags/dag_transparencia.py took 0.374 seconds
[2026-03-30T17:45:28.897+0000] {processor.py:157} INFO - Started process (PID=389) to work on /opt/airflow/dags/dag_transparencia.py
[2026-03-30T17:45:28.899+0000] {processor.py:829} INFO - Processing file /opt/airflow/dags/dag_transparencia.py for tasks to queue
[2026-03-30T17:45:28.899+0000] {logging_mixin.py:151} INFO - [2026-03-30T17:45:28.899+0000] {dagbag.py:539} INFO - Filling up the DagBag from /opt/airflow/dags/dag_transparencia.py
[2026-03-30T17:45:29.189+0000] {processor.py:839} INFO - DAG(s) dict_keys(['etl_transparencia_macapa']) retrieved from /opt/airflow/dags/dag_transparencia.py
[2026-03-30T17:45:29.216+0000] {logging_mixin.py:151} INFO - [2026-03-30T17:45:29.216+0000] {dag.py:2915} INFO - Sync 1 DAGs
[2026-03-30T17:45:29.238+0000] {logging_mixin.py:151} INFO - [2026-03-30T17:45:29.238+0000] {dag.py:3696} INFO - Setting next_dagrun for etl_transparencia_macapa to 2026-03-29T00:00:00+00:00, run_after=2026-03-30T00:00:00+00:00
[2026-03-30T17:45:29.256+0000] {processor.py:179} INFO - Processing /opt/airflow/dags/dag_transparencia.py took 0.361 seconds
[2026-03-30T17:45:59.297+0000] {processor.py:157} INFO - Started process (PID=400) to work on /opt/airflow/dags/dag_transparencia.py
[2026-03-30T17:45:59.298+0000] {processor.py:829} INFO - Processing file /opt/airflow/dags/dag_transparencia.py for tasks to queue
[2026-03-30T17:45:59.299+0000] {logging_mixin.py:151} INFO - [2026-03-30T17:45:59.299+0000] {dagbag.py:539} INFO - Filling up the DagBag from /opt/airflow/dags/dag_transparencia.py
[2026-03-30T17:45:59.661+0000] {processor.py:839} INFO - DAG(s) dict_keys(['etl_transparencia_macapa']) retrieved from /opt/airflow/dags/dag_transparencia.py
[2026-03-30T17:45:59.698+0000] {logging_mixin.py:151} INFO - [2026-03-30T17:45:59.698+0000] {dag.py:2915} INFO - Sync 1 DAGs
[2026-03-30T17:45:59.727+0000] {logging_mixin.py:151} INFO - [2026-03-30T17:45:59.726+0000] {dag.py:3696} INFO - Setting next_dagrun for etl_transparencia_macapa to 2026-03-29T00:00:00+00:00, run_after=2026-03-30T00:00:00+00:00
[2026-03-30T17:45:59.752+0000] {processor.py:179} INFO - Processing /opt/airflow/dags/dag_transparencia.py took 0.458 seconds
[2026-03-30T17:46:29.857+0000] {processor.py:157} INFO - Started process (PID=411) to work on /opt/airflow/dags/dag_transparencia.py
[2026-03-30T17:46:29.858+0000] {processor.py:829} INFO - Processing file /opt/airflow/dags/dag_transparencia.py for tasks to queue
[2026-03-30T17:46:29.859+0000] {logging_mixin.py:151} INFO - [2026-03-30T17:46:29.859+0000] {dagbag.py:539} INFO - Filling up the DagBag from /opt/airflow/dags/dag_transparencia.py
[2026-03-30T17:46:30.340+0000] {processor.py:839} INFO - DAG(s) dict_keys(['etl_transparencia_macapa']) retrieved from /opt/airflow/dags/dag_transparencia.py
[2026-03-30T17:46:30.376+0000] {logging_mixin.py:151} INFO - [2026-03-30T17:46:30.375+0000] {dag.py:2915} INFO - Sync 1 DAGs
[2026-03-30T17:46:30.410+0000] {logging_mixin.py:151} INFO - [2026-03-30T17:46:30.410+0000] {dag.py:3696} INFO - Setting next_dagrun for etl_transparencia_macapa to 2026-03-29T00:00:00+00:00, run_after=2026-03-30T00:00:00+00:00
[2026-03-30T17:46:30.440+0000] {processor.py:179} INFO - Processing /opt/airflow/dags/dag_transparencia.py took 0.587 seconds
[2026-03-30T17:47:00.827+0000] {processor.py:157} INFO - Started process (PID=422) to work on /opt/airflow/dags/dag_transparencia.py
[2026-03-30T17:47:00.829+0000] {processor.py:829} INFO - Processing file /opt/airflow/dags/dag_transparencia.py for tasks to queue
[2026-03-30T17:47:00.830+0000] {logging_mixin.py:151} INFO - [2026-03-30T17:47:00.829+0000] {dagbag.py:539} INFO - Filling up the DagBag from /opt/airflow/dags/dag_transparencia.py
[2026-03-30T17:47:01.272+0000] {processor.py:839} INFO - DAG(s) dict_keys(['etl_transparencia_macapa']) retrieved from /opt/airflow/dags/dag_transparencia.py
[2026-03-30T17:47:01.312+0000] {logging_mixin.py:151} INFO - [2026-03-30T17:47:01.311+0000] {dag.py:2915} INFO - Sync 1 DAGs
[2026-03-30T17:47:01.349+0000] {logging_mixin.py:151} INFO - [2026-03-30T17:47:01.348+0000] {dag.py:3696} INFO - Setting next_dagrun for etl_transparencia_macapa to 2026-03-29T00:00:00+00:00, run_after=2026-03-30T00:00:00+00:00
[2026-03-30T17:47:01.380+0000] {processor.py:179} INFO - Processing /opt/airflow/dags/dag_transparencia.py took 0.557 seconds
[2026-03-30T17:47:31.484+0000] {processor.py:157} INFO - Started process (PID=433) to work on /opt/airflow/dags/dag_transparencia.py
[2026-03-30T17:47:31.485+0000] {processor.py:829} INFO - Processing file /opt/airflow/dags/dag_transparencia.py for tasks to queue
[2026-03-30T17:47:31.486+0000] {logging_mixin.py:151} INFO - [2026-03-30T17:47:31.486+0000] {dagbag.py:539} INFO - Filling up the DagBag from /opt/airflow/dags/dag_transparencia.py
[2026-03-30T17:47:31.864+0000] {processor.py:839} INFO - DAG(s) dict_keys(['etl_transparencia_macapa']) retrieved from /opt/airflow/dags/dag_transparencia.py
[2026-03-30T17:47:31.909+0000] {logging_mixin.py:151} INFO - [2026-03-30T17:47:31.908+0000] {dag.py:2915} INFO - Sync 1 DAGs
[2026-03-30T17:47:31.942+0000] {logging_mixin.py:151} INFO - [2026-03-30T17:47:31.942+0000] {dag.py:3696} INFO - Setting next_dagrun for etl_transparencia_macapa to 2026-03-29T00:00:00+00:00, run_after=2026-03-30T00:00:00+00:00
[2026-03-30T17:47:31.965+0000] {processor.py:179} INFO - Processing /opt/airflow/dags/dag_transparencia.py took 0.485 seconds
[2026-03-30T17:48:02.935+0000] {processor.py:157} INFO - Started process (PID=450) to work on /opt/airflow/dags/dag_transparencia.py
[2026-03-30T17:48:02.937+0000] {processor.py:829} INFO - Processing file /opt/airflow/dags/dag_transparencia.py for tasks to queue
[2026-03-30T17:48:02.938+0000] {logging_mixin.py:151} INFO - [2026-03-30T17:48:02.937+0000] {dagbag.py:539} INFO - Filling up the DagBag from /opt/airflow/dags/dag_transparencia.py
[2026-03-30T17:48:03.230+0000] {processor.py:839} INFO - DAG(s) dict_keys(['etl_transparencia_macapa']) retrieved from /opt/airflow/dags/dag_transparencia.py
[2026-03-30T17:48:03.255+0000] {logging_mixin.py:151} INFO - [2026-03-30T17:48:03.254+0000] {dag.py:2915} INFO - Sync 1 DAGs
[2026-03-30T17:48:03.279+0000] {logging_mixin.py:151} INFO - [2026-03-30T17:48:03.278+0000] {dag.py:3696} INFO - Setting next_dagrun for etl_transparencia_macapa to 2026-03-29T00:00:00+00:00, run_after=2026-03-30T00:00:00+00:00
[2026-03-30T17:48:03.296+0000] {processor.py:179} INFO - Processing /opt/airflow/dags/dag_transparencia.py took 0.364 seconds
[2026-03-30T17:48:33.434+0000] {processor.py:157} INFO - Started process (PID=479) to work on /opt/airflow/dags/dag_transparencia.py
[2026-03-30T17:48:33.436+0000] {processor.py:829} INFO - Processing file /opt/airflow/dags/dag_transparencia.py for tasks to queue
[2026-03-30T17:48:33.437+0000] {logging_mixin.py:151} INFO - [2026-03-30T17:48:33.437+0000] {dagbag.py:539} INFO - Filling up the DagBag from /opt/airflow/dags/dag_transparencia.py
[2026-03-30T17:48:33.763+0000] {processor.py:839} INFO - DAG(s) dict_keys(['etl_transparencia_macapa']) retrieved from /opt/airflow/dags/dag_transparencia.py
[2026-03-30T17:48:33.796+0000] {logging_mixin.py:151} INFO - [2026-03-30T17:48:33.796+0000] {dag.py:2915} INFO - Sync 1 DAGs
[2026-03-30T17:48:33.824+0000] {logging_mixin.py:151} INFO - [2026-03-30T17:48:33.823+0000] {dag.py:3696} INFO - Setting next_dagrun for etl_transparencia_macapa to 2026-03-29T00:00:00+00:00, run_after=2026-03-30T00:00:00+00:00
[2026-03-30T17:48:33.856+0000] {processor.py:179} INFO - Processing /opt/airflow/dags/dag_transparencia.py took 0.426 seconds
[2026-03-30T17:49:04.794+0000] {processor.py:157} INFO - Started process (PID=490) to work on /opt/airflow/dags/dag_transparencia.py
[2026-03-30T17:49:04.796+0000] {processor.py:829} INFO - Processing file /opt/airflow/dags/dag_transparencia.py for tasks to queue
[2026-03-30T17:49:04.798+0000] {logging_mixin.py:151} INFO - [2026-03-30T17:49:04.798+0000] {dagbag.py:539} INFO - Filling up the DagBag from /opt/airflow/dags/dag_transparencia.py
[2026-03-30T17:49:05.176+0000] {processor.py:839} INFO - DAG(s) dict_keys(['etl_transparencia_macapa']) retrieved from /opt/airflow/dags/dag_transparencia.py
[2026-03-30T17:49:05.207+0000] {logging_mixin.py:151} INFO - [2026-03-30T17:49:05.207+0000] {dag.py:2915} INFO - Sync 1 DAGs
[2026-03-30T17:49:05.236+0000] {logging_mixin.py:151} INFO - [2026-03-30T17:49:05.236+0000] {dag.py:3696} INFO - Setting next_dagrun for etl_transparencia_macapa to 2026-03-29T00:00:00+00:00, run_after=2026-03-30T00:00:00+00:00
[2026-03-30T17:49:05.269+0000] {processor.py:179} INFO - Processing /opt/airflow/dags/dag_transparencia.py took 0.481 seconds
[2026-03-30T17:49:36.160+0000] {processor.py:157} INFO - Started process (PID=519) to work on /opt/airflow/dags/dag_transparencia.py
[2026-03-30T17:49:36.161+0000] {processor.py:829} INFO - Processing file /opt/airflow/dags/dag_transparencia.py for tasks to queue
[2026-03-30T17:49:36.161+0000] {logging_mixin.py:151} INFO - [2026-03-30T17:49:36.161+0000] {dagbag.py:539} INFO - Filling up the DagBag from /opt/airflow/dags/dag_transparencia.py
[2026-03-30T17:49:36.436+0000] {processor.py:839} INFO - DAG(s) dict_keys(['etl_transparencia_macapa']) retrieved from /opt/airflow/dags/dag_transparencia.py
[2026-03-30T17:49:36.460+0000] {logging_mixin.py:151} INFO - [2026-03-30T17:49:36.459+0000] {dag.py:2915} INFO - Sync 1 DAGs
[2026-03-30T17:49:36.480+0000] {logging_mixin.py:151} INFO - [2026-03-30T17:49:36.480+0000] {dag.py:3696} INFO - Setting next_dagrun for etl_transparencia_macapa to 2026-03-29T00:00:00+00:00, run_after=2026-03-30T00:00:00+00:00
[2026-03-30T17:49:36.497+0000] {processor.py:179} INFO - Processing /opt/airflow/dags/dag_transparencia.py took 0.340 seconds
[2026-03-30T17:50:06.567+0000] {processor.py:157} INFO - Started process (PID=530) to work on /opt/airflow/dags/dag_transparencia.py
[2026-03-30T17:50:06.568+0000] {processor.py:829} INFO - Processing file /opt/airflow/dags/dag_transparencia.py for tasks to queue
[2026-03-30T17:50:06.569+0000] {logging_mixin.py:151} INFO - [2026-03-30T17:50:06.569+0000] {dagbag.py:539} INFO - Filling up the DagBag from /opt/airflow/dags/dag_transparencia.py
[2026-03-30T17:50:06.819+0000] {processor.py:839} INFO - DAG(s) dict_keys(['etl_transparencia_macapa']) retrieved from /opt/airflow/dags/dag_transparencia.py
[2026-03-30T17:50:06.842+0000] {logging_mixin.py:151} INFO - [2026-03-30T17:50:06.842+0000] {dag.py:2915} INFO - Sync 1 DAGs
[2026-03-30T17:50:06.863+0000] {logging_mixin.py:151} INFO - [2026-03-30T17:50:06.862+0000] {dag.py:3696} INFO - Setting next_dagrun for etl_transparencia_macapa to 2026-03-29T00:00:00+00:00, run_after=2026-03-30T00:00:00+00:00
[2026-03-30T17:50:06.877+0000] {processor.py:179} INFO - Processing /opt/airflow/dags/dag_transparencia.py took 0.312 seconds
[2026-03-30T17:50:36.947+0000] {processor.py:157} INFO - Started process (PID=541) to work on /opt/airflow/dags/dag_transparencia.py
[2026-03-30T17:50:36.948+0000] {processor.py:829} INFO - Processing file /opt/airflow/dags/dag_transparencia.py for tasks to queue
[2026-03-30T17:50:36.949+0000] {logging_mixin.py:151} INFO - [2026-03-30T17:50:36.949+0000] {dagbag.py:539} INFO - Filling up the DagBag from /opt/airflow/dags/dag_transparencia.py
[2026-03-30T17:50:37.324+0000] {processor.py:839} INFO - DAG(s) dict_keys(['etl_transparencia_macapa']) retrieved from /opt/airflow/dags/dag_transparencia.py
[2026-03-30T17:50:37.360+0000] {logging_mixin.py:151} INFO - [2026-03-30T17:50:37.360+0000] {dag.py:2915} INFO - Sync 1 DAGs
[2026-03-30T17:50:37.386+0000] {logging_mixin.py:151} INFO - [2026-03-30T17:50:37.386+0000] {dag.py:3696} INFO - Setting next_dagrun for etl_transparencia_macapa to 2026-03-29T00:00:00+00:00, run_after=2026-03-30T00:00:00+00:00
[2026-03-30T17:50:37.411+0000] {processor.py:179} INFO - Processing /opt/airflow/dags/dag_transparencia.py took 0.468 seconds
