[2026-03-30T17:51:46.657+0000] {processor.py:157} INFO - Started process (PID=557) to work on /opt/airflow/dags/popula_banco.py
[2026-03-30T17:51:46.657+0000] {processor.py:829} INFO - Processing file /opt/airflow/dags/popula_banco.py for tasks to queue
[2026-03-30T17:51:46.658+0000] {logging_mixin.py:151} INFO - [2026-03-30T17:51:46.658+0000] {dagbag.py:539} INFO - Filling up the DagBag from /opt/airflow/dags/popula_banco.py
[2026-03-30T17:51:46.946+0000] {processor.py:839} INFO - DAG(s) dict_keys(['etl_empenhos']) retrieved from /opt/airflow/dags/popula_banco.py
[2026-03-30T17:51:47.045+0000] {logging_mixin.py:151} INFO - [2026-03-30T17:51:47.044+0000] {manager.py:499} INFO - Created Permission View: %s
[2026-03-30T17:51:47.056+0000] {logging_mixin.py:151} INFO - [2026-03-30T17:51:47.055+0000] {manager.py:499} INFO - Created Permission View: %s
[2026-03-30T17:51:47.064+0000] {logging_mixin.py:151} INFO - [2026-03-30T17:51:47.064+0000] {manager.py:499} INFO - Created Permission View: %s
[2026-03-30T17:51:47.065+0000] {logging_mixin.py:151} INFO - [2026-03-30T17:51:47.064+0000] {security.py:708} INFO - Not syncing DAG-level permissions for DAG 'DAG:etl_empenhos' as access control is unset.
[2026-03-30T17:51:47.066+0000] {logging_mixin.py:151} INFO - [2026-03-30T17:51:47.065+0000] {dag.py:2915} INFO - Sync 1 DAGs
[2026-03-30T17:51:47.077+0000] {logging_mixin.py:151} INFO - [2026-03-30T17:51:47.076+0000] {dag.py:2937} INFO - Creating ORM DAG for etl_empenhos
[2026-03-30T17:51:47.088+0000] {logging_mixin.py:151} INFO - [2026-03-30T17:51:47.088+0000] {dag.py:3696} INFO - Setting next_dagrun for etl_empenhos to 2026-03-29T00:00:00+00:00, run_after=2026-03-30T00:00:00+00:00
[2026-03-30T17:51:47.104+0000] {processor.py:179} INFO - Processing /opt/airflow/dags/popula_banco.py took 0.450 seconds
[2026-03-30T17:51:51.157+0000] {processor.py:157} INFO - Started process (PID=563) to work on /opt/airflow/dags/popula_banco.py
[2026-03-30T17:51:51.158+0000] {processor.py:829} INFO - Processing file /opt/airflow/dags/popula_banco.py for tasks to queue
[2026-03-30T17:51:51.158+0000] {logging_mixin.py:151} INFO - [2026-03-30T17:51:51.158+0000] {dagbag.py:539} INFO - Filling up the DagBag from /opt/airflow/dags/popula_banco.py
[2026-03-30T17:51:51.459+0000] {processor.py:839} INFO - DAG(s) dict_keys(['etl_empenhos']) retrieved from /opt/airflow/dags/popula_banco.py
[2026-03-30T17:51:51.473+0000] {logging_mixin.py:151} INFO - [2026-03-30T17:51:51.471+0000] {dag.py:2915} INFO - Sync 1 DAGs
[2026-03-30T17:51:51.494+0000] {logging_mixin.py:151} INFO - [2026-03-30T17:51:51.494+0000] {dag.py:3696} INFO - Setting next_dagrun for etl_empenhos to 2026-03-29T00:00:00+00:00, run_after=2026-03-30T00:00:00+00:00
[2026-03-30T17:51:51.516+0000] {processor.py:179} INFO - Processing /opt/airflow/dags/popula_banco.py took 0.362 seconds
[2026-03-30T17:52:21.854+0000] {processor.py:157} INFO - Started process (PID=574) to work on /opt/airflow/dags/popula_banco.py
[2026-03-30T17:52:21.855+0000] {processor.py:829} INFO - Processing file /opt/airflow/dags/popula_banco.py for tasks to queue
[2026-03-30T17:52:21.855+0000] {logging_mixin.py:151} INFO - [2026-03-30T17:52:21.855+0000] {dagbag.py:539} INFO - Filling up the DagBag from /opt/airflow/dags/popula_banco.py
[2026-03-30T17:52:22.108+0000] {processor.py:839} INFO - DAG(s) dict_keys(['etl_empenhos']) retrieved from /opt/airflow/dags/popula_banco.py
[2026-03-30T17:52:22.133+0000] {logging_mixin.py:151} INFO - [2026-03-30T17:52:22.133+0000] {dag.py:2915} INFO - Sync 1 DAGs
[2026-03-30T17:52:22.157+0000] {logging_mixin.py:151} INFO - [2026-03-30T17:52:22.156+0000] {dag.py:3696} INFO - Setting next_dagrun for etl_empenhos to 2026-03-29T00:00:00+00:00, run_after=2026-03-30T00:00:00+00:00
[2026-03-30T17:52:22.184+0000] {processor.py:179} INFO - Processing /opt/airflow/dags/popula_banco.py took 0.332 seconds
[2026-03-30T17:52:52.313+0000] {processor.py:157} INFO - Started process (PID=585) to work on /opt/airflow/dags/popula_banco.py
[2026-03-30T17:52:52.314+0000] {processor.py:829} INFO - Processing file /opt/airflow/dags/popula_banco.py for tasks to queue
[2026-03-30T17:52:52.315+0000] {logging_mixin.py:151} INFO - [2026-03-30T17:52:52.314+0000] {dagbag.py:539} INFO - Filling up the DagBag from /opt/airflow/dags/popula_banco.py
[2026-03-30T17:52:52.575+0000] {processor.py:839} INFO - DAG(s) dict_keys(['etl_empenhos']) retrieved from /opt/airflow/dags/popula_banco.py
[2026-03-30T17:52:52.602+0000] {logging_mixin.py:151} INFO - [2026-03-30T17:52:52.601+0000] {dag.py:2915} INFO - Sync 1 DAGs
[2026-03-30T17:52:52.620+0000] {logging_mixin.py:151} INFO - [2026-03-30T17:52:52.620+0000] {dag.py:3696} INFO - Setting next_dagrun for etl_empenhos to 2026-03-29T00:00:00+00:00, run_after=2026-03-30T00:00:00+00:00
[2026-03-30T17:52:52.643+0000] {processor.py:179} INFO - Processing /opt/airflow/dags/popula_banco.py took 0.333 seconds
[2026-03-30T17:53:22.679+0000] {processor.py:157} INFO - Started process (PID=596) to work on /opt/airflow/dags/popula_banco.py
[2026-03-30T17:53:22.680+0000] {processor.py:829} INFO - Processing file /opt/airflow/dags/popula_banco.py for tasks to queue
[2026-03-30T17:53:22.681+0000] {logging_mixin.py:151} INFO - [2026-03-30T17:53:22.681+0000] {dagbag.py:539} INFO - Filling up the DagBag from /opt/airflow/dags/popula_banco.py
[2026-03-30T17:53:22.929+0000] {processor.py:839} INFO - DAG(s) dict_keys(['etl_empenhos']) retrieved from /opt/airflow/dags/popula_banco.py
[2026-03-30T17:53:22.955+0000] {logging_mixin.py:151} INFO - [2026-03-30T17:53:22.954+0000] {dag.py:2915} INFO - Sync 1 DAGs
[2026-03-30T17:53:22.973+0000] {logging_mixin.py:151} INFO - [2026-03-30T17:53:22.973+0000] {dag.py:3696} INFO - Setting next_dagrun for etl_empenhos to 2026-03-29T00:00:00+00:00, run_after=2026-03-30T00:00:00+00:00
[2026-03-30T17:53:22.997+0000] {processor.py:179} INFO - Processing /opt/airflow/dags/popula_banco.py took 0.320 seconds
[2026-03-30T17:53:53.052+0000] {processor.py:157} INFO - Started process (PID=607) to work on /opt/airflow/dags/popula_banco.py
[2026-03-30T17:53:53.053+0000] {processor.py:829} INFO - Processing file /opt/airflow/dags/popula_banco.py for tasks to queue
[2026-03-30T17:53:53.054+0000] {logging_mixin.py:151} INFO - [2026-03-30T17:53:53.054+0000] {dagbag.py:539} INFO - Filling up the DagBag from /opt/airflow/dags/popula_banco.py
[2026-03-30T17:53:53.329+0000] {processor.py:839} INFO - DAG(s) dict_keys(['etl_empenhos']) retrieved from /opt/airflow/dags/popula_banco.py
[2026-03-30T17:53:53.359+0000] {logging_mixin.py:151} INFO - [2026-03-30T17:53:53.358+0000] {dag.py:2915} INFO - Sync 1 DAGs
[2026-03-30T17:53:53.381+0000] {logging_mixin.py:151} INFO - [2026-03-30T17:53:53.381+0000] {dag.py:3696} INFO - Setting next_dagrun for etl_empenhos to 2026-03-29T00:00:00+00:00, run_after=2026-03-30T00:00:00+00:00
[2026-03-30T17:53:53.400+0000] {processor.py:179} INFO - Processing /opt/airflow/dags/popula_banco.py took 0.350 seconds
[2026-03-30T17:54:24.352+0000] {processor.py:157} INFO - Started process (PID=618) to work on /opt/airflow/dags/popula_banco.py
[2026-03-30T17:54:24.353+0000] {processor.py:829} INFO - Processing file /opt/airflow/dags/popula_banco.py for tasks to queue
[2026-03-30T17:54:24.354+0000] {logging_mixin.py:151} INFO - [2026-03-30T17:54:24.354+0000] {dagbag.py:539} INFO - Filling up the DagBag from /opt/airflow/dags/popula_banco.py
[2026-03-30T17:54:24.649+0000] {processor.py:839} INFO - DAG(s) dict_keys(['etl_empenhos']) retrieved from /opt/airflow/dags/popula_banco.py
[2026-03-30T17:54:24.676+0000] {logging_mixin.py:151} INFO - [2026-03-30T17:54:24.675+0000] {dag.py:2915} INFO - Sync 1 DAGs
[2026-03-30T17:54:24.698+0000] {logging_mixin.py:151} INFO - [2026-03-30T17:54:24.698+0000] {dag.py:3696} INFO - Setting next_dagrun for etl_empenhos to 2026-03-29T00:00:00+00:00, run_after=2026-03-30T00:00:00+00:00
[2026-03-30T17:54:24.715+0000] {processor.py:179} INFO - Processing /opt/airflow/dags/popula_banco.py took 0.366 seconds
[2026-03-30T17:54:36.636+0000] {processor.py:157} INFO - Started process (PID=629) to work on /opt/airflow/dags/popula_banco.py
[2026-03-30T17:54:36.637+0000] {processor.py:829} INFO - Processing file /opt/airflow/dags/popula_banco.py for tasks to queue
[2026-03-30T17:54:36.638+0000] {logging_mixin.py:151} INFO - [2026-03-30T17:54:36.637+0000] {dagbag.py:539} INFO - Filling up the DagBag from /opt/airflow/dags/popula_banco.py
[2026-03-30T17:54:36.931+0000] {processor.py:839} INFO - DAG(s) dict_keys(['etl_empenhos']) retrieved from /opt/airflow/dags/popula_banco.py
[2026-03-30T17:54:36.960+0000] {logging_mixin.py:151} INFO - [2026-03-30T17:54:36.959+0000] {dag.py:2915} INFO - Sync 1 DAGs
[2026-03-30T17:54:36.984+0000] {logging_mixin.py:151} INFO - [2026-03-30T17:54:36.983+0000] {dag.py:3696} INFO - Setting next_dagrun for etl_empenhos to 2026-03-29T00:00:00+00:00, run_after=2026-03-30T00:00:00+00:00
[2026-03-30T17:54:37.017+0000] {processor.py:179} INFO - Processing /opt/airflow/dags/popula_banco.py took 0.384 seconds
[2026-03-30T17:55:07.086+0000] {processor.py:157} INFO - Started process (PID=676) to work on /opt/airflow/dags/popula_banco.py
[2026-03-30T17:55:07.087+0000] {processor.py:829} INFO - Processing file /opt/airflow/dags/popula_banco.py for tasks to queue
[2026-03-30T17:55:07.087+0000] {logging_mixin.py:151} INFO - [2026-03-30T17:55:07.087+0000] {dagbag.py:539} INFO - Filling up the DagBag from /opt/airflow/dags/popula_banco.py
[2026-03-30T17:55:07.389+0000] {processor.py:839} INFO - DAG(s) dict_keys(['etl_empenhos']) retrieved from /opt/airflow/dags/popula_banco.py
[2026-03-30T17:55:07.416+0000] {logging_mixin.py:151} INFO - [2026-03-30T17:55:07.415+0000] {dag.py:2915} INFO - Sync 1 DAGs
[2026-03-30T17:55:07.437+0000] {logging_mixin.py:151} INFO - [2026-03-30T17:55:07.437+0000] {dag.py:3696} INFO - Setting next_dagrun for etl_empenhos to 2026-03-29T00:00:00+00:00, run_after=2026-03-30T00:00:00+00:00
[2026-03-30T17:55:07.454+0000] {processor.py:179} INFO - Processing /opt/airflow/dags/popula_banco.py took 0.371 seconds
[2026-03-30T17:55:38.404+0000] {processor.py:157} INFO - Started process (PID=687) to work on /opt/airflow/dags/popula_banco.py
[2026-03-30T17:55:38.405+0000] {processor.py:829} INFO - Processing file /opt/airflow/dags/popula_banco.py for tasks to queue
[2026-03-30T17:55:38.406+0000] {logging_mixin.py:151} INFO - [2026-03-30T17:55:38.406+0000] {dagbag.py:539} INFO - Filling up the DagBag from /opt/airflow/dags/popula_banco.py
[2026-03-30T17:55:38.712+0000] {processor.py:839} INFO - DAG(s) dict_keys(['etl_empenhos']) retrieved from /opt/airflow/dags/popula_banco.py
[2026-03-30T17:55:38.739+0000] {logging_mixin.py:151} INFO - [2026-03-30T17:55:38.739+0000] {dag.py:2915} INFO - Sync 1 DAGs
[2026-03-30T17:55:38.761+0000] {logging_mixin.py:151} INFO - [2026-03-30T17:55:38.761+0000] {dag.py:3696} INFO - Setting next_dagrun for etl_empenhos to 2026-03-29T00:00:00+00:00, run_after=2026-03-30T00:00:00+00:00
[2026-03-30T17:55:38.776+0000] {processor.py:179} INFO - Processing /opt/airflow/dags/popula_banco.py took 0.375 seconds
[2026-03-30T17:56:08.870+0000] {processor.py:157} INFO - Started process (PID=698) to work on /opt/airflow/dags/popula_banco.py
[2026-03-30T17:56:08.871+0000] {processor.py:829} INFO - Processing file /opt/airflow/dags/popula_banco.py for tasks to queue
[2026-03-30T17:56:08.872+0000] {logging_mixin.py:151} INFO - [2026-03-30T17:56:08.872+0000] {dagbag.py:539} INFO - Filling up the DagBag from /opt/airflow/dags/popula_banco.py
[2026-03-30T17:56:09.140+0000] {processor.py:839} INFO - DAG(s) dict_keys(['etl_empenhos']) retrieved from /opt/airflow/dags/popula_banco.py
[2026-03-30T17:56:09.168+0000] {logging_mixin.py:151} INFO - [2026-03-30T17:56:09.167+0000] {dag.py:2915} INFO - Sync 1 DAGs
[2026-03-30T17:56:09.189+0000] {logging_mixin.py:151} INFO - [2026-03-30T17:56:09.189+0000] {dag.py:3696} INFO - Setting next_dagrun for etl_empenhos to 2026-03-29T00:00:00+00:00, run_after=2026-03-30T00:00:00+00:00
[2026-03-30T17:56:09.208+0000] {processor.py:179} INFO - Processing /opt/airflow/dags/popula_banco.py took 0.340 seconds
[2026-03-30T17:56:39.266+0000] {processor.py:157} INFO - Started process (PID=709) to work on /opt/airflow/dags/popula_banco.py
[2026-03-30T17:56:39.266+0000] {processor.py:829} INFO - Processing file /opt/airflow/dags/popula_banco.py for tasks to queue
[2026-03-30T17:56:39.268+0000] {logging_mixin.py:151} INFO - [2026-03-30T17:56:39.267+0000] {dagbag.py:539} INFO - Filling up the DagBag from /opt/airflow/dags/popula_banco.py
[2026-03-30T17:56:39.546+0000] {processor.py:839} INFO - DAG(s) dict_keys(['etl_empenhos']) retrieved from /opt/airflow/dags/popula_banco.py
[2026-03-30T17:56:39.575+0000] {logging_mixin.py:151} INFO - [2026-03-30T17:56:39.574+0000] {dag.py:2915} INFO - Sync 1 DAGs
[2026-03-30T17:56:39.594+0000] {logging_mixin.py:151} INFO - [2026-03-30T17:56:39.594+0000] {dag.py:3696} INFO - Setting next_dagrun for etl_empenhos to 2026-03-29T00:00:00+00:00, run_after=2026-03-30T00:00:00+00:00
[2026-03-30T17:56:39.608+0000] {processor.py:179} INFO - Processing /opt/airflow/dags/popula_banco.py took 0.345 seconds
[2026-03-30T17:57:09.653+0000] {processor.py:157} INFO - Started process (PID=723) to work on /opt/airflow/dags/popula_banco.py
[2026-03-30T17:57:09.653+0000] {processor.py:829} INFO - Processing file /opt/airflow/dags/popula_banco.py for tasks to queue
[2026-03-30T17:57:09.654+0000] {logging_mixin.py:151} INFO - [2026-03-30T17:57:09.654+0000] {dagbag.py:539} INFO - Filling up the DagBag from /opt/airflow/dags/popula_banco.py
[2026-03-30T17:57:09.929+0000] {processor.py:839} INFO - DAG(s) dict_keys(['etl_empenhos']) retrieved from /opt/airflow/dags/popula_banco.py
[2026-03-30T17:57:09.953+0000] {logging_mixin.py:151} INFO - [2026-03-30T17:57:09.952+0000] {dag.py:2915} INFO - Sync 1 DAGs
[2026-03-30T17:57:09.971+0000] {logging_mixin.py:151} INFO - [2026-03-30T17:57:09.971+0000] {dag.py:3696} INFO - Setting next_dagrun for etl_empenhos to 2026-03-30T00:00:00+00:00, run_after=2026-03-31T00:00:00+00:00
[2026-03-30T17:57:09.995+0000] {processor.py:179} INFO - Processing /opt/airflow/dags/popula_banco.py took 0.345 seconds
[2026-03-30T17:57:40.046+0000] {processor.py:157} INFO - Started process (PID=734) to work on /opt/airflow/dags/popula_banco.py
[2026-03-30T17:57:40.047+0000] {processor.py:829} INFO - Processing file /opt/airflow/dags/popula_banco.py for tasks to queue
[2026-03-30T17:57:40.048+0000] {logging_mixin.py:151} INFO - [2026-03-30T17:57:40.048+0000] {dagbag.py:539} INFO - Filling up the DagBag from /opt/airflow/dags/popula_banco.py
[2026-03-30T17:57:40.330+0000] {processor.py:839} INFO - DAG(s) dict_keys(['etl_empenhos']) retrieved from /opt/airflow/dags/popula_banco.py
[2026-03-30T17:57:40.356+0000] {logging_mixin.py:151} INFO - [2026-03-30T17:57:40.355+0000] {dag.py:2915} INFO - Sync 1 DAGs
[2026-03-30T17:57:40.377+0000] {logging_mixin.py:151} INFO - [2026-03-30T17:57:40.377+0000] {dag.py:3696} INFO - Setting next_dagrun for etl_empenhos to 2026-03-30T00:00:00+00:00, run_after=2026-03-31T00:00:00+00:00
[2026-03-30T17:57:40.402+0000] {processor.py:179} INFO - Processing /opt/airflow/dags/popula_banco.py took 0.358 seconds
[2026-03-30T17:58:11.353+0000] {processor.py:157} INFO - Started process (PID=745) to work on /opt/airflow/dags/popula_banco.py
[2026-03-30T17:58:11.354+0000] {processor.py:829} INFO - Processing file /opt/airflow/dags/popula_banco.py for tasks to queue
[2026-03-30T17:58:11.355+0000] {logging_mixin.py:151} INFO - [2026-03-30T17:58:11.354+0000] {dagbag.py:539} INFO - Filling up the DagBag from /opt/airflow/dags/popula_banco.py
[2026-03-30T17:58:11.640+0000] {processor.py:839} INFO - DAG(s) dict_keys(['etl_empenhos']) retrieved from /opt/airflow/dags/popula_banco.py
[2026-03-30T17:58:11.668+0000] {logging_mixin.py:151} INFO - [2026-03-30T17:58:11.668+0000] {dag.py:2915} INFO - Sync 1 DAGs
[2026-03-30T17:58:11.690+0000] {logging_mixin.py:151} INFO - [2026-03-30T17:58:11.690+0000] {dag.py:3696} INFO - Setting next_dagrun for etl_empenhos to 2026-03-30T00:00:00+00:00, run_after=2026-03-31T00:00:00+00:00
[2026-03-30T17:58:11.715+0000] {processor.py:179} INFO - Processing /opt/airflow/dags/popula_banco.py took 0.365 seconds
[2026-03-30T17:58:41.813+0000] {processor.py:157} INFO - Started process (PID=756) to work on /opt/airflow/dags/popula_banco.py
[2026-03-30T17:58:41.815+0000] {processor.py:829} INFO - Processing file /opt/airflow/dags/popula_banco.py for tasks to queue
[2026-03-30T17:58:41.816+0000] {logging_mixin.py:151} INFO - [2026-03-30T17:58:41.815+0000] {dagbag.py:539} INFO - Filling up the DagBag from /opt/airflow/dags/popula_banco.py
[2026-03-30T17:58:42.098+0000] {processor.py:839} INFO - DAG(s) dict_keys(['etl_empenhos']) retrieved from /opt/airflow/dags/popula_banco.py
[2026-03-30T17:58:42.126+0000] {logging_mixin.py:151} INFO - [2026-03-30T17:58:42.126+0000] {dag.py:2915} INFO - Sync 1 DAGs
[2026-03-30T17:58:42.147+0000] {logging_mixin.py:151} INFO - [2026-03-30T17:58:42.147+0000] {dag.py:3696} INFO - Setting next_dagrun for etl_empenhos to 2026-03-30T00:00:00+00:00, run_after=2026-03-31T00:00:00+00:00
[2026-03-30T17:58:42.171+0000] {processor.py:179} INFO - Processing /opt/airflow/dags/popula_banco.py took 0.361 seconds
[2026-03-30T17:59:13.119+0000] {processor.py:157} INFO - Started process (PID=767) to work on /opt/airflow/dags/popula_banco.py
[2026-03-30T17:59:13.120+0000] {processor.py:829} INFO - Processing file /opt/airflow/dags/popula_banco.py for tasks to queue
[2026-03-30T17:59:13.120+0000] {logging_mixin.py:151} INFO - [2026-03-30T17:59:13.120+0000] {dagbag.py:539} INFO - Filling up the DagBag from /opt/airflow/dags/popula_banco.py
[2026-03-30T17:59:13.392+0000] {processor.py:839} INFO - DAG(s) dict_keys(['etl_empenhos']) retrieved from /opt/airflow/dags/popula_banco.py
[2026-03-30T17:59:13.419+0000] {logging_mixin.py:151} INFO - [2026-03-30T17:59:13.418+0000] {dag.py:2915} INFO - Sync 1 DAGs
[2026-03-30T17:59:13.439+0000] {logging_mixin.py:151} INFO - [2026-03-30T17:59:13.439+0000] {dag.py:3696} INFO - Setting next_dagrun for etl_empenhos to 2026-03-30T00:00:00+00:00, run_after=2026-03-31T00:00:00+00:00
[2026-03-30T17:59:13.464+0000] {processor.py:179} INFO - Processing /opt/airflow/dags/popula_banco.py took 0.348 seconds
[2026-03-30T17:59:43.576+0000] {processor.py:157} INFO - Started process (PID=778) to work on /opt/airflow/dags/popula_banco.py
[2026-03-30T17:59:43.577+0000] {processor.py:829} INFO - Processing file /opt/airflow/dags/popula_banco.py for tasks to queue
[2026-03-30T17:59:43.577+0000] {logging_mixin.py:151} INFO - [2026-03-30T17:59:43.577+0000] {dagbag.py:539} INFO - Filling up the DagBag from /opt/airflow/dags/popula_banco.py
[2026-03-30T17:59:43.842+0000] {processor.py:839} INFO - DAG(s) dict_keys(['etl_empenhos']) retrieved from /opt/airflow/dags/popula_banco.py
[2026-03-30T17:59:43.869+0000] {logging_mixin.py:151} INFO - [2026-03-30T17:59:43.869+0000] {dag.py:2915} INFO - Sync 1 DAGs
[2026-03-30T17:59:43.889+0000] {logging_mixin.py:151} INFO - [2026-03-30T17:59:43.889+0000] {dag.py:3696} INFO - Setting next_dagrun for etl_empenhos to 2026-03-30T00:00:00+00:00, run_after=2026-03-31T00:00:00+00:00
[2026-03-30T17:59:43.917+0000] {processor.py:179} INFO - Processing /opt/airflow/dags/popula_banco.py took 0.344 seconds
[2026-03-30T18:00:13.979+0000] {processor.py:157} INFO - Started process (PID=795) to work on /opt/airflow/dags/popula_banco.py
[2026-03-30T18:00:13.980+0000] {processor.py:829} INFO - Processing file /opt/airflow/dags/popula_banco.py for tasks to queue
[2026-03-30T18:00:13.981+0000] {logging_mixin.py:151} INFO - [2026-03-30T18:00:13.981+0000] {dagbag.py:539} INFO - Filling up the DagBag from /opt/airflow/dags/popula_banco.py
[2026-03-30T18:00:14.260+0000] {processor.py:839} INFO - DAG(s) dict_keys(['etl_empenhos']) retrieved from /opt/airflow/dags/popula_banco.py
[2026-03-30T18:00:14.290+0000] {logging_mixin.py:151} INFO - [2026-03-30T18:00:14.289+0000] {dag.py:2915} INFO - Sync 1 DAGs
[2026-03-30T18:00:14.313+0000] {logging_mixin.py:151} INFO - [2026-03-30T18:00:14.313+0000] {dag.py:3696} INFO - Setting next_dagrun for etl_empenhos to 2026-03-30T00:00:00+00:00, run_after=2026-03-31T00:00:00+00:00
[2026-03-30T18:00:14.330+0000] {processor.py:179} INFO - Processing /opt/airflow/dags/popula_banco.py took 0.355 seconds
[2026-03-30T18:00:45.283+0000] {processor.py:157} INFO - Started process (PID=806) to work on /opt/airflow/dags/popula_banco.py
[2026-03-30T18:00:45.284+0000] {processor.py:829} INFO - Processing file /opt/airflow/dags/popula_banco.py for tasks to queue
[2026-03-30T18:00:45.285+0000] {logging_mixin.py:151} INFO - [2026-03-30T18:00:45.285+0000] {dagbag.py:539} INFO - Filling up the DagBag from /opt/airflow/dags/popula_banco.py
[2026-03-30T18:00:45.558+0000] {processor.py:839} INFO - DAG(s) dict_keys(['etl_empenhos']) retrieved from /opt/airflow/dags/popula_banco.py
[2026-03-30T18:00:45.591+0000] {logging_mixin.py:151} INFO - [2026-03-30T18:00:45.590+0000] {dag.py:2915} INFO - Sync 1 DAGs
[2026-03-30T18:00:45.613+0000] {logging_mixin.py:151} INFO - [2026-03-30T18:00:45.613+0000] {dag.py:3696} INFO - Setting next_dagrun for etl_empenhos to 2026-03-30T00:00:00+00:00, run_after=2026-03-31T00:00:00+00:00
[2026-03-30T18:00:45.629+0000] {processor.py:179} INFO - Processing /opt/airflow/dags/popula_banco.py took 0.349 seconds
[2026-03-30T18:01:15.736+0000] {processor.py:157} INFO - Started process (PID=817) to work on /opt/airflow/dags/popula_banco.py
[2026-03-30T18:01:15.737+0000] {processor.py:829} INFO - Processing file /opt/airflow/dags/popula_banco.py for tasks to queue
[2026-03-30T18:01:15.738+0000] {logging_mixin.py:151} INFO - [2026-03-30T18:01:15.738+0000] {dagbag.py:539} INFO - Filling up the DagBag from /opt/airflow/dags/popula_banco.py
[2026-03-30T18:01:16.007+0000] {processor.py:839} INFO - DAG(s) dict_keys(['etl_empenhos']) retrieved from /opt/airflow/dags/popula_banco.py
[2026-03-30T18:01:16.033+0000] {logging_mixin.py:151} INFO - [2026-03-30T18:01:16.033+0000] {dag.py:2915} INFO - Sync 1 DAGs
[2026-03-30T18:01:16.053+0000] {logging_mixin.py:151} INFO - [2026-03-30T18:01:16.053+0000] {dag.py:3696} INFO - Setting next_dagrun for etl_empenhos to 2026-03-30T00:00:00+00:00, run_after=2026-03-31T00:00:00+00:00
[2026-03-30T18:01:16.078+0000] {processor.py:179} INFO - Processing /opt/airflow/dags/popula_banco.py took 0.345 seconds
[2026-03-30T18:01:28.809+0000] {processor.py:157} INFO - Started process (PID=823) to work on /opt/airflow/dags/popula_banco.py
[2026-03-30T18:01:28.810+0000] {processor.py:829} INFO - Processing file /opt/airflow/dags/popula_banco.py for tasks to queue
[2026-03-30T18:01:28.811+0000] {logging_mixin.py:151} INFO - [2026-03-30T18:01:28.811+0000] {dagbag.py:539} INFO - Filling up the DagBag from /opt/airflow/dags/popula_banco.py
[2026-03-30T18:01:29.143+0000] {processor.py:839} INFO - DAG(s) dict_keys(['etl_empenhos']) retrieved from /opt/airflow/dags/popula_banco.py
[2026-03-30T18:01:29.175+0000] {logging_mixin.py:151} INFO - [2026-03-30T18:01:29.174+0000] {dag.py:2915} INFO - Sync 1 DAGs
[2026-03-30T18:01:29.205+0000] {logging_mixin.py:151} INFO - [2026-03-30T18:01:29.204+0000] {dag.py:3696} INFO - Setting next_dagrun for etl_empenhos to 2026-03-30T00:00:00+00:00, run_after=2026-03-31T00:00:00+00:00
[2026-03-30T18:01:29.234+0000] {processor.py:179} INFO - Processing /opt/airflow/dags/popula_banco.py took 0.428 seconds
[2026-03-30T18:01:59.607+0000] {processor.py:157} INFO - Started process (PID=840) to work on /opt/airflow/dags/popula_banco.py
[2026-03-30T18:01:59.608+0000] {processor.py:829} INFO - Processing file /opt/airflow/dags/popula_banco.py for tasks to queue
[2026-03-30T18:01:59.609+0000] {logging_mixin.py:151} INFO - [2026-03-30T18:01:59.609+0000] {dagbag.py:539} INFO - Filling up the DagBag from /opt/airflow/dags/popula_banco.py
[2026-03-30T18:01:59.871+0000] {processor.py:839} INFO - DAG(s) dict_keys(['etl_empenhos']) retrieved from /opt/airflow/dags/popula_banco.py
[2026-03-30T18:01:59.899+0000] {logging_mixin.py:151} INFO - [2026-03-30T18:01:59.898+0000] {dag.py:2915} INFO - Sync 1 DAGs
[2026-03-30T18:01:59.919+0000] {logging_mixin.py:151} INFO - [2026-03-30T18:01:59.919+0000] {dag.py:3696} INFO - Setting next_dagrun for etl_empenhos to 2026-03-30T00:00:00+00:00, run_after=2026-03-31T00:00:00+00:00
[2026-03-30T18:01:59.939+0000] {processor.py:179} INFO - Processing /opt/airflow/dags/popula_banco.py took 0.335 seconds
[2026-03-30T18:02:30.001+0000] {processor.py:157} INFO - Started process (PID=857) to work on /opt/airflow/dags/popula_banco.py
[2026-03-30T18:02:30.002+0000] {processor.py:829} INFO - Processing file /opt/airflow/dags/popula_banco.py for tasks to queue
[2026-03-30T18:02:30.002+0000] {logging_mixin.py:151} INFO - [2026-03-30T18:02:30.002+0000] {dagbag.py:539} INFO - Filling up the DagBag from /opt/airflow/dags/popula_banco.py
[2026-03-30T18:02:30.287+0000] {processor.py:839} INFO - DAG(s) dict_keys(['etl_empenhos']) retrieved from /opt/airflow/dags/popula_banco.py
[2026-03-30T18:02:30.315+0000] {logging_mixin.py:151} INFO - [2026-03-30T18:02:30.315+0000] {dag.py:2915} INFO - Sync 1 DAGs
[2026-03-30T18:02:30.336+0000] {logging_mixin.py:151} INFO - [2026-03-30T18:02:30.336+0000] {dag.py:3696} INFO - Setting next_dagrun for etl_empenhos to 2026-03-30T00:00:00+00:00, run_after=2026-03-31T00:00:00+00:00
[2026-03-30T18:02:30.353+0000] {processor.py:179} INFO - Processing /opt/airflow/dags/popula_banco.py took 0.355 seconds
[2026-03-30T18:03:01.317+0000] {processor.py:157} INFO - Started process (PID=868) to work on /opt/airflow/dags/popula_banco.py
[2026-03-30T18:03:01.318+0000] {processor.py:829} INFO - Processing file /opt/airflow/dags/popula_banco.py for tasks to queue
[2026-03-30T18:03:01.319+0000] {logging_mixin.py:151} INFO - [2026-03-30T18:03:01.319+0000] {dagbag.py:539} INFO - Filling up the DagBag from /opt/airflow/dags/popula_banco.py
[2026-03-30T18:03:01.607+0000] {processor.py:839} INFO - DAG(s) dict_keys(['etl_empenhos']) retrieved from /opt/airflow/dags/popula_banco.py
[2026-03-30T18:03:01.640+0000] {logging_mixin.py:151} INFO - [2026-03-30T18:03:01.640+0000] {dag.py:2915} INFO - Sync 1 DAGs
[2026-03-30T18:03:01.663+0000] {logging_mixin.py:151} INFO - [2026-03-30T18:03:01.663+0000] {dag.py:3696} INFO - Setting next_dagrun for etl_empenhos to 2026-03-30T00:00:00+00:00, run_after=2026-03-31T00:00:00+00:00
[2026-03-30T18:03:01.680+0000] {processor.py:179} INFO - Processing /opt/airflow/dags/popula_banco.py took 0.367 seconds
[2026-03-30T18:03:31.760+0000] {processor.py:157} INFO - Started process (PID=879) to work on /opt/airflow/dags/popula_banco.py
[2026-03-30T18:03:31.761+0000] {processor.py:829} INFO - Processing file /opt/airflow/dags/popula_banco.py for tasks to queue
[2026-03-30T18:03:31.762+0000] {logging_mixin.py:151} INFO - [2026-03-30T18:03:31.762+0000] {dagbag.py:539} INFO - Filling up the DagBag from /opt/airflow/dags/popula_banco.py
[2026-03-30T18:03:32.066+0000] {processor.py:839} INFO - DAG(s) dict_keys(['etl_empenhos']) retrieved from /opt/airflow/dags/popula_banco.py
[2026-03-30T18:03:32.093+0000] {logging_mixin.py:151} INFO - [2026-03-30T18:03:32.092+0000] {dag.py:2915} INFO - Sync 1 DAGs
[2026-03-30T18:03:32.113+0000] {logging_mixin.py:151} INFO - [2026-03-30T18:03:32.113+0000] {dag.py:3696} INFO - Setting next_dagrun for etl_empenhos to 2026-03-30T00:00:00+00:00, run_after=2026-03-31T00:00:00+00:00
[2026-03-30T18:03:32.130+0000] {processor.py:179} INFO - Processing /opt/airflow/dags/popula_banco.py took 0.374 seconds
[2026-03-30T18:03:36.938+0000] {processor.py:157} INFO - Started process (PID=890) to work on /opt/airflow/dags/popula_banco.py
[2026-03-30T18:03:36.938+0000] {processor.py:829} INFO - Processing file /opt/airflow/dags/popula_banco.py for tasks to queue
[2026-03-30T18:03:36.939+0000] {logging_mixin.py:151} INFO - [2026-03-30T18:03:36.939+0000] {dagbag.py:539} INFO - Filling up the DagBag from /opt/airflow/dags/popula_banco.py
[2026-03-30T18:03:36.951+0000] {logging_mixin.py:151} INFO - [2026-03-30T18:03:36.949+0000] {dagbag.py:347} ERROR - Failed to import: /opt/airflow/dags/popula_banco.py
Traceback (most recent call last):
  File "/home/airflow/.local/lib/python3.10/site-packages/airflow/models/dagbag.py", line 343, in parse
    loader.exec_module(new_module)
  File "<frozen importlib._bootstrap_external>", line 879, in exec_module
  File "<frozen importlib._bootstrap_external>", line 1017, in get_code
  File "<frozen importlib._bootstrap_external>", line 947, in source_to_code
  File "<frozen importlib._bootstrap>", line 241, in _call_with_frames_removed
  File "/opt/airflow/dags/popula_banco.py", line 22
    base = f"{reg.get('liquidado','')}{reg.get('gasto','')}{reg.get('historico','')}{reg.get('orgao','')}"
    ^^^^
IndentationError: expected an indented block after function definition on line 21
[2026-03-30T18:03:36.951+0000] {processor.py:841} WARNING - No viable dags retrieved from /opt/airflow/dags/popula_banco.py
[2026-03-30T18:03:36.979+0000] {processor.py:179} INFO - Processing /opt/airflow/dags/popula_banco.py took 0.044 seconds
[2026-03-30T18:04:07.274+0000] {processor.py:157} INFO - Started process (PID=900) to work on /opt/airflow/dags/popula_banco.py
[2026-03-30T18:04:07.275+0000] {processor.py:829} INFO - Processing file /opt/airflow/dags/popula_banco.py for tasks to queue
[2026-03-30T18:04:07.275+0000] {logging_mixin.py:151} INFO - [2026-03-30T18:04:07.275+0000] {dagbag.py:539} INFO - Filling up the DagBag from /opt/airflow/dags/popula_banco.py
[2026-03-30T18:04:07.286+0000] {logging_mixin.py:151} INFO - [2026-03-30T18:04:07.285+0000] {dagbag.py:347} ERROR - Failed to import: /opt/airflow/dags/popula_banco.py
Traceback (most recent call last):
  File "/home/airflow/.local/lib/python3.10/site-packages/airflow/models/dagbag.py", line 343, in parse
    loader.exec_module(new_module)
  File "<frozen importlib._bootstrap_external>", line 879, in exec_module
  File "<frozen importlib._bootstrap_external>", line 1017, in get_code
  File "<frozen importlib._bootstrap_external>", line 947, in source_to_code
  File "<frozen importlib._bootstrap>", line 241, in _call_with_frames_removed
  File "/opt/airflow/dags/popula_banco.py", line 22
    base = f"{reg.get('liquidado','')}{reg.get('gasto','')}{reg.get('historico','')}{reg.get('orgao','')}"
    ^^^^
IndentationError: expected an indented block after function definition on line 21
[2026-03-30T18:04:07.286+0000] {processor.py:841} WARNING - No viable dags retrieved from /opt/airflow/dags/popula_banco.py
[2026-03-30T18:04:07.315+0000] {processor.py:179} INFO - Processing /opt/airflow/dags/popula_banco.py took 0.044 seconds
[2026-03-30T18:04:37.641+0000] {processor.py:157} INFO - Started process (PID=910) to work on /opt/airflow/dags/popula_banco.py
[2026-03-30T18:04:37.641+0000] {processor.py:829} INFO - Processing file /opt/airflow/dags/popula_banco.py for tasks to queue
[2026-03-30T18:04:37.642+0000] {logging_mixin.py:151} INFO - [2026-03-30T18:04:37.642+0000] {dagbag.py:539} INFO - Filling up the DagBag from /opt/airflow/dags/popula_banco.py
[2026-03-30T18:04:37.653+0000] {logging_mixin.py:151} INFO - [2026-03-30T18:04:37.652+0000] {dagbag.py:347} ERROR - Failed to import: /opt/airflow/dags/popula_banco.py
Traceback (most recent call last):
  File "/home/airflow/.local/lib/python3.10/site-packages/airflow/models/dagbag.py", line 343, in parse
    loader.exec_module(new_module)
  File "<frozen importlib._bootstrap_external>", line 879, in exec_module
  File "<frozen importlib._bootstrap_external>", line 1017, in get_code
  File "<frozen importlib._bootstrap_external>", line 947, in source_to_code
  File "<frozen importlib._bootstrap>", line 241, in _call_with_frames_removed
  File "/opt/airflow/dags/popula_banco.py", line 22
    base = f"{reg.get('liquidado','')}{reg.get('gasto','')}{reg.get('historico','')}{reg.get('orgao','')}"
    ^^^^
IndentationError: expected an indented block after function definition on line 21
[2026-03-30T18:04:37.654+0000] {processor.py:841} WARNING - No viable dags retrieved from /opt/airflow/dags/popula_banco.py
[2026-03-30T18:04:37.681+0000] {processor.py:179} INFO - Processing /opt/airflow/dags/popula_banco.py took 0.043 seconds
[2026-03-30T18:04:42.688+0000] {processor.py:157} INFO - Started process (PID=915) to work on /opt/airflow/dags/popula_banco.py
[2026-03-30T18:04:42.689+0000] {processor.py:829} INFO - Processing file /opt/airflow/dags/popula_banco.py for tasks to queue
[2026-03-30T18:04:42.690+0000] {logging_mixin.py:151} INFO - [2026-03-30T18:04:42.689+0000] {dagbag.py:539} INFO - Filling up the DagBag from /opt/airflow/dags/popula_banco.py
[2026-03-30T18:04:43.002+0000] {processor.py:839} INFO - DAG(s) dict_keys(['etl_empenhos_macapa_v2']) retrieved from /opt/airflow/dags/popula_banco.py
[2026-03-30T18:04:43.110+0000] {logging_mixin.py:151} INFO - [2026-03-30T18:04:43.110+0000] {manager.py:499} INFO - Created Permission View: %s
[2026-03-30T18:04:43.120+0000] {logging_mixin.py:151} INFO - [2026-03-30T18:04:43.119+0000] {manager.py:499} INFO - Created Permission View: %s
[2026-03-30T18:04:43.127+0000] {logging_mixin.py:151} INFO - [2026-03-30T18:04:43.126+0000] {manager.py:499} INFO - Created Permission View: %s
[2026-03-30T18:04:43.127+0000] {logging_mixin.py:151} INFO - [2026-03-30T18:04:43.127+0000] {security.py:708} INFO - Not syncing DAG-level permissions for DAG 'DAG:etl_empenhos_macapa_v2' as access control is unset.
[2026-03-30T18:04:43.128+0000] {logging_mixin.py:151} INFO - [2026-03-30T18:04:43.128+0000] {dag.py:2915} INFO - Sync 1 DAGs
[2026-03-30T18:04:43.144+0000] {logging_mixin.py:151} INFO - [2026-03-30T18:04:43.144+0000] {dag.py:2937} INFO - Creating ORM DAG for etl_empenhos_macapa_v2
[2026-03-30T18:04:43.160+0000] {logging_mixin.py:151} INFO - [2026-03-30T18:04:43.160+0000] {dag.py:3696} INFO - Setting next_dagrun for etl_empenhos_macapa_v2 to 2026-03-29T00:00:00+00:00, run_after=2026-03-30T00:00:00+00:00
[2026-03-30T18:04:43.191+0000] {processor.py:179} INFO - Processing /opt/airflow/dags/popula_banco.py took 0.506 seconds
[2026-03-30T18:05:14.036+0000] {processor.py:157} INFO - Started process (PID=932) to work on /opt/airflow/dags/popula_banco.py
[2026-03-30T18:05:14.037+0000] {processor.py:829} INFO - Processing file /opt/airflow/dags/popula_banco.py for tasks to queue
[2026-03-30T18:05:14.038+0000] {logging_mixin.py:151} INFO - [2026-03-30T18:05:14.037+0000] {dagbag.py:539} INFO - Filling up the DagBag from /opt/airflow/dags/popula_banco.py
[2026-03-30T18:05:14.318+0000] {processor.py:839} INFO - DAG(s) dict_keys(['etl_empenhos_macapa_v2']) retrieved from /opt/airflow/dags/popula_banco.py
[2026-03-30T18:05:14.345+0000] {logging_mixin.py:151} INFO - [2026-03-30T18:05:14.344+0000] {dag.py:2915} INFO - Sync 1 DAGs
[2026-03-30T18:05:14.365+0000] {logging_mixin.py:151} INFO - [2026-03-30T18:05:14.365+0000] {dag.py:3696} INFO - Setting next_dagrun for etl_empenhos_macapa_v2 to 2026-03-30T00:00:00+00:00, run_after=2026-03-31T00:00:00+00:00
[2026-03-30T18:05:14.390+0000] {processor.py:179} INFO - Processing /opt/airflow/dags/popula_banco.py took 0.357 seconds
[2026-03-30T18:05:44.510+0000] {processor.py:157} INFO - Started process (PID=943) to work on /opt/airflow/dags/popula_banco.py
[2026-03-30T18:05:44.511+0000] {processor.py:829} INFO - Processing file /opt/airflow/dags/popula_banco.py for tasks to queue
[2026-03-30T18:05:44.512+0000] {logging_mixin.py:151} INFO - [2026-03-30T18:05:44.512+0000] {dagbag.py:539} INFO - Filling up the DagBag from /opt/airflow/dags/popula_banco.py
[2026-03-30T18:05:44.786+0000] {processor.py:839} INFO - DAG(s) dict_keys(['etl_empenhos_macapa_v2']) retrieved from /opt/airflow/dags/popula_banco.py
[2026-03-30T18:05:44.812+0000] {logging_mixin.py:151} INFO - [2026-03-30T18:05:44.812+0000] {dag.py:2915} INFO - Sync 1 DAGs
[2026-03-30T18:05:44.832+0000] {logging_mixin.py:151} INFO - [2026-03-30T18:05:44.831+0000] {dag.py:3696} INFO - Setting next_dagrun for etl_empenhos_macapa_v2 to 2026-03-30T00:00:00+00:00, run_after=2026-03-31T00:00:00+00:00
[2026-03-30T18:05:44.856+0000] {processor.py:179} INFO - Processing /opt/airflow/dags/popula_banco.py took 0.349 seconds
[2026-03-30T18:06:14.896+0000] {processor.py:157} INFO - Started process (PID=954) to work on /opt/airflow/dags/popula_banco.py
[2026-03-30T18:06:14.898+0000] {processor.py:829} INFO - Processing file /opt/airflow/dags/popula_banco.py for tasks to queue
[2026-03-30T18:06:14.899+0000] {logging_mixin.py:151} INFO - [2026-03-30T18:06:14.899+0000] {dagbag.py:539} INFO - Filling up the DagBag from /opt/airflow/dags/popula_banco.py
[2026-03-30T18:06:15.173+0000] {processor.py:839} INFO - DAG(s) dict_keys(['etl_empenhos_macapa_v2']) retrieved from /opt/airflow/dags/popula_banco.py
[2026-03-30T18:06:15.200+0000] {logging_mixin.py:151} INFO - [2026-03-30T18:06:15.199+0000] {dag.py:2915} INFO - Sync 1 DAGs
[2026-03-30T18:06:15.223+0000] {logging_mixin.py:151} INFO - [2026-03-30T18:06:15.222+0000] {dag.py:3696} INFO - Setting next_dagrun for etl_empenhos_macapa_v2 to 2026-03-30T00:00:00+00:00, run_after=2026-03-31T00:00:00+00:00
[2026-03-30T18:06:15.242+0000] {processor.py:179} INFO - Processing /opt/airflow/dags/popula_banco.py took 0.349 seconds
[2026-03-30T18:06:45.297+0000] {processor.py:157} INFO - Started process (PID=965) to work on /opt/airflow/dags/popula_banco.py
[2026-03-30T18:06:45.298+0000] {processor.py:829} INFO - Processing file /opt/airflow/dags/popula_banco.py for tasks to queue
[2026-03-30T18:06:45.299+0000] {logging_mixin.py:151} INFO - [2026-03-30T18:06:45.299+0000] {dagbag.py:539} INFO - Filling up the DagBag from /opt/airflow/dags/popula_banco.py
[2026-03-30T18:06:45.553+0000] {processor.py:839} INFO - DAG(s) dict_keys(['etl_empenhos_macapa_v2']) retrieved from /opt/airflow/dags/popula_banco.py
[2026-03-30T18:06:45.579+0000] {logging_mixin.py:151} INFO - [2026-03-30T18:06:45.579+0000] {dag.py:2915} INFO - Sync 1 DAGs
[2026-03-30T18:06:45.599+0000] {logging_mixin.py:151} INFO - [2026-03-30T18:06:45.599+0000] {dag.py:3696} INFO - Setting next_dagrun for etl_empenhos_macapa_v2 to 2026-03-30T00:00:00+00:00, run_after=2026-03-31T00:00:00+00:00
[2026-03-30T18:06:45.614+0000] {processor.py:179} INFO - Processing /opt/airflow/dags/popula_banco.py took 0.319 seconds
[2026-03-30T18:07:15.697+0000] {processor.py:157} INFO - Started process (PID=994) to work on /opt/airflow/dags/popula_banco.py
[2026-03-30T18:07:15.698+0000] {processor.py:829} INFO - Processing file /opt/airflow/dags/popula_banco.py for tasks to queue
[2026-03-30T18:07:15.699+0000] {logging_mixin.py:151} INFO - [2026-03-30T18:07:15.699+0000] {dagbag.py:539} INFO - Filling up the DagBag from /opt/airflow/dags/popula_banco.py
[2026-03-30T18:07:15.996+0000] {processor.py:839} INFO - DAG(s) dict_keys(['etl_empenhos_macapa_v2']) retrieved from /opt/airflow/dags/popula_banco.py
[2026-03-30T18:07:16.024+0000] {logging_mixin.py:151} INFO - [2026-03-30T18:07:16.024+0000] {dag.py:2915} INFO - Sync 1 DAGs
[2026-03-30T18:07:16.047+0000] {logging_mixin.py:151} INFO - [2026-03-30T18:07:16.047+0000] {dag.py:3696} INFO - Setting next_dagrun for etl_empenhos_macapa_v2 to 2026-03-30T00:00:00+00:00, run_after=2026-03-31T00:00:00+00:00
[2026-03-30T18:07:16.065+0000] {processor.py:179} INFO - Processing /opt/airflow/dags/popula_banco.py took 0.373 seconds
[2026-03-30T18:07:47.011+0000] {processor.py:157} INFO - Started process (PID=1007) to work on /opt/airflow/dags/popula_banco.py
[2026-03-30T18:07:47.011+0000] {processor.py:829} INFO - Processing file /opt/airflow/dags/popula_banco.py for tasks to queue
[2026-03-30T18:07:47.012+0000] {logging_mixin.py:151} INFO - [2026-03-30T18:07:47.012+0000] {dagbag.py:539} INFO - Filling up the DagBag from /opt/airflow/dags/popula_banco.py
[2026-03-30T18:07:47.290+0000] {processor.py:839} INFO - DAG(s) dict_keys(['etl_empenhos_macapa_v2']) retrieved from /opt/airflow/dags/popula_banco.py
[2026-03-30T18:07:47.315+0000] {logging_mixin.py:151} INFO - [2026-03-30T18:07:47.315+0000] {dag.py:2915} INFO - Sync 1 DAGs
[2026-03-30T18:07:47.337+0000] {logging_mixin.py:151} INFO - [2026-03-30T18:07:47.336+0000] {dag.py:3696} INFO - Setting next_dagrun for etl_empenhos_macapa_v2 to 2026-03-30T00:00:00+00:00, run_after=2026-03-31T00:00:00+00:00
[2026-03-30T18:07:47.360+0000] {processor.py:179} INFO - Processing /opt/airflow/dags/popula_banco.py took 0.353 seconds
[2026-03-30T18:08:17.479+0000] {processor.py:157} INFO - Started process (PID=1024) to work on /opt/airflow/dags/popula_banco.py
[2026-03-30T18:08:17.480+0000] {processor.py:829} INFO - Processing file /opt/airflow/dags/popula_banco.py for tasks to queue
[2026-03-30T18:08:17.481+0000] {logging_mixin.py:151} INFO - [2026-03-30T18:08:17.481+0000] {dagbag.py:539} INFO - Filling up the DagBag from /opt/airflow/dags/popula_banco.py
[2026-03-30T18:08:17.758+0000] {processor.py:839} INFO - DAG(s) dict_keys(['etl_empenhos_macapa_v2']) retrieved from /opt/airflow/dags/popula_banco.py
[2026-03-30T18:08:17.784+0000] {logging_mixin.py:151} INFO - [2026-03-30T18:08:17.783+0000] {dag.py:2915} INFO - Sync 1 DAGs
[2026-03-30T18:08:17.804+0000] {logging_mixin.py:151} INFO - [2026-03-30T18:08:17.804+0000] {dag.py:3696} INFO - Setting next_dagrun for etl_empenhos_macapa_v2 to 2026-03-30T00:00:00+00:00, run_after=2026-03-31T00:00:00+00:00
[2026-03-30T18:08:17.819+0000] {processor.py:179} INFO - Processing /opt/airflow/dags/popula_banco.py took 0.343 seconds
[2026-03-30T18:08:47.900+0000] {processor.py:157} INFO - Started process (PID=1035) to work on /opt/airflow/dags/popula_banco.py
[2026-03-30T18:08:47.901+0000] {processor.py:829} INFO - Processing file /opt/airflow/dags/popula_banco.py for tasks to queue
[2026-03-30T18:08:47.902+0000] {logging_mixin.py:151} INFO - [2026-03-30T18:08:47.902+0000] {dagbag.py:539} INFO - Filling up the DagBag from /opt/airflow/dags/popula_banco.py
[2026-03-30T18:08:48.155+0000] {processor.py:839} INFO - DAG(s) dict_keys(['etl_empenhos_macapa_v2']) retrieved from /opt/airflow/dags/popula_banco.py
[2026-03-30T18:08:48.180+0000] {logging_mixin.py:151} INFO - [2026-03-30T18:08:48.180+0000] {dag.py:2915} INFO - Sync 1 DAGs
[2026-03-30T18:08:48.202+0000] {logging_mixin.py:151} INFO - [2026-03-30T18:08:48.201+0000] {dag.py:3696} INFO - Setting next_dagrun for etl_empenhos_macapa_v2 to 2026-03-30T00:00:00+00:00, run_after=2026-03-31T00:00:00+00:00
[2026-03-30T18:08:48.218+0000] {processor.py:179} INFO - Processing /opt/airflow/dags/popula_banco.py took 0.320 seconds
[2026-03-30T18:09:18.271+0000] {processor.py:157} INFO - Started process (PID=1046) to work on /opt/airflow/dags/popula_banco.py
[2026-03-30T18:09:18.272+0000] {processor.py:829} INFO - Processing file /opt/airflow/dags/popula_banco.py for tasks to queue
[2026-03-30T18:09:18.273+0000] {logging_mixin.py:151} INFO - [2026-03-30T18:09:18.272+0000] {dagbag.py:539} INFO - Filling up the DagBag from /opt/airflow/dags/popula_banco.py
[2026-03-30T18:09:18.533+0000] {processor.py:839} INFO - DAG(s) dict_keys(['etl_empenhos_macapa_v2']) retrieved from /opt/airflow/dags/popula_banco.py
[2026-03-30T18:09:18.559+0000] {logging_mixin.py:151} INFO - [2026-03-30T18:09:18.558+0000] {dag.py:2915} INFO - Sync 1 DAGs
[2026-03-30T18:09:18.578+0000] {logging_mixin.py:151} INFO - [2026-03-30T18:09:18.578+0000] {dag.py:3696} INFO - Setting next_dagrun for etl_empenhos_macapa_v2 to 2026-03-30T00:00:00+00:00, run_after=2026-03-31T00:00:00+00:00
[2026-03-30T18:09:18.594+0000] {processor.py:179} INFO - Processing /opt/airflow/dags/popula_banco.py took 0.326 seconds
[2026-03-30T18:09:48.667+0000] {processor.py:157} INFO - Started process (PID=1057) to work on /opt/airflow/dags/popula_banco.py
[2026-03-30T18:09:48.668+0000] {processor.py:829} INFO - Processing file /opt/airflow/dags/popula_banco.py for tasks to queue
[2026-03-30T18:09:48.669+0000] {logging_mixin.py:151} INFO - [2026-03-30T18:09:48.669+0000] {dagbag.py:539} INFO - Filling up the DagBag from /opt/airflow/dags/popula_banco.py
[2026-03-30T18:09:48.956+0000] {processor.py:839} INFO - DAG(s) dict_keys(['etl_empenhos_macapa_v2']) retrieved from /opt/airflow/dags/popula_banco.py
[2026-03-30T18:09:48.984+0000] {logging_mixin.py:151} INFO - [2026-03-30T18:09:48.983+0000] {dag.py:2915} INFO - Sync 1 DAGs
[2026-03-30T18:09:49.004+0000] {logging_mixin.py:151} INFO - [2026-03-30T18:09:49.003+0000] {dag.py:3696} INFO - Setting next_dagrun for etl_empenhos_macapa_v2 to 2026-03-30T00:00:00+00:00, run_after=2026-03-31T00:00:00+00:00
[2026-03-30T18:09:49.030+0000] {processor.py:179} INFO - Processing /opt/airflow/dags/popula_banco.py took 0.366 seconds
[2026-03-30T18:10:19.072+0000] {processor.py:157} INFO - Started process (PID=1068) to work on /opt/airflow/dags/popula_banco.py
[2026-03-30T18:10:19.073+0000] {processor.py:829} INFO - Processing file /opt/airflow/dags/popula_banco.py for tasks to queue
[2026-03-30T18:10:19.074+0000] {logging_mixin.py:151} INFO - [2026-03-30T18:10:19.074+0000] {dagbag.py:539} INFO - Filling up the DagBag from /opt/airflow/dags/popula_banco.py
[2026-03-30T18:10:19.479+0000] {processor.py:839} INFO - DAG(s) dict_keys(['etl_empenhos_macapa_v2']) retrieved from /opt/airflow/dags/popula_banco.py
[2026-03-30T18:10:19.511+0000] {logging_mixin.py:151} INFO - [2026-03-30T18:10:19.511+0000] {dag.py:2915} INFO - Sync 1 DAGs
[2026-03-30T18:10:19.541+0000] {logging_mixin.py:151} INFO - [2026-03-30T18:10:19.540+0000] {dag.py:3696} INFO - Setting next_dagrun for etl_empenhos_macapa_v2 to 2026-03-30T00:00:00+00:00, run_after=2026-03-31T00:00:00+00:00
[2026-03-30T18:10:19.561+0000] {processor.py:179} INFO - Processing /opt/airflow/dags/popula_banco.py took 0.492 seconds
[2026-03-30T18:10:50.389+0000] {processor.py:157} INFO - Started process (PID=1079) to work on /opt/airflow/dags/popula_banco.py
[2026-03-30T18:10:50.390+0000] {processor.py:829} INFO - Processing file /opt/airflow/dags/popula_banco.py for tasks to queue
[2026-03-30T18:10:50.391+0000] {logging_mixin.py:151} INFO - [2026-03-30T18:10:50.390+0000] {dagbag.py:539} INFO - Filling up the DagBag from /opt/airflow/dags/popula_banco.py
[2026-03-30T18:10:50.671+0000] {processor.py:839} INFO - DAG(s) dict_keys(['etl_empenhos_macapa_v2']) retrieved from /opt/airflow/dags/popula_banco.py
[2026-03-30T18:10:50.697+0000] {logging_mixin.py:151} INFO - [2026-03-30T18:10:50.697+0000] {dag.py:2915} INFO - Sync 1 DAGs
[2026-03-30T18:10:50.718+0000] {logging_mixin.py:151} INFO - [2026-03-30T18:10:50.718+0000] {dag.py:3696} INFO - Setting next_dagrun for etl_empenhos_macapa_v2 to 2026-03-30T00:00:00+00:00, run_after=2026-03-31T00:00:00+00:00
[2026-03-30T18:10:50.735+0000] {processor.py:179} INFO - Processing /opt/airflow/dags/popula_banco.py took 0.350 seconds
[2026-03-30T18:11:20.835+0000] {processor.py:157} INFO - Started process (PID=1090) to work on /opt/airflow/dags/popula_banco.py
[2026-03-30T18:11:20.836+0000] {processor.py:829} INFO - Processing file /opt/airflow/dags/popula_banco.py for tasks to queue
[2026-03-30T18:11:20.837+0000] {logging_mixin.py:151} INFO - [2026-03-30T18:11:20.837+0000] {dagbag.py:539} INFO - Filling up the DagBag from /opt/airflow/dags/popula_banco.py
[2026-03-30T18:11:21.089+0000] {processor.py:839} INFO - DAG(s) dict_keys(['etl_empenhos_macapa_v2']) retrieved from /opt/airflow/dags/popula_banco.py
[2026-03-30T18:11:21.115+0000] {logging_mixin.py:151} INFO - [2026-03-30T18:11:21.115+0000] {dag.py:2915} INFO - Sync 1 DAGs
[2026-03-30T18:11:21.134+0000] {logging_mixin.py:151} INFO - [2026-03-30T18:11:21.134+0000] {dag.py:3696} INFO - Setting next_dagrun for etl_empenhos_macapa_v2 to 2026-03-30T00:00:00+00:00, run_after=2026-03-31T00:00:00+00:00
[2026-03-30T18:11:21.157+0000] {processor.py:179} INFO - Processing /opt/airflow/dags/popula_banco.py took 0.326 seconds
[2026-03-30T18:11:51.218+0000] {processor.py:157} INFO - Started process (PID=1101) to work on /opt/airflow/dags/popula_banco.py
[2026-03-30T18:11:51.219+0000] {processor.py:829} INFO - Processing file /opt/airflow/dags/popula_banco.py for tasks to queue
[2026-03-30T18:11:51.219+0000] {logging_mixin.py:151} INFO - [2026-03-30T18:11:51.219+0000] {dagbag.py:539} INFO - Filling up the DagBag from /opt/airflow/dags/popula_banco.py
[2026-03-30T18:11:51.497+0000] {processor.py:839} INFO - DAG(s) dict_keys(['etl_empenhos_macapa_v2']) retrieved from /opt/airflow/dags/popula_banco.py
[2026-03-30T18:11:51.524+0000] {logging_mixin.py:151} INFO - [2026-03-30T18:11:51.524+0000] {dag.py:2915} INFO - Sync 1 DAGs
[2026-03-30T18:11:51.545+0000] {logging_mixin.py:151} INFO - [2026-03-30T18:11:51.545+0000] {dag.py:3696} INFO - Setting next_dagrun for etl_empenhos_macapa_v2 to 2026-03-30T00:00:00+00:00, run_after=2026-03-31T00:00:00+00:00
[2026-03-30T18:11:51.570+0000] {processor.py:179} INFO - Processing /opt/airflow/dags/popula_banco.py took 0.355 seconds
[2026-03-30T18:12:21.626+0000] {processor.py:157} INFO - Started process (PID=1112) to work on /opt/airflow/dags/popula_banco.py
[2026-03-30T18:12:21.627+0000] {processor.py:829} INFO - Processing file /opt/airflow/dags/popula_banco.py for tasks to queue
[2026-03-30T18:12:21.627+0000] {logging_mixin.py:151} INFO - [2026-03-30T18:12:21.627+0000] {dagbag.py:539} INFO - Filling up the DagBag from /opt/airflow/dags/popula_banco.py
[2026-03-30T18:12:21.882+0000] {processor.py:839} INFO - DAG(s) dict_keys(['etl_empenhos_macapa_v2']) retrieved from /opt/airflow/dags/popula_banco.py
[2026-03-30T18:12:21.909+0000] {logging_mixin.py:151} INFO - [2026-03-30T18:12:21.908+0000] {dag.py:2915} INFO - Sync 1 DAGs
[2026-03-30T18:12:21.928+0000] {logging_mixin.py:151} INFO - [2026-03-30T18:12:21.928+0000] {dag.py:3696} INFO - Setting next_dagrun for etl_empenhos_macapa_v2 to 2026-03-30T00:00:00+00:00, run_after=2026-03-31T00:00:00+00:00
[2026-03-30T18:12:21.943+0000] {processor.py:179} INFO - Processing /opt/airflow/dags/popula_banco.py took 0.320 seconds
[2026-03-30T18:12:52.012+0000] {processor.py:157} INFO - Started process (PID=1123) to work on /opt/airflow/dags/popula_banco.py
[2026-03-30T18:12:52.013+0000] {processor.py:829} INFO - Processing file /opt/airflow/dags/popula_banco.py for tasks to queue
[2026-03-30T18:12:52.014+0000] {logging_mixin.py:151} INFO - [2026-03-30T18:12:52.014+0000] {dagbag.py:539} INFO - Filling up the DagBag from /opt/airflow/dags/popula_banco.py
[2026-03-30T18:12:52.278+0000] {processor.py:839} INFO - DAG(s) dict_keys(['etl_empenhos_macapa_v2']) retrieved from /opt/airflow/dags/popula_banco.py
[2026-03-30T18:12:52.307+0000] {logging_mixin.py:151} INFO - [2026-03-30T18:12:52.306+0000] {dag.py:2915} INFO - Sync 1 DAGs
[2026-03-30T18:12:52.328+0000] {logging_mixin.py:151} INFO - [2026-03-30T18:12:52.327+0000] {dag.py:3696} INFO - Setting next_dagrun for etl_empenhos_macapa_v2 to 2026-03-30T00:00:00+00:00, run_after=2026-03-31T00:00:00+00:00
[2026-03-30T18:12:52.344+0000] {processor.py:179} INFO - Processing /opt/airflow/dags/popula_banco.py took 0.335 seconds
[2026-03-30T18:13:22.390+0000] {processor.py:157} INFO - Started process (PID=1134) to work on /opt/airflow/dags/popula_banco.py
[2026-03-30T18:13:22.391+0000] {processor.py:829} INFO - Processing file /opt/airflow/dags/popula_banco.py for tasks to queue
[2026-03-30T18:13:22.392+0000] {logging_mixin.py:151} INFO - [2026-03-30T18:13:22.391+0000] {dagbag.py:539} INFO - Filling up the DagBag from /opt/airflow/dags/popula_banco.py
[2026-03-30T18:13:22.650+0000] {processor.py:839} INFO - DAG(s) dict_keys(['etl_empenhos_macapa_v2']) retrieved from /opt/airflow/dags/popula_banco.py
[2026-03-30T18:13:22.677+0000] {logging_mixin.py:151} INFO - [2026-03-30T18:13:22.677+0000] {dag.py:2915} INFO - Sync 1 DAGs
[2026-03-30T18:13:22.696+0000] {logging_mixin.py:151} INFO - [2026-03-30T18:13:22.696+0000] {dag.py:3696} INFO - Setting next_dagrun for etl_empenhos_macapa_v2 to 2026-03-30T00:00:00+00:00, run_after=2026-03-31T00:00:00+00:00
[2026-03-30T18:13:22.711+0000] {processor.py:179} INFO - Processing /opt/airflow/dags/popula_banco.py took 0.324 seconds
[2026-03-30T18:13:52.820+0000] {processor.py:157} INFO - Started process (PID=1145) to work on /opt/airflow/dags/popula_banco.py
[2026-03-30T18:13:52.821+0000] {processor.py:829} INFO - Processing file /opt/airflow/dags/popula_banco.py for tasks to queue
[2026-03-30T18:13:52.822+0000] {logging_mixin.py:151} INFO - [2026-03-30T18:13:52.821+0000] {dagbag.py:539} INFO - Filling up the DagBag from /opt/airflow/dags/popula_banco.py
[2026-03-30T18:13:53.130+0000] {processor.py:839} INFO - DAG(s) dict_keys(['etl_empenhos_macapa_v2']) retrieved from /opt/airflow/dags/popula_banco.py
[2026-03-30T18:13:53.170+0000] {logging_mixin.py:151} INFO - [2026-03-30T18:13:53.170+0000] {dag.py:2915} INFO - Sync 1 DAGs
[2026-03-30T18:13:53.199+0000] {logging_mixin.py:151} INFO - [2026-03-30T18:13:53.198+0000] {dag.py:3696} INFO - Setting next_dagrun for etl_empenhos_macapa_v2 to 2026-03-30T00:00:00+00:00, run_after=2026-03-31T00:00:00+00:00
[2026-03-30T18:13:53.225+0000] {processor.py:179} INFO - Processing /opt/airflow/dags/popula_banco.py took 0.408 seconds
[2026-03-30T18:14:24.131+0000] {processor.py:157} INFO - Started process (PID=1156) to work on /opt/airflow/dags/popula_banco.py
[2026-03-30T18:14:24.132+0000] {processor.py:829} INFO - Processing file /opt/airflow/dags/popula_banco.py for tasks to queue
[2026-03-30T18:14:24.133+0000] {logging_mixin.py:151} INFO - [2026-03-30T18:14:24.132+0000] {dagbag.py:539} INFO - Filling up the DagBag from /opt/airflow/dags/popula_banco.py
[2026-03-30T18:14:24.435+0000] {processor.py:839} INFO - DAG(s) dict_keys(['etl_empenhos_macapa_v2']) retrieved from /opt/airflow/dags/popula_banco.py
[2026-03-30T18:14:24.461+0000] {logging_mixin.py:151} INFO - [2026-03-30T18:14:24.460+0000] {dag.py:2915} INFO - Sync 1 DAGs
[2026-03-30T18:14:24.482+0000] {logging_mixin.py:151} INFO - [2026-03-30T18:14:24.482+0000] {dag.py:3696} INFO - Setting next_dagrun for etl_empenhos_macapa_v2 to 2026-03-30T00:00:00+00:00, run_after=2026-03-31T00:00:00+00:00
[2026-03-30T18:14:24.497+0000] {processor.py:179} INFO - Processing /opt/airflow/dags/popula_banco.py took 0.369 seconds
[2026-03-30T18:14:54.540+0000] {processor.py:157} INFO - Started process (PID=1167) to work on /opt/airflow/dags/popula_banco.py
[2026-03-30T18:14:54.541+0000] {processor.py:829} INFO - Processing file /opt/airflow/dags/popula_banco.py for tasks to queue
[2026-03-30T18:14:54.542+0000] {logging_mixin.py:151} INFO - [2026-03-30T18:14:54.542+0000] {dagbag.py:539} INFO - Filling up the DagBag from /opt/airflow/dags/popula_banco.py
[2026-03-30T18:14:54.838+0000] {processor.py:839} INFO - DAG(s) dict_keys(['etl_empenhos_macapa_v2']) retrieved from /opt/airflow/dags/popula_banco.py
[2026-03-30T18:14:54.868+0000] {logging_mixin.py:151} INFO - [2026-03-30T18:14:54.867+0000] {dag.py:2915} INFO - Sync 1 DAGs
[2026-03-30T18:14:54.892+0000] {logging_mixin.py:151} INFO - [2026-03-30T18:14:54.892+0000] {dag.py:3696} INFO - Setting next_dagrun for etl_empenhos_macapa_v2 to 2026-03-30T00:00:00+00:00, run_after=2026-03-31T00:00:00+00:00
[2026-03-30T18:14:54.908+0000] {processor.py:179} INFO - Processing /opt/airflow/dags/popula_banco.py took 0.371 seconds
[2026-03-30T18:15:25.027+0000] {processor.py:157} INFO - Started process (PID=1178) to work on /opt/airflow/dags/popula_banco.py
[2026-03-30T18:15:25.028+0000] {processor.py:829} INFO - Processing file /opt/airflow/dags/popula_banco.py for tasks to queue
[2026-03-30T18:15:25.029+0000] {logging_mixin.py:151} INFO - [2026-03-30T18:15:25.029+0000] {dagbag.py:539} INFO - Filling up the DagBag from /opt/airflow/dags/popula_banco.py
[2026-03-30T18:15:25.318+0000] {processor.py:839} INFO - DAG(s) dict_keys(['etl_empenhos_macapa_v2']) retrieved from /opt/airflow/dags/popula_banco.py
[2026-03-30T18:15:25.351+0000] {logging_mixin.py:151} INFO - [2026-03-30T18:15:25.350+0000] {dag.py:2915} INFO - Sync 1 DAGs
[2026-03-30T18:15:25.377+0000] {logging_mixin.py:151} INFO - [2026-03-30T18:15:25.376+0000] {dag.py:3696} INFO - Setting next_dagrun for etl_empenhos_macapa_v2 to 2026-03-30T00:00:00+00:00, run_after=2026-03-31T00:00:00+00:00
[2026-03-30T18:15:25.394+0000] {processor.py:179} INFO - Processing /opt/airflow/dags/popula_banco.py took 0.370 seconds
[2026-03-30T18:15:55.451+0000] {processor.py:157} INFO - Started process (PID=1195) to work on /opt/airflow/dags/popula_banco.py
[2026-03-30T18:15:55.452+0000] {processor.py:829} INFO - Processing file /opt/airflow/dags/popula_banco.py for tasks to queue
[2026-03-30T18:15:55.452+0000] {logging_mixin.py:151} INFO - [2026-03-30T18:15:55.452+0000] {dagbag.py:539} INFO - Filling up the DagBag from /opt/airflow/dags/popula_banco.py
[2026-03-30T18:15:55.715+0000] {processor.py:839} INFO - DAG(s) dict_keys(['etl_empenhos_macapa_v2']) retrieved from /opt/airflow/dags/popula_banco.py
[2026-03-30T18:15:55.740+0000] {logging_mixin.py:151} INFO - [2026-03-30T18:15:55.739+0000] {dag.py:2915} INFO - Sync 1 DAGs
[2026-03-30T18:15:55.763+0000] {logging_mixin.py:151} INFO - [2026-03-30T18:15:55.762+0000] {dag.py:3696} INFO - Setting next_dagrun for etl_empenhos_macapa_v2 to 2026-03-30T00:00:00+00:00, run_after=2026-03-31T00:00:00+00:00
[2026-03-30T18:15:55.789+0000] {processor.py:179} INFO - Processing /opt/airflow/dags/popula_banco.py took 0.341 seconds
[2026-03-30T18:16:25.845+0000] {processor.py:157} INFO - Started process (PID=1206) to work on /opt/airflow/dags/popula_banco.py
[2026-03-30T18:16:25.846+0000] {processor.py:829} INFO - Processing file /opt/airflow/dags/popula_banco.py for tasks to queue
[2026-03-30T18:16:25.847+0000] {logging_mixin.py:151} INFO - [2026-03-30T18:16:25.847+0000] {dagbag.py:539} INFO - Filling up the DagBag from /opt/airflow/dags/popula_banco.py
[2026-03-30T18:16:26.133+0000] {processor.py:839} INFO - DAG(s) dict_keys(['etl_empenhos_macapa_v2']) retrieved from /opt/airflow/dags/popula_banco.py
[2026-03-30T18:16:26.159+0000] {logging_mixin.py:151} INFO - [2026-03-30T18:16:26.158+0000] {dag.py:2915} INFO - Sync 1 DAGs
[2026-03-30T18:16:26.181+0000] {logging_mixin.py:151} INFO - [2026-03-30T18:16:26.181+0000] {dag.py:3696} INFO - Setting next_dagrun for etl_empenhos_macapa_v2 to 2026-03-30T00:00:00+00:00, run_after=2026-03-31T00:00:00+00:00
[2026-03-30T18:16:26.196+0000] {processor.py:179} INFO - Processing /opt/airflow/dags/popula_banco.py took 0.354 seconds
[2026-03-30T18:16:56.289+0000] {processor.py:157} INFO - Started process (PID=1217) to work on /opt/airflow/dags/popula_banco.py
[2026-03-30T18:16:56.290+0000] {processor.py:829} INFO - Processing file /opt/airflow/dags/popula_banco.py for tasks to queue
[2026-03-30T18:16:56.290+0000] {logging_mixin.py:151} INFO - [2026-03-30T18:16:56.290+0000] {dagbag.py:539} INFO - Filling up the DagBag from /opt/airflow/dags/popula_banco.py
[2026-03-30T18:16:56.549+0000] {processor.py:839} INFO - DAG(s) dict_keys(['etl_empenhos_macapa_v2']) retrieved from /opt/airflow/dags/popula_banco.py
[2026-03-30T18:16:56.576+0000] {logging_mixin.py:151} INFO - [2026-03-30T18:16:56.576+0000] {dag.py:2915} INFO - Sync 1 DAGs
[2026-03-30T18:16:56.599+0000] {logging_mixin.py:151} INFO - [2026-03-30T18:16:56.599+0000] {dag.py:3696} INFO - Setting next_dagrun for etl_empenhos_macapa_v2 to 2026-03-30T00:00:00+00:00, run_after=2026-03-31T00:00:00+00:00
[2026-03-30T18:16:56.617+0000] {processor.py:179} INFO - Processing /opt/airflow/dags/popula_banco.py took 0.331 seconds
[2026-03-30T18:17:26.685+0000] {processor.py:157} INFO - Started process (PID=1228) to work on /opt/airflow/dags/popula_banco.py
[2026-03-30T18:17:26.686+0000] {processor.py:829} INFO - Processing file /opt/airflow/dags/popula_banco.py for tasks to queue
[2026-03-30T18:17:26.686+0000] {logging_mixin.py:151} INFO - [2026-03-30T18:17:26.686+0000] {dagbag.py:539} INFO - Filling up the DagBag from /opt/airflow/dags/popula_banco.py
[2026-03-30T18:17:26.959+0000] {processor.py:839} INFO - DAG(s) dict_keys(['etl_empenhos_macapa_v2']) retrieved from /opt/airflow/dags/popula_banco.py
[2026-03-30T18:17:26.986+0000] {logging_mixin.py:151} INFO - [2026-03-30T18:17:26.986+0000] {dag.py:2915} INFO - Sync 1 DAGs
[2026-03-30T18:17:27.007+0000] {logging_mixin.py:151} INFO - [2026-03-30T18:17:27.007+0000] {dag.py:3696} INFO - Setting next_dagrun for etl_empenhos_macapa_v2 to 2026-03-30T00:00:00+00:00, run_after=2026-03-31T00:00:00+00:00
[2026-03-30T18:17:27.035+0000] {processor.py:179} INFO - Processing /opt/airflow/dags/popula_banco.py took 0.353 seconds
[2026-03-30T18:17:57.085+0000] {processor.py:157} INFO - Started process (PID=1259) to work on /opt/airflow/dags/popula_banco.py
[2026-03-30T18:17:57.086+0000] {processor.py:829} INFO - Processing file /opt/airflow/dags/popula_banco.py for tasks to queue
[2026-03-30T18:17:57.087+0000] {logging_mixin.py:151} INFO - [2026-03-30T18:17:57.087+0000] {dagbag.py:539} INFO - Filling up the DagBag from /opt/airflow/dags/popula_banco.py
[2026-03-30T18:17:57.549+0000] {processor.py:839} INFO - DAG(s) dict_keys(['etl_empenhos_macapa_v2']) retrieved from /opt/airflow/dags/popula_banco.py
[2026-03-30T18:17:57.587+0000] {logging_mixin.py:151} INFO - [2026-03-30T18:17:57.586+0000] {dag.py:2915} INFO - Sync 1 DAGs
[2026-03-30T18:17:57.620+0000] {logging_mixin.py:151} INFO - [2026-03-30T18:17:57.620+0000] {dag.py:3696} INFO - Setting next_dagrun for etl_empenhos_macapa_v2 to 2026-03-30T00:00:00+00:00, run_after=2026-03-31T00:00:00+00:00
[2026-03-30T18:17:57.650+0000] {processor.py:179} INFO - Processing /opt/airflow/dags/popula_banco.py took 0.568 seconds
[2026-03-30T18:18:16.329+0000] {processor.py:157} INFO - Started process (PID=1270) to work on /opt/airflow/dags/popula_banco.py
[2026-03-30T18:18:16.330+0000] {processor.py:829} INFO - Processing file /opt/airflow/dags/popula_banco.py for tasks to queue
[2026-03-30T18:18:16.331+0000] {logging_mixin.py:151} INFO - [2026-03-30T18:18:16.331+0000] {dagbag.py:539} INFO - Filling up the DagBag from /opt/airflow/dags/popula_banco.py
[2026-03-30T18:18:16.623+0000] {processor.py:839} INFO - DAG(s) dict_keys(['etl_empenhos_v3']) retrieved from /opt/airflow/dags/popula_banco.py
[2026-03-30T18:18:16.720+0000] {logging_mixin.py:151} INFO - [2026-03-30T18:18:16.720+0000] {manager.py:499} INFO - Created Permission View: %s
[2026-03-30T18:18:16.729+0000] {logging_mixin.py:151} INFO - [2026-03-30T18:18:16.729+0000] {manager.py:499} INFO - Created Permission View: %s
[2026-03-30T18:18:16.735+0000] {logging_mixin.py:151} INFO - [2026-03-30T18:18:16.735+0000] {manager.py:499} INFO - Created Permission View: %s
[2026-03-30T18:18:16.736+0000] {logging_mixin.py:151} INFO - [2026-03-30T18:18:16.735+0000] {security.py:708} INFO - Not syncing DAG-level permissions for DAG 'DAG:etl_empenhos_v3' as access control is unset.
[2026-03-30T18:18:16.736+0000] {logging_mixin.py:151} INFO - [2026-03-30T18:18:16.736+0000] {dag.py:2915} INFO - Sync 1 DAGs
[2026-03-30T18:18:16.747+0000] {logging_mixin.py:151} INFO - [2026-03-30T18:18:16.747+0000] {dag.py:2937} INFO - Creating ORM DAG for etl_empenhos_v3
[2026-03-30T18:18:16.756+0000] {logging_mixin.py:151} INFO - [2026-03-30T18:18:16.756+0000] {dag.py:3696} INFO - Setting next_dagrun for etl_empenhos_v3 to 2026-03-29T00:00:00+00:00, run_after=2026-03-30T00:00:00+00:00
[2026-03-30T18:18:16.774+0000] {processor.py:179} INFO - Processing /opt/airflow/dags/popula_banco.py took 0.447 seconds
[2026-03-30T18:18:46.837+0000] {processor.py:157} INFO - Started process (PID=1287) to work on /opt/airflow/dags/popula_banco.py
[2026-03-30T18:18:46.838+0000] {processor.py:829} INFO - Processing file /opt/airflow/dags/popula_banco.py for tasks to queue
[2026-03-30T18:18:46.839+0000] {logging_mixin.py:151} INFO - [2026-03-30T18:18:46.839+0000] {dagbag.py:539} INFO - Filling up the DagBag from /opt/airflow/dags/popula_banco.py
[2026-03-30T18:18:47.149+0000] {processor.py:839} INFO - DAG(s) dict_keys(['etl_empenhos_v3']) retrieved from /opt/airflow/dags/popula_banco.py
[2026-03-30T18:18:47.178+0000] {logging_mixin.py:151} INFO - [2026-03-30T18:18:47.177+0000] {dag.py:2915} INFO - Sync 1 DAGs
[2026-03-30T18:18:47.200+0000] {logging_mixin.py:151} INFO - [2026-03-30T18:18:47.200+0000] {dag.py:3696} INFO - Setting next_dagrun for etl_empenhos_v3 to 2026-03-30T00:00:00+00:00, run_after=2026-03-31T00:00:00+00:00
[2026-03-30T18:18:47.218+0000] {processor.py:179} INFO - Processing /opt/airflow/dags/popula_banco.py took 0.385 seconds
[2026-03-30T18:19:18.145+0000] {processor.py:157} INFO - Started process (PID=1298) to work on /opt/airflow/dags/popula_banco.py
[2026-03-30T18:19:18.146+0000] {processor.py:829} INFO - Processing file /opt/airflow/dags/popula_banco.py for tasks to queue
[2026-03-30T18:19:18.147+0000] {logging_mixin.py:151} INFO - [2026-03-30T18:19:18.146+0000] {dagbag.py:539} INFO - Filling up the DagBag from /opt/airflow/dags/popula_banco.py
[2026-03-30T18:19:18.412+0000] {processor.py:839} INFO - DAG(s) dict_keys(['etl_empenhos_v3']) retrieved from /opt/airflow/dags/popula_banco.py
[2026-03-30T18:19:18.437+0000] {logging_mixin.py:151} INFO - [2026-03-30T18:19:18.437+0000] {dag.py:2915} INFO - Sync 1 DAGs
[2026-03-30T18:19:18.457+0000] {logging_mixin.py:151} INFO - [2026-03-30T18:19:18.457+0000] {dag.py:3696} INFO - Setting next_dagrun for etl_empenhos_v3 to 2026-03-30T00:00:00+00:00, run_after=2026-03-31T00:00:00+00:00
[2026-03-30T18:19:18.474+0000] {processor.py:179} INFO - Processing /opt/airflow/dags/popula_banco.py took 0.332 seconds
[2026-03-30T18:19:48.556+0000] {processor.py:157} INFO - Started process (PID=1309) to work on /opt/airflow/dags/popula_banco.py
[2026-03-30T18:19:48.557+0000] {processor.py:829} INFO - Processing file /opt/airflow/dags/popula_banco.py for tasks to queue
[2026-03-30T18:19:48.557+0000] {logging_mixin.py:151} INFO - [2026-03-30T18:19:48.557+0000] {dagbag.py:539} INFO - Filling up the DagBag from /opt/airflow/dags/popula_banco.py
[2026-03-30T18:19:48.824+0000] {processor.py:839} INFO - DAG(s) dict_keys(['etl_empenhos_v3']) retrieved from /opt/airflow/dags/popula_banco.py
[2026-03-30T18:19:48.853+0000] {logging_mixin.py:151} INFO - [2026-03-30T18:19:48.853+0000] {dag.py:2915} INFO - Sync 1 DAGs
[2026-03-30T18:19:48.877+0000] {logging_mixin.py:151} INFO - [2026-03-30T18:19:48.877+0000] {dag.py:3696} INFO - Setting next_dagrun for etl_empenhos_v3 to 2026-03-30T00:00:00+00:00, run_after=2026-03-31T00:00:00+00:00
[2026-03-30T18:19:48.901+0000] {processor.py:179} INFO - Processing /opt/airflow/dags/popula_banco.py took 0.348 seconds
[2026-03-30T18:20:18.962+0000] {processor.py:157} INFO - Started process (PID=1320) to work on /opt/airflow/dags/popula_banco.py
[2026-03-30T18:20:18.963+0000] {processor.py:829} INFO - Processing file /opt/airflow/dags/popula_banco.py for tasks to queue
[2026-03-30T18:20:18.964+0000] {logging_mixin.py:151} INFO - [2026-03-30T18:20:18.964+0000] {dagbag.py:539} INFO - Filling up the DagBag from /opt/airflow/dags/popula_banco.py
[2026-03-30T18:20:19.242+0000] {processor.py:839} INFO - DAG(s) dict_keys(['etl_empenhos_v3']) retrieved from /opt/airflow/dags/popula_banco.py
[2026-03-30T18:20:19.270+0000] {logging_mixin.py:151} INFO - [2026-03-30T18:20:19.270+0000] {dag.py:2915} INFO - Sync 1 DAGs
[2026-03-30T18:20:19.292+0000] {logging_mixin.py:151} INFO - [2026-03-30T18:20:19.292+0000] {dag.py:3696} INFO - Setting next_dagrun for etl_empenhos_v3 to 2026-03-30T00:00:00+00:00, run_after=2026-03-31T00:00:00+00:00
[2026-03-30T18:20:19.322+0000] {processor.py:179} INFO - Processing /opt/airflow/dags/popula_banco.py took 0.362 seconds
[2026-03-30T18:20:49.362+0000] {processor.py:157} INFO - Started process (PID=1331) to work on /opt/airflow/dags/popula_banco.py
[2026-03-30T18:20:49.363+0000] {processor.py:829} INFO - Processing file /opt/airflow/dags/popula_banco.py for tasks to queue
[2026-03-30T18:20:49.363+0000] {logging_mixin.py:151} INFO - [2026-03-30T18:20:49.363+0000] {dagbag.py:539} INFO - Filling up the DagBag from /opt/airflow/dags/popula_banco.py
[2026-03-30T18:20:49.618+0000] {processor.py:839} INFO - DAG(s) dict_keys(['etl_empenhos_v3']) retrieved from /opt/airflow/dags/popula_banco.py
[2026-03-30T18:20:49.643+0000] {logging_mixin.py:151} INFO - [2026-03-30T18:20:49.642+0000] {dag.py:2915} INFO - Sync 1 DAGs
[2026-03-30T18:20:49.663+0000] {logging_mixin.py:151} INFO - [2026-03-30T18:20:49.662+0000] {dag.py:3696} INFO - Setting next_dagrun for etl_empenhos_v3 to 2026-03-30T00:00:00+00:00, run_after=2026-03-31T00:00:00+00:00
[2026-03-30T18:20:49.678+0000] {processor.py:179} INFO - Processing /opt/airflow/dags/popula_banco.py took 0.319 seconds
[2026-03-30T18:21:19.765+0000] {processor.py:157} INFO - Started process (PID=1342) to work on /opt/airflow/dags/popula_banco.py
[2026-03-30T18:21:19.765+0000] {processor.py:829} INFO - Processing file /opt/airflow/dags/popula_banco.py for tasks to queue
[2026-03-30T18:21:19.766+0000] {logging_mixin.py:151} INFO - [2026-03-30T18:21:19.766+0000] {dagbag.py:539} INFO - Filling up the DagBag from /opt/airflow/dags/popula_banco.py
[2026-03-30T18:21:20.044+0000] {processor.py:839} INFO - DAG(s) dict_keys(['etl_empenhos_v3']) retrieved from /opt/airflow/dags/popula_banco.py
[2026-03-30T18:21:20.071+0000] {logging_mixin.py:151} INFO - [2026-03-30T18:21:20.071+0000] {dag.py:2915} INFO - Sync 1 DAGs
[2026-03-30T18:21:20.092+0000] {logging_mixin.py:151} INFO - [2026-03-30T18:21:20.092+0000] {dag.py:3696} INFO - Setting next_dagrun for etl_empenhos_v3 to 2026-03-30T00:00:00+00:00, run_after=2026-03-31T00:00:00+00:00
[2026-03-30T18:21:20.108+0000] {processor.py:179} INFO - Processing /opt/airflow/dags/popula_banco.py took 0.347 seconds
[2026-03-30T18:21:50.172+0000] {processor.py:157} INFO - Started process (PID=1353) to work on /opt/airflow/dags/popula_banco.py
[2026-03-30T18:21:50.173+0000] {processor.py:829} INFO - Processing file /opt/airflow/dags/popula_banco.py for tasks to queue
[2026-03-30T18:21:50.174+0000] {logging_mixin.py:151} INFO - [2026-03-30T18:21:50.174+0000] {dagbag.py:539} INFO - Filling up the DagBag from /opt/airflow/dags/popula_banco.py
[2026-03-30T18:21:50.435+0000] {processor.py:839} INFO - DAG(s) dict_keys(['etl_empenhos_v3']) retrieved from /opt/airflow/dags/popula_banco.py
[2026-03-30T18:21:50.460+0000] {logging_mixin.py:151} INFO - [2026-03-30T18:21:50.459+0000] {dag.py:2915} INFO - Sync 1 DAGs
[2026-03-30T18:21:50.478+0000] {logging_mixin.py:151} INFO - [2026-03-30T18:21:50.478+0000] {dag.py:3696} INFO - Setting next_dagrun for etl_empenhos_v3 to 2026-03-30T00:00:00+00:00, run_after=2026-03-31T00:00:00+00:00
[2026-03-30T18:21:50.495+0000] {processor.py:179} INFO - Processing /opt/airflow/dags/popula_banco.py took 0.325 seconds
[2026-03-30T18:22:20.614+0000] {processor.py:157} INFO - Started process (PID=1364) to work on /opt/airflow/dags/popula_banco.py
[2026-03-30T18:22:20.615+0000] {processor.py:829} INFO - Processing file /opt/airflow/dags/popula_banco.py for tasks to queue
[2026-03-30T18:22:20.616+0000] {logging_mixin.py:151} INFO - [2026-03-30T18:22:20.616+0000] {dagbag.py:539} INFO - Filling up the DagBag from /opt/airflow/dags/popula_banco.py
[2026-03-30T18:22:20.887+0000] {processor.py:839} INFO - DAG(s) dict_keys(['etl_empenhos_v3']) retrieved from /opt/airflow/dags/popula_banco.py
[2026-03-30T18:22:20.912+0000] {logging_mixin.py:151} INFO - [2026-03-30T18:22:20.912+0000] {dag.py:2915} INFO - Sync 1 DAGs
[2026-03-30T18:22:20.934+0000] {logging_mixin.py:151} INFO - [2026-03-30T18:22:20.934+0000] {dag.py:3696} INFO - Setting next_dagrun for etl_empenhos_v3 to 2026-03-30T00:00:00+00:00, run_after=2026-03-31T00:00:00+00:00
[2026-03-30T18:22:20.958+0000] {processor.py:179} INFO - Processing /opt/airflow/dags/popula_banco.py took 0.346 seconds
[2026-03-30T18:22:51.089+0000] {processor.py:157} INFO - Started process (PID=1375) to work on /opt/airflow/dags/popula_banco.py
[2026-03-30T18:22:51.089+0000] {processor.py:829} INFO - Processing file /opt/airflow/dags/popula_banco.py for tasks to queue
[2026-03-30T18:22:51.090+0000] {logging_mixin.py:151} INFO - [2026-03-30T18:22:51.090+0000] {dagbag.py:539} INFO - Filling up the DagBag from /opt/airflow/dags/popula_banco.py
[2026-03-30T18:22:51.386+0000] {processor.py:839} INFO - DAG(s) dict_keys(['etl_empenhos_v3']) retrieved from /opt/airflow/dags/popula_banco.py
[2026-03-30T18:22:51.416+0000] {logging_mixin.py:151} INFO - [2026-03-30T18:22:51.416+0000] {dag.py:2915} INFO - Sync 1 DAGs
[2026-03-30T18:22:51.438+0000] {logging_mixin.py:151} INFO - [2026-03-30T18:22:51.438+0000] {dag.py:3696} INFO - Setting next_dagrun for etl_empenhos_v3 to 2026-03-30T00:00:00+00:00, run_after=2026-03-31T00:00:00+00:00
[2026-03-30T18:22:51.463+0000] {processor.py:179} INFO - Processing /opt/airflow/dags/popula_banco.py took 0.377 seconds
[2026-03-30T18:22:53.111+0000] {processor.py:157} INFO - Started process (PID=1381) to work on /opt/airflow/dags/popula_banco.py
[2026-03-30T18:22:53.112+0000] {processor.py:829} INFO - Processing file /opt/airflow/dags/popula_banco.py for tasks to queue
[2026-03-30T18:22:53.113+0000] {logging_mixin.py:151} INFO - [2026-03-30T18:22:53.113+0000] {dagbag.py:539} INFO - Filling up the DagBag from /opt/airflow/dags/popula_banco.py
[2026-03-30T18:22:53.426+0000] {processor.py:839} INFO - DAG(s) dict_keys(['etl_empenhos_v4']) retrieved from /opt/airflow/dags/popula_banco.py
[2026-03-30T18:22:53.528+0000] {logging_mixin.py:151} INFO - [2026-03-30T18:22:53.528+0000] {manager.py:499} INFO - Created Permission View: %s
[2026-03-30T18:22:53.538+0000] {logging_mixin.py:151} INFO - [2026-03-30T18:22:53.538+0000] {manager.py:499} INFO - Created Permission View: %s
[2026-03-30T18:22:53.545+0000] {logging_mixin.py:151} INFO - [2026-03-30T18:22:53.545+0000] {manager.py:499} INFO - Created Permission View: %s
[2026-03-30T18:22:53.546+0000] {logging_mixin.py:151} INFO - [2026-03-30T18:22:53.546+0000] {security.py:708} INFO - Not syncing DAG-level permissions for DAG 'DAG:etl_empenhos_v4' as access control is unset.
[2026-03-30T18:22:53.547+0000] {logging_mixin.py:151} INFO - [2026-03-30T18:22:53.547+0000] {dag.py:2915} INFO - Sync 1 DAGs
[2026-03-30T18:22:53.558+0000] {logging_mixin.py:151} INFO - [2026-03-30T18:22:53.557+0000] {dag.py:2937} INFO - Creating ORM DAG for etl_empenhos_v4
[2026-03-30T18:22:53.568+0000] {logging_mixin.py:151} INFO - [2026-03-30T18:22:53.568+0000] {dag.py:3696} INFO - Setting next_dagrun for etl_empenhos_v4 to 2026-03-29T00:00:00+00:00, run_after=2026-03-30T00:00:00+00:00
[2026-03-30T18:22:53.589+0000] {processor.py:179} INFO - Processing /opt/airflow/dags/popula_banco.py took 0.481 seconds
[2026-03-30T18:23:23.900+0000] {processor.py:157} INFO - Started process (PID=1401) to work on /opt/airflow/dags/popula_banco.py
[2026-03-30T18:23:23.901+0000] {processor.py:829} INFO - Processing file /opt/airflow/dags/popula_banco.py for tasks to queue
[2026-03-30T18:23:23.902+0000] {logging_mixin.py:151} INFO - [2026-03-30T18:23:23.901+0000] {dagbag.py:539} INFO - Filling up the DagBag from /opt/airflow/dags/popula_banco.py
[2026-03-30T18:23:24.185+0000] {processor.py:839} INFO - DAG(s) dict_keys(['etl_empenhos_v4']) retrieved from /opt/airflow/dags/popula_banco.py
[2026-03-30T18:23:24.213+0000] {logging_mixin.py:151} INFO - [2026-03-30T18:23:24.213+0000] {dag.py:2915} INFO - Sync 1 DAGs
[2026-03-30T18:23:24.234+0000] {logging_mixin.py:151} INFO - [2026-03-30T18:23:24.234+0000] {dag.py:3696} INFO - Setting next_dagrun for etl_empenhos_v4 to 2026-03-30T00:00:00+00:00, run_after=2026-03-31T00:00:00+00:00
[2026-03-30T18:23:24.264+0000] {processor.py:179} INFO - Processing /opt/airflow/dags/popula_banco.py took 0.367 seconds
[2026-03-30T18:23:54.327+0000] {processor.py:157} INFO - Started process (PID=1412) to work on /opt/airflow/dags/popula_banco.py
[2026-03-30T18:23:54.328+0000] {processor.py:829} INFO - Processing file /opt/airflow/dags/popula_banco.py for tasks to queue
[2026-03-30T18:23:54.329+0000] {logging_mixin.py:151} INFO - [2026-03-30T18:23:54.329+0000] {dagbag.py:539} INFO - Filling up the DagBag from /opt/airflow/dags/popula_banco.py
[2026-03-30T18:23:54.694+0000] {processor.py:839} INFO - DAG(s) dict_keys(['etl_empenhos_v4']) retrieved from /opt/airflow/dags/popula_banco.py
[2026-03-30T18:23:54.725+0000] {logging_mixin.py:151} INFO - [2026-03-30T18:23:54.724+0000] {dag.py:2915} INFO - Sync 1 DAGs
[2026-03-30T18:23:54.749+0000] {logging_mixin.py:151} INFO - [2026-03-30T18:23:54.749+0000] {dag.py:3696} INFO - Setting next_dagrun for etl_empenhos_v4 to 2026-03-30T00:00:00+00:00, run_after=2026-03-31T00:00:00+00:00
[2026-03-30T18:23:54.771+0000] {processor.py:179} INFO - Processing /opt/airflow/dags/popula_banco.py took 0.447 seconds
[2026-03-30T18:24:25.628+0000] {processor.py:157} INFO - Started process (PID=1423) to work on /opt/airflow/dags/popula_banco.py
[2026-03-30T18:24:25.629+0000] {processor.py:829} INFO - Processing file /opt/airflow/dags/popula_banco.py for tasks to queue
[2026-03-30T18:24:25.630+0000] {logging_mixin.py:151} INFO - [2026-03-30T18:24:25.630+0000] {dagbag.py:539} INFO - Filling up the DagBag from /opt/airflow/dags/popula_banco.py
[2026-03-30T18:24:25.917+0000] {processor.py:839} INFO - DAG(s) dict_keys(['etl_empenhos_v4']) retrieved from /opt/airflow/dags/popula_banco.py
[2026-03-30T18:24:25.942+0000] {logging_mixin.py:151} INFO - [2026-03-30T18:24:25.942+0000] {dag.py:2915} INFO - Sync 1 DAGs
[2026-03-30T18:24:25.964+0000] {logging_mixin.py:151} INFO - [2026-03-30T18:24:25.964+0000] {dag.py:3696} INFO - Setting next_dagrun for etl_empenhos_v4 to 2026-03-30T00:00:00+00:00, run_after=2026-03-31T00:00:00+00:00
[2026-03-30T18:24:25.989+0000] {processor.py:179} INFO - Processing /opt/airflow/dags/popula_banco.py took 0.364 seconds
[2026-03-30T18:24:56.112+0000] {processor.py:157} INFO - Started process (PID=1434) to work on /opt/airflow/dags/popula_banco.py
[2026-03-30T18:24:56.113+0000] {processor.py:829} INFO - Processing file /opt/airflow/dags/popula_banco.py for tasks to queue
[2026-03-30T18:24:56.114+0000] {logging_mixin.py:151} INFO - [2026-03-30T18:24:56.113+0000] {dagbag.py:539} INFO - Filling up the DagBag from /opt/airflow/dags/popula_banco.py
[2026-03-30T18:24:56.397+0000] {processor.py:839} INFO - DAG(s) dict_keys(['etl_empenhos_v4']) retrieved from /opt/airflow/dags/popula_banco.py
[2026-03-30T18:24:56.427+0000] {logging_mixin.py:151} INFO - [2026-03-30T18:24:56.426+0000] {dag.py:2915} INFO - Sync 1 DAGs
[2026-03-30T18:24:56.448+0000] {logging_mixin.py:151} INFO - [2026-03-30T18:24:56.447+0000] {dag.py:3696} INFO - Setting next_dagrun for etl_empenhos_v4 to 2026-03-30T00:00:00+00:00, run_after=2026-03-31T00:00:00+00:00
[2026-03-30T18:24:56.465+0000] {processor.py:179} INFO - Processing /opt/airflow/dags/popula_banco.py took 0.356 seconds
[2026-03-30T18:25:26.510+0000] {processor.py:157} INFO - Started process (PID=1445) to work on /opt/airflow/dags/popula_banco.py
[2026-03-30T18:25:26.511+0000] {processor.py:829} INFO - Processing file /opt/airflow/dags/popula_banco.py for tasks to queue
[2026-03-30T18:25:26.512+0000] {logging_mixin.py:151} INFO - [2026-03-30T18:25:26.512+0000] {dagbag.py:539} INFO - Filling up the DagBag from /opt/airflow/dags/popula_banco.py
[2026-03-30T18:25:26.849+0000] {processor.py:839} INFO - DAG(s) dict_keys(['etl_empenhos_v4']) retrieved from /opt/airflow/dags/popula_banco.py
[2026-03-30T18:25:26.887+0000] {logging_mixin.py:151} INFO - [2026-03-30T18:25:26.886+0000] {dag.py:2915} INFO - Sync 1 DAGs
[2026-03-30T18:25:26.910+0000] {logging_mixin.py:151} INFO - [2026-03-30T18:25:26.910+0000] {dag.py:3696} INFO - Setting next_dagrun for etl_empenhos_v4 to 2026-03-30T00:00:00+00:00, run_after=2026-03-31T00:00:00+00:00
[2026-03-30T18:25:26.930+0000] {processor.py:179} INFO - Processing /opt/airflow/dags/popula_banco.py took 0.423 seconds
[2026-03-30T18:25:57.811+0000] {processor.py:157} INFO - Started process (PID=1456) to work on /opt/airflow/dags/popula_banco.py
[2026-03-30T18:25:57.812+0000] {processor.py:829} INFO - Processing file /opt/airflow/dags/popula_banco.py for tasks to queue
[2026-03-30T18:25:57.813+0000] {logging_mixin.py:151} INFO - [2026-03-30T18:25:57.813+0000] {dagbag.py:539} INFO - Filling up the DagBag from /opt/airflow/dags/popula_banco.py
[2026-03-30T18:25:58.066+0000] {processor.py:839} INFO - DAG(s) dict_keys(['etl_empenhos_v4']) retrieved from /opt/airflow/dags/popula_banco.py
[2026-03-30T18:25:58.091+0000] {logging_mixin.py:151} INFO - [2026-03-30T18:25:58.091+0000] {dag.py:2915} INFO - Sync 1 DAGs
[2026-03-30T18:25:58.110+0000] {logging_mixin.py:151} INFO - [2026-03-30T18:25:58.110+0000] {dag.py:3696} INFO - Setting next_dagrun for etl_empenhos_v4 to 2026-03-30T00:00:00+00:00, run_after=2026-03-31T00:00:00+00:00
[2026-03-30T18:25:58.125+0000] {processor.py:179} INFO - Processing /opt/airflow/dags/popula_banco.py took 0.317 seconds
[2026-03-30T18:26:28.212+0000] {processor.py:157} INFO - Started process (PID=1467) to work on /opt/airflow/dags/popula_banco.py
[2026-03-30T18:26:28.213+0000] {processor.py:829} INFO - Processing file /opt/airflow/dags/popula_banco.py for tasks to queue
[2026-03-30T18:26:28.214+0000] {logging_mixin.py:151} INFO - [2026-03-30T18:26:28.214+0000] {dagbag.py:539} INFO - Filling up the DagBag from /opt/airflow/dags/popula_banco.py
[2026-03-30T18:26:28.467+0000] {processor.py:839} INFO - DAG(s) dict_keys(['etl_empenhos_v4']) retrieved from /opt/airflow/dags/popula_banco.py
[2026-03-30T18:26:28.491+0000] {logging_mixin.py:151} INFO - [2026-03-30T18:26:28.490+0000] {dag.py:2915} INFO - Sync 1 DAGs
[2026-03-30T18:26:28.510+0000] {logging_mixin.py:151} INFO - [2026-03-30T18:26:28.510+0000] {dag.py:3696} INFO - Setting next_dagrun for etl_empenhos_v4 to 2026-03-30T00:00:00+00:00, run_after=2026-03-31T00:00:00+00:00
[2026-03-30T18:26:28.533+0000] {processor.py:179} INFO - Processing /opt/airflow/dags/popula_banco.py took 0.324 seconds
[2026-03-30T18:26:58.616+0000] {processor.py:157} INFO - Started process (PID=1478) to work on /opt/airflow/dags/popula_banco.py
[2026-03-30T18:26:58.617+0000] {processor.py:829} INFO - Processing file /opt/airflow/dags/popula_banco.py for tasks to queue
[2026-03-30T18:26:58.618+0000] {logging_mixin.py:151} INFO - [2026-03-30T18:26:58.618+0000] {dagbag.py:539} INFO - Filling up the DagBag from /opt/airflow/dags/popula_banco.py
[2026-03-30T18:26:58.896+0000] {processor.py:839} INFO - DAG(s) dict_keys(['etl_empenhos_v4']) retrieved from /opt/airflow/dags/popula_banco.py
[2026-03-30T18:26:58.925+0000] {logging_mixin.py:151} INFO - [2026-03-30T18:26:58.925+0000] {dag.py:2915} INFO - Sync 1 DAGs
[2026-03-30T18:26:58.946+0000] {logging_mixin.py:151} INFO - [2026-03-30T18:26:58.946+0000] {dag.py:3696} INFO - Setting next_dagrun for etl_empenhos_v4 to 2026-03-30T00:00:00+00:00, run_after=2026-03-31T00:00:00+00:00
[2026-03-30T18:26:58.961+0000] {processor.py:179} INFO - Processing /opt/airflow/dags/popula_banco.py took 0.348 seconds
[2026-03-30T18:27:29.016+0000] {processor.py:157} INFO - Started process (PID=1489) to work on /opt/airflow/dags/popula_banco.py
[2026-03-30T18:27:29.017+0000] {processor.py:829} INFO - Processing file /opt/airflow/dags/popula_banco.py for tasks to queue
[2026-03-30T18:27:29.018+0000] {logging_mixin.py:151} INFO - [2026-03-30T18:27:29.018+0000] {dagbag.py:539} INFO - Filling up the DagBag from /opt/airflow/dags/popula_banco.py
[2026-03-30T18:27:29.287+0000] {processor.py:839} INFO - DAG(s) dict_keys(['etl_empenhos_v4']) retrieved from /opt/airflow/dags/popula_banco.py
[2026-03-30T18:27:29.312+0000] {logging_mixin.py:151} INFO - [2026-03-30T18:27:29.312+0000] {dag.py:2915} INFO - Sync 1 DAGs
[2026-03-30T18:27:29.333+0000] {logging_mixin.py:151} INFO - [2026-03-30T18:27:29.333+0000] {dag.py:3696} INFO - Setting next_dagrun for etl_empenhos_v4 to 2026-03-30T00:00:00+00:00, run_after=2026-03-31T00:00:00+00:00
[2026-03-30T18:27:29.349+0000] {processor.py:179} INFO - Processing /opt/airflow/dags/popula_banco.py took 0.336 seconds
[2026-03-30T18:27:59.399+0000] {processor.py:157} INFO - Started process (PID=1500) to work on /opt/airflow/dags/popula_banco.py
[2026-03-30T18:27:59.400+0000] {processor.py:829} INFO - Processing file /opt/airflow/dags/popula_banco.py for tasks to queue
[2026-03-30T18:27:59.400+0000] {logging_mixin.py:151} INFO - [2026-03-30T18:27:59.400+0000] {dagbag.py:539} INFO - Filling up the DagBag from /opt/airflow/dags/popula_banco.py
[2026-03-30T18:27:59.694+0000] {processor.py:839} INFO - DAG(s) dict_keys(['etl_empenhos_v4']) retrieved from /opt/airflow/dags/popula_banco.py
[2026-03-30T18:27:59.725+0000] {logging_mixin.py:151} INFO - [2026-03-30T18:27:59.725+0000] {dag.py:2915} INFO - Sync 1 DAGs
[2026-03-30T18:27:59.748+0000] {logging_mixin.py:151} INFO - [2026-03-30T18:27:59.748+0000] {dag.py:3696} INFO - Setting next_dagrun for etl_empenhos_v4 to 2026-03-30T00:00:00+00:00, run_after=2026-03-31T00:00:00+00:00
[2026-03-30T18:27:59.767+0000] {processor.py:179} INFO - Processing /opt/airflow/dags/popula_banco.py took 0.371 seconds
[2026-03-30T18:28:29.891+0000] {processor.py:157} INFO - Started process (PID=1511) to work on /opt/airflow/dags/popula_banco.py
[2026-03-30T18:28:29.892+0000] {processor.py:829} INFO - Processing file /opt/airflow/dags/popula_banco.py for tasks to queue
[2026-03-30T18:28:29.892+0000] {logging_mixin.py:151} INFO - [2026-03-30T18:28:29.892+0000] {dagbag.py:539} INFO - Filling up the DagBag from /opt/airflow/dags/popula_banco.py
[2026-03-30T18:28:30.209+0000] {processor.py:839} INFO - DAG(s) dict_keys(['etl_empenhos_v4']) retrieved from /opt/airflow/dags/popula_banco.py
[2026-03-30T18:28:30.241+0000] {logging_mixin.py:151} INFO - [2026-03-30T18:28:30.241+0000] {dag.py:2915} INFO - Sync 1 DAGs
[2026-03-30T18:28:30.270+0000] {logging_mixin.py:151} INFO - [2026-03-30T18:28:30.270+0000] {dag.py:3696} INFO - Setting next_dagrun for etl_empenhos_v4 to 2026-03-30T00:00:00+00:00, run_after=2026-03-31T00:00:00+00:00
[2026-03-30T18:28:30.292+0000] {processor.py:179} INFO - Processing /opt/airflow/dags/popula_banco.py took 0.404 seconds
[2026-03-30T18:29:01.183+0000] {processor.py:157} INFO - Started process (PID=1522) to work on /opt/airflow/dags/popula_banco.py
[2026-03-30T18:29:01.184+0000] {processor.py:829} INFO - Processing file /opt/airflow/dags/popula_banco.py for tasks to queue
[2026-03-30T18:29:01.185+0000] {logging_mixin.py:151} INFO - [2026-03-30T18:29:01.185+0000] {dagbag.py:539} INFO - Filling up the DagBag from /opt/airflow/dags/popula_banco.py
[2026-03-30T18:29:01.463+0000] {processor.py:839} INFO - DAG(s) dict_keys(['etl_empenhos_v4']) retrieved from /opt/airflow/dags/popula_banco.py
[2026-03-30T18:29:01.490+0000] {logging_mixin.py:151} INFO - [2026-03-30T18:29:01.489+0000] {dag.py:2915} INFO - Sync 1 DAGs
[2026-03-30T18:29:01.511+0000] {logging_mixin.py:151} INFO - [2026-03-30T18:29:01.511+0000] {dag.py:3696} INFO - Setting next_dagrun for etl_empenhos_v4 to 2026-03-30T00:00:00+00:00, run_after=2026-03-31T00:00:00+00:00
[2026-03-30T18:29:01.527+0000] {processor.py:179} INFO - Processing /opt/airflow/dags/popula_banco.py took 0.347 seconds
[2026-03-30T18:29:31.579+0000] {processor.py:157} INFO - Started process (PID=1533) to work on /opt/airflow/dags/popula_banco.py
[2026-03-30T18:29:31.580+0000] {processor.py:829} INFO - Processing file /opt/airflow/dags/popula_banco.py for tasks to queue
[2026-03-30T18:29:31.581+0000] {logging_mixin.py:151} INFO - [2026-03-30T18:29:31.581+0000] {dagbag.py:539} INFO - Filling up the DagBag from /opt/airflow/dags/popula_banco.py
[2026-03-30T18:29:31.843+0000] {processor.py:839} INFO - DAG(s) dict_keys(['etl_empenhos_v4']) retrieved from /opt/airflow/dags/popula_banco.py
[2026-03-30T18:29:31.868+0000] {logging_mixin.py:151} INFO - [2026-03-30T18:29:31.868+0000] {dag.py:2915} INFO - Sync 1 DAGs
[2026-03-30T18:29:31.888+0000] {logging_mixin.py:151} INFO - [2026-03-30T18:29:31.888+0000] {dag.py:3696} INFO - Setting next_dagrun for etl_empenhos_v4 to 2026-03-30T00:00:00+00:00, run_after=2026-03-31T00:00:00+00:00
[2026-03-30T18:29:31.912+0000] {processor.py:179} INFO - Processing /opt/airflow/dags/popula_banco.py took 0.335 seconds
